19:34:12.043 INFO  manager.TestNgMyListener - onStart(ISuite suite)
19:34:22.385 INFO  manager.ApplicationManager - The link is-->https://contacts-app.tobbymarshall815.vercel.app/home
19:34:22.516 INFO  tests.TestBase - Start test --->addNewContactSuccess
19:34:22.520 INFO  manager.MyListener - 'Start find' element ---> By.xpath: //*[text()='Sign Out']
19:34:27.574 INFO  manager.MyListener - The element with locator ---> By.xpath: //*[text()='Sign Out'] <--- was found
19:34:27.576 INFO  manager.MyListener - 'Start find' element ---> By.cssSelector: [href='/login']
19:34:27.628 INFO  manager.MyListener - The element with locator ---> By.cssSelector: [href='/login'] <--- was found
19:34:27.877 INFO  manager.MyListener - 'Start find' element ---> By.xpath: //input[1]
19:34:27.909 INFO  manager.MyListener - The element with locator ---> By.xpath: //input[1] <--- was found
19:34:28.108 INFO  manager.MyListener - 'Start find' element ---> By.xpath: //input[2]
19:34:28.135 INFO  manager.MyListener - The element with locator ---> By.xpath: //input[2] <--- was found
19:34:28.390 INFO  manager.MyListener - 'Start find' element ---> By.xpath: //*[text()=' Login']
19:34:28.452 INFO  manager.MyListener - The element with locator ---> By.xpath: //*[text()=' Login'] <--- was found
19:34:28.583 INFO  manager.TestNgMyListener - onTestStartnull
19:34:28.609 INFO  manager.MyListener - 'Start find' element ---> By.cssSelector: [href='/add']
19:34:29.132 INFO  manager.MyListener - The element with locator ---> By.cssSelector: [href='/add'] <--- was found
19:34:29.329 INFO  manager.MyListener - 'Start find' element ---> By.cssSelector: [placeholder='Name']
19:34:29.379 INFO  manager.MyListener - The element with locator ---> By.cssSelector: [placeholder='Name'] <--- was found
19:34:29.825 INFO  manager.MyListener - 'Start find' element ---> By.cssSelector: [placeholder='Last Name']
19:34:29.855 INFO  manager.MyListener - The element with locator ---> By.cssSelector: [placeholder='Last Name'] <--- was found
19:34:30.029 INFO  manager.MyListener - 'Start find' element ---> By.cssSelector: [placeholder='Phone']
19:34:30.061 INFO  manager.MyListener - The element with locator ---> By.cssSelector: [placeholder='Phone'] <--- was found
19:34:30.226 INFO  manager.MyListener - 'Start find' element ---> By.cssSelector: [placeholder='email']
19:34:30.250 INFO  manager.MyListener - The element with locator ---> By.cssSelector: [placeholder='email'] <--- was found
19:34:30.444 INFO  manager.MyListener - 'Start find' element ---> By.cssSelector: [placeholder='Address']
19:34:30.499 INFO  manager.MyListener - The element with locator ---> By.cssSelector: [placeholder='Address'] <--- was found
19:34:30.818 INFO  manager.MyListener - 'Start find' element ---> By.cssSelector: [placeholder='description']
19:34:30.870 INFO  manager.MyListener - The element with locator ---> By.cssSelector: [placeholder='description'] <--- was found
19:34:31.263 INFO  manager.MyListener - 'Start find' element ---> By.cssSelector: .add_form__2rsm2 button
19:34:31.297 INFO  manager.MyListener - The element with locator ---> By.cssSelector: .add_form__2rsm2 button <--- was found
19:34:36.452 INFO  manager.MyListener - We have a 'throwable' -- >element not interactable
  (Session info: chrome=100.0.4896.127)
Build info: version: '3.141.59', revision: 'e82be7d358', time: '2018-11-14T08:17:03'
System info: host: 'LAPTOP-VKFDTO5N', ip: '192.168.178.45', os.name: 'Windows 10', os.arch: 'amd64', os.version: '10.0', java.version: '11.0.14'
Driver info: org.openqa.selenium.chrome.ChromeDriver
Capabilities {acceptInsecureCerts: false, browserName: chrome, browserVersion: 100.0.4896.127, chrome: {chromedriverVersion: 100.0.4896.60 (6a5d10861ce8..., userDataDir: C:\Users\RODGER~1\AppData\L...}, goog:chromeOptions: {debuggerAddress: localhost:52644}, javascriptEnabled: true, networkConnectionEnabled: false, pageLoadStrategy: normal, platform: WINDOWS, platformName: WINDOWS, proxy: Proxy(), setWindowRect: true, strictFileInteractability: false, timeouts: {implicit: 0, pageLoad: 300000, script: 30000}, unhandledPromptBehavior: dismiss and notify, webauthn:extension:credBlob: true, webauthn:extension:largeBlob: true, webauthn:virtualAuthenticators: true}
Session ID: eb7cc27b63747c4360a8302bd9fdcdce
19:34:36.455 INFO  manager.MyListener - We have a 'fill In StackTrace' -- >org.openqa.selenium.ElementNotInteractableException: element not interactable
  (Session info: chrome=100.0.4896.127)
Build info: version: '3.141.59', revision: 'e82be7d358', time: '2018-11-14T08:17:03'
System info: host: 'LAPTOP-VKFDTO5N', ip: '192.168.178.45', os.name: 'Windows 10', os.arch: 'amd64', os.version: '10.0', java.version: '11.0.14'
Driver info: org.openqa.selenium.chrome.ChromeDriver
Capabilities {acceptInsecureCerts: false, browserName: chrome, browserVersion: 100.0.4896.127, chrome: {chromedriverVersion: 100.0.4896.60 (6a5d10861ce8..., userDataDir: C:\Users\RODGER~1\AppData\L...}, goog:chromeOptions: {debuggerAddress: localhost:52644}, javascriptEnabled: true, networkConnectionEnabled: false, pageLoadStrategy: normal, platform: WINDOWS, platformName: WINDOWS, proxy: Proxy(), setWindowRect: true, strictFileInteractability: false, timeouts: {implicit: 0, pageLoad: 300000, script: 30000}, unhandledPromptBehavior: dismiss and notify, webauthn:extension:credBlob: true, webauthn:extension:largeBlob: true, webauthn:virtualAuthenticators: true}
Session ID: eb7cc27b63747c4360a8302bd9fdcdce
19:34:39.722 INFO  manager.MyListener - This is the link to screen with problem -->src/test/screenshots/screen-2076.png
19:34:39.729 INFO  manager.TestNgMyListener - onTestFailure
19:34:39.770 INFO  tests.TestBase - Start test --->addNewContactSuccessDataProviderCSV
19:34:39.773 INFO  manager.MyListener - 'Start find' element ---> By.xpath: //*[text()='Sign Out']
19:34:39.851 INFO  manager.MyListener - The element with locator ---> By.xpath: //*[text()='Sign Out'] <--- was found
19:34:39.854 INFO  manager.TestNgMyListener - onTestStartnull
19:34:39.902 INFO  manager.MyListener - 'Start find' element ---> By.cssSelector: [href='/add']
19:34:39.927 INFO  manager.MyListener - The element with locator ---> By.cssSelector: [href='/add'] <--- was found
19:34:40.004 INFO  manager.MyListener - 'Start find' element ---> By.cssSelector: [placeholder='Name']
19:34:40.037 INFO  manager.MyListener - The element with locator ---> By.cssSelector: [placeholder='Name'] <--- was found
19:34:40.291 INFO  manager.MyListener - 'Start find' element ---> By.cssSelector: [placeholder='Last Name']
19:34:40.322 INFO  manager.MyListener - The element with locator ---> By.cssSelector: [placeholder='Last Name'] <--- was found
19:34:40.660 INFO  manager.MyListener - 'Start find' element ---> By.cssSelector: [placeholder='Phone']
19:34:40.697 INFO  manager.MyListener - The element with locator ---> By.cssSelector: [placeholder='Phone'] <--- was found
19:34:41.089 INFO  manager.MyListener - 'Start find' element ---> By.cssSelector: [placeholder='email']
19:34:41.118 INFO  manager.MyListener - The element with locator ---> By.cssSelector: [placeholder='email'] <--- was found
19:34:41.308 INFO  manager.MyListener - 'Start find' element ---> By.cssSelector: [placeholder='Address']
19:34:41.337 INFO  manager.MyListener - The element with locator ---> By.cssSelector: [placeholder='Address'] <--- was found
19:34:41.538 INFO  manager.MyListener - 'Start find' element ---> By.cssSelector: [placeholder='description']
19:34:41.568 INFO  manager.MyListener - The element with locator ---> By.cssSelector: [placeholder='description'] <--- was found
19:34:41.834 INFO  manager.MyListener - 'Start find' element ---> By.cssSelector: .add_form__2rsm2 button
19:34:41.875 INFO  manager.MyListener - The element with locator ---> By.cssSelector: .add_form__2rsm2 button <--- was found
19:34:46.992 INFO  manager.MyListener - We have a 'throwable' -- >element not interactable
  (Session info: chrome=100.0.4896.127)
Build info: version: '3.141.59', revision: 'e82be7d358', time: '2018-11-14T08:17:03'
System info: host: 'LAPTOP-VKFDTO5N', ip: '192.168.178.45', os.name: 'Windows 10', os.arch: 'amd64', os.version: '10.0', java.version: '11.0.14'
Driver info: org.openqa.selenium.chrome.ChromeDriver
Capabilities {acceptInsecureCerts: false, browserName: chrome, browserVersion: 100.0.4896.127, chrome: {chromedriverVersion: 100.0.4896.60 (6a5d10861ce8..., userDataDir: C:\Users\RODGER~1\AppData\L...}, goog:chromeOptions: {debuggerAddress: localhost:52644}, javascriptEnabled: true, networkConnectionEnabled: false, pageLoadStrategy: normal, platform: WINDOWS, platformName: WINDOWS, proxy: Proxy(), setWindowRect: true, strictFileInteractability: false, timeouts: {implicit: 0, pageLoad: 300000, script: 30000}, unhandledPromptBehavior: dismiss and notify, webauthn:extension:credBlob: true, webauthn:extension:largeBlob: true, webauthn:virtualAuthenticators: true}
Session ID: eb7cc27b63747c4360a8302bd9fdcdce
19:34:46.993 INFO  manager.MyListener - We have a 'fill In StackTrace' -- >org.openqa.selenium.ElementNotInteractableException: element not interactable
  (Session info: chrome=100.0.4896.127)
Build info: version: '3.141.59', revision: 'e82be7d358', time: '2018-11-14T08:17:03'
System info: host: 'LAPTOP-VKFDTO5N', ip: '192.168.178.45', os.name: 'Windows 10', os.arch: 'amd64', os.version: '10.0', java.version: '11.0.14'
Driver info: org.openqa.selenium.chrome.ChromeDriver
Capabilities {acceptInsecureCerts: false, browserName: chrome, browserVersion: 100.0.4896.127, chrome: {chromedriverVersion: 100.0.4896.60 (6a5d10861ce8..., userDataDir: C:\Users\RODGER~1\AppData\L...}, goog:chromeOptions: {debuggerAddress: localhost:52644}, javascriptEnabled: true, networkConnectionEnabled: false, pageLoadStrategy: normal, platform: WINDOWS, platformName: WINDOWS, proxy: Proxy(), setWindowRect: true, strictFileInteractability: false, timeouts: {implicit: 0, pageLoad: 300000, script: 30000}, unhandledPromptBehavior: dismiss and notify, webauthn:extension:credBlob: true, webauthn:extension:largeBlob: true, webauthn:virtualAuthenticators: true}
Session ID: eb7cc27b63747c4360a8302bd9fdcdce
19:34:48.902 INFO  manager.MyListener - This is the link to screen with problem -->src/test/screenshots/screen-2086.png
19:34:48.904 INFO  manager.TestNgMyListener - onTestFailure
19:34:48.905 INFO  tests.TestBase - Start test --->addNewContactSuccessDataProviderCSV
19:34:48.906 INFO  manager.MyListener - 'Start find' element ---> By.xpath: //*[text()='Sign Out']
19:34:48.932 INFO  manager.MyListener - The element with locator ---> By.xpath: //*[text()='Sign Out'] <--- was found
19:34:48.933 INFO  manager.TestNgMyListener - onTestStartnull
19:34:48.933 INFO  manager.MyListener - 'Start find' element ---> By.cssSelector: [href='/add']
19:34:48.945 INFO  manager.MyListener - The element with locator ---> By.cssSelector: [href='/add'] <--- was found
19:34:49.002 INFO  manager.MyListener - 'Start find' element ---> By.cssSelector: [placeholder='Name']
19:34:49.029 INFO  manager.MyListener - The element with locator ---> By.cssSelector: [placeholder='Name'] <--- was found
19:34:49.242 INFO  manager.MyListener - 'Start find' element ---> By.cssSelector: [placeholder='Last Name']
19:34:49.260 INFO  manager.MyListener - The element with locator ---> By.cssSelector: [placeholder='Last Name'] <--- was found
19:34:49.467 INFO  manager.MyListener - 'Start find' element ---> By.cssSelector: [placeholder='Phone']
19:34:49.503 INFO  manager.MyListener - The element with locator ---> By.cssSelector: [placeholder='Phone'] <--- was found
19:34:49.788 INFO  manager.MyListener - 'Start find' element ---> By.cssSelector: [placeholder='email']
19:34:49.829 INFO  manager.MyListener - The element with locator ---> By.cssSelector: [placeholder='email'] <--- was found
19:34:50.132 INFO  manager.MyListener - 'Start find' element ---> By.cssSelector: [placeholder='Address']
19:34:50.156 INFO  manager.MyListener - The element with locator ---> By.cssSelector: [placeholder='Address'] <--- was found
19:34:50.444 INFO  manager.MyListener - 'Start find' element ---> By.cssSelector: [placeholder='description']
19:34:50.484 INFO  manager.MyListener - The element with locator ---> By.cssSelector: [placeholder='description'] <--- was found
19:34:50.691 INFO  manager.MyListener - 'Start find' element ---> By.cssSelector: .add_form__2rsm2 button
19:34:50.715 INFO  manager.MyListener - The element with locator ---> By.cssSelector: .add_form__2rsm2 button <--- was found
19:34:55.862 INFO  manager.MyListener - We have a 'throwable' -- >element not interactable
  (Session info: chrome=100.0.4896.127)
Build info: version: '3.141.59', revision: 'e82be7d358', time: '2018-11-14T08:17:03'
System info: host: 'LAPTOP-VKFDTO5N', ip: '192.168.178.45', os.name: 'Windows 10', os.arch: 'amd64', os.version: '10.0', java.version: '11.0.14'
Driver info: org.openqa.selenium.chrome.ChromeDriver
Capabilities {acceptInsecureCerts: false, browserName: chrome, browserVersion: 100.0.4896.127, chrome: {chromedriverVersion: 100.0.4896.60 (6a5d10861ce8..., userDataDir: C:\Users\RODGER~1\AppData\L...}, goog:chromeOptions: {debuggerAddress: localhost:52644}, javascriptEnabled: true, networkConnectionEnabled: false, pageLoadStrategy: normal, platform: WINDOWS, platformName: WINDOWS, proxy: Proxy(), setWindowRect: true, strictFileInteractability: false, timeouts: {implicit: 0, pageLoad: 300000, script: 30000}, unhandledPromptBehavior: dismiss and notify, webauthn:extension:credBlob: true, webauthn:extension:largeBlob: true, webauthn:virtualAuthenticators: true}
Session ID: eb7cc27b63747c4360a8302bd9fdcdce
19:34:55.863 INFO  manager.MyListener - We have a 'fill In StackTrace' -- >org.openqa.selenium.ElementNotInteractableException: element not interactable
  (Session info: chrome=100.0.4896.127)
Build info: version: '3.141.59', revision: 'e82be7d358', time: '2018-11-14T08:17:03'
System info: host: 'LAPTOP-VKFDTO5N', ip: '192.168.178.45', os.name: 'Windows 10', os.arch: 'amd64', os.version: '10.0', java.version: '11.0.14'
Driver info: org.openqa.selenium.chrome.ChromeDriver
Capabilities {acceptInsecureCerts: false, browserName: chrome, browserVersion: 100.0.4896.127, chrome: {chromedriverVersion: 100.0.4896.60 (6a5d10861ce8..., userDataDir: C:\Users\RODGER~1\AppData\L...}, goog:chromeOptions: {debuggerAddress: localhost:52644}, javascriptEnabled: true, networkConnectionEnabled: false, pageLoadStrategy: normal, platform: WINDOWS, platformName: WINDOWS, proxy: Proxy(), setWindowRect: true, strictFileInteractability: false, timeouts: {implicit: 0, pageLoad: 300000, script: 30000}, unhandledPromptBehavior: dismiss and notify, webauthn:extension:credBlob: true, webauthn:extension:largeBlob: true, webauthn:virtualAuthenticators: true}
Session ID: eb7cc27b63747c4360a8302bd9fdcdce
19:34:56.916 INFO  manager.MyListener - This is the link to screen with problem -->src/test/screenshots/screen-2095.png
19:34:56.917 INFO  manager.TestNgMyListener - onTestFailure
19:34:56.924 INFO  tests.TestBase - Start test --->loginModelDataProvider
19:34:56.926 INFO  manager.MyListener - 'Start find' element ---> By.xpath: //*[text()='Sign Out']
19:34:56.959 INFO  manager.MyListener - The element with locator ---> By.xpath: //*[text()='Sign Out'] <--- was found
19:34:56.960 INFO  manager.MyListener - 'Start find' element ---> By.xpath: //*[text()='Sign Out']
19:34:57.003 INFO  manager.MyListener - The element with locator ---> By.xpath: //*[text()='Sign Out'] <--- was found
19:34:57.105 INFO  manager.TestNgMyListener - onTestStartnull
19:34:57.125 INFO  manager.MyListener - 'Start find' element ---> By.cssSelector: [href='/login']
19:34:57.162 INFO  manager.MyListener - The element with locator ---> By.cssSelector: [href='/login'] <--- was found
19:34:57.233 INFO  manager.MyListener - 'Start find' element ---> By.xpath: //input[1]
19:34:57.264 INFO  manager.MyListener - The element with locator ---> By.xpath: //input[1] <--- was found
19:34:57.444 INFO  manager.MyListener - 'Start find' element ---> By.xpath: //input[2]
19:34:57.467 INFO  manager.MyListener - The element with locator ---> By.xpath: //input[2] <--- was found
19:34:57.758 INFO  manager.MyListener - 'Start find' element ---> By.xpath: //*[text()=' Login']
19:34:57.799 INFO  manager.MyListener - The element with locator ---> By.xpath: //*[text()=' Login'] <--- was found
19:34:57.914 INFO  manager.MyListener - 'Start find' element ---> By.xpath: //*[text()='Sign Out']
19:34:58.214 INFO  manager.MyListener - The element with locator ---> By.xpath: //*[text()='Sign Out'] <--- was found
19:34:58.225 INFO  tests.TestBase - Start test --->loginModelDataProvider
19:34:58.227 INFO  manager.MyListener - 'Start find' element ---> By.xpath: //*[text()='Sign Out']
19:34:58.262 INFO  manager.MyListener - The element with locator ---> By.xpath: //*[text()='Sign Out'] <--- was found
19:34:58.264 INFO  manager.MyListener - 'Start find' element ---> By.xpath: //*[text()='Sign Out']
19:34:58.291 INFO  manager.MyListener - The element with locator ---> By.xpath: //*[text()='Sign Out'] <--- was found
19:34:58.434 INFO  manager.TestNgMyListener - onTestStartnull
19:34:58.435 INFO  manager.MyListener - 'Start find' element ---> By.cssSelector: [href='/login']
19:34:58.466 INFO  manager.MyListener - The element with locator ---> By.cssSelector: [href='/login'] <--- was found
19:34:58.581 INFO  manager.MyListener - 'Start find' element ---> By.xpath: //input[1]
19:34:58.617 INFO  manager.MyListener - The element with locator ---> By.xpath: //input[1] <--- was found
19:34:58.979 INFO  manager.MyListener - 'Start find' element ---> By.xpath: //input[2]
19:34:58.994 INFO  manager.MyListener - The element with locator ---> By.xpath: //input[2] <--- was found
19:34:59.168 INFO  manager.MyListener - 'Start find' element ---> By.xpath: //*[text()=' Login']
19:34:59.184 INFO  manager.MyListener - The element with locator ---> By.xpath: //*[text()=' Login'] <--- was found
19:34:59.260 INFO  manager.MyListener - 'Start find' element ---> By.xpath: //*[text()='Sign Out']
19:34:59.342 INFO  manager.MyListener - The element with locator ---> By.xpath: //*[text()='Sign Out'] <--- was found
19:34:59.345 INFO  tests.TestBase - Start test --->loginModelDataProvider
19:34:59.347 INFO  manager.MyListener - 'Start find' element ---> By.xpath: //*[text()='Sign Out']
19:34:59.379 INFO  manager.MyListener - The element with locator ---> By.xpath: //*[text()='Sign Out'] <--- was found
19:34:59.380 INFO  manager.MyListener - 'Start find' element ---> By.xpath: //*[text()='Sign Out']
19:34:59.422 INFO  manager.MyListener - The element with locator ---> By.xpath: //*[text()='Sign Out'] <--- was found
19:34:59.559 INFO  manager.TestNgMyListener - onTestStartnull
19:34:59.562 INFO  manager.MyListener - 'Start find' element ---> By.cssSelector: [href='/login']
19:34:59.599 INFO  manager.MyListener - The element with locator ---> By.cssSelector: [href='/login'] <--- was found
19:34:59.722 INFO  manager.MyListener - 'Start find' element ---> By.xpath: //input[1]
19:34:59.758 INFO  manager.MyListener - The element with locator ---> By.xpath: //input[1] <--- was found
19:35:00.129 INFO  manager.MyListener - 'Start find' element ---> By.xpath: //input[2]
19:35:00.164 INFO  manager.MyListener - The element with locator ---> By.xpath: //input[2] <--- was found
19:35:00.500 INFO  manager.MyListener - 'Start find' element ---> By.xpath: //*[text()=' Login']
19:35:00.521 INFO  manager.MyListener - The element with locator ---> By.xpath: //*[text()=' Login'] <--- was found
19:35:00.601 INFO  manager.MyListener - 'Start find' element ---> By.xpath: //*[text()='Sign Out']
19:35:00.742 INFO  manager.MyListener - The element with locator ---> By.xpath: //*[text()='Sign Out'] <--- was found
19:35:00.746 INFO  tests.TestBase - Start test --->loginModelDataProvider
19:35:00.748 INFO  manager.MyListener - 'Start find' element ---> By.xpath: //*[text()='Sign Out']
19:35:00.780 INFO  manager.MyListener - The element with locator ---> By.xpath: //*[text()='Sign Out'] <--- was found
19:35:00.781 INFO  manager.MyListener - 'Start find' element ---> By.xpath: //*[text()='Sign Out']
19:35:00.812 INFO  manager.MyListener - The element with locator ---> By.xpath: //*[text()='Sign Out'] <--- was found
19:35:00.948 INFO  manager.TestNgMyListener - onTestStartnull
19:35:00.949 INFO  manager.MyListener - 'Start find' element ---> By.cssSelector: [href='/login']
19:35:00.990 INFO  manager.MyListener - The element with locator ---> By.cssSelector: [href='/login'] <--- was found
19:35:01.124 INFO  manager.MyListener - 'Start find' element ---> By.xpath: //input[1]
19:35:01.163 INFO  manager.MyListener - The element with locator ---> By.xpath: //input[1] <--- was found
19:35:01.580 INFO  manager.MyListener - 'Start find' element ---> By.xpath: //input[2]
19:35:01.607 INFO  manager.MyListener - The element with locator ---> By.xpath: //input[2] <--- was found
19:35:01.900 INFO  manager.MyListener - 'Start find' element ---> By.xpath: //*[text()=' Login']
19:35:01.921 INFO  manager.MyListener - The element with locator ---> By.xpath: //*[text()=' Login'] <--- was found
19:35:01.984 INFO  manager.MyListener - 'Start find' element ---> By.xpath: //*[text()='Sign Out']
19:35:02.091 INFO  manager.MyListener - The element with locator ---> By.xpath: //*[text()='Sign Out'] <--- was found
19:35:02.104 INFO  tests.TestBase - Start test --->loginModelDataProviderCSV
19:35:02.108 INFO  manager.MyListener - 'Start find' element ---> By.xpath: //*[text()='Sign Out']
19:35:02.173 INFO  manager.MyListener - The element with locator ---> By.xpath: //*[text()='Sign Out'] <--- was found
19:35:02.174 INFO  manager.MyListener - 'Start find' element ---> By.xpath: //*[text()='Sign Out']
19:35:02.214 INFO  manager.MyListener - The element with locator ---> By.xpath: //*[text()='Sign Out'] <--- was found
19:35:02.339 INFO  manager.TestNgMyListener - onTestStartnull
19:35:02.340 INFO  manager.MyListener - 'Start find' element ---> By.cssSelector: [href='/login']
19:35:02.384 INFO  manager.MyListener - The element with locator ---> By.cssSelector: [href='/login'] <--- was found
19:35:02.512 INFO  manager.MyListener - 'Start find' element ---> By.xpath: //input[1]
19:35:02.554 INFO  manager.MyListener - The element with locator ---> By.xpath: //input[1] <--- was found
19:35:02.952 INFO  manager.MyListener - 'Start find' element ---> By.xpath: //input[2]
19:35:02.970 INFO  manager.MyListener - The element with locator ---> By.xpath: //input[2] <--- was found
19:35:03.188 INFO  manager.MyListener - 'Start find' element ---> By.xpath: //*[text()=' Login']
19:35:03.218 INFO  manager.MyListener - The element with locator ---> By.xpath: //*[text()=' Login'] <--- was found
19:35:03.323 INFO  manager.MyListener - 'Start find' element ---> By.xpath: //*[text()='Sign Out']
19:35:03.429 INFO  manager.MyListener - The element with locator ---> By.xpath: //*[text()='Sign Out'] <--- was found
19:35:03.430 INFO  tests.TestBase - Start test --->loginModelDataProviderCSV
19:35:03.431 INFO  manager.MyListener - 'Start find' element ---> By.xpath: //*[text()='Sign Out']
19:35:03.471 INFO  manager.MyListener - The element with locator ---> By.xpath: //*[text()='Sign Out'] <--- was found
19:35:03.472 INFO  manager.MyListener - 'Start find' element ---> By.xpath: //*[text()='Sign Out']
19:35:03.497 INFO  manager.MyListener - The element with locator ---> By.xpath: //*[text()='Sign Out'] <--- was found
19:35:03.633 INFO  manager.TestNgMyListener - onTestStartnull
19:35:03.634 INFO  manager.MyListener - 'Start find' element ---> By.cssSelector: [href='/login']
19:35:03.675 INFO  manager.MyListener - The element with locator ---> By.cssSelector: [href='/login'] <--- was found
19:35:03.830 INFO  manager.MyListener - 'Start find' element ---> By.xpath: //input[1]
19:35:03.876 INFO  manager.MyListener - The element with locator ---> By.xpath: //input[1] <--- was found
19:35:04.253 INFO  manager.MyListener - 'Start find' element ---> By.xpath: //input[2]
19:35:04.297 INFO  manager.MyListener - The element with locator ---> By.xpath: //input[2] <--- was found
19:35:04.708 INFO  manager.MyListener - 'Start find' element ---> By.xpath: //*[text()=' Login']
19:35:04.736 INFO  manager.MyListener - The element with locator ---> By.xpath: //*[text()=' Login'] <--- was found
19:35:04.783 INFO  manager.MyListener - 'Start find' element ---> By.xpath: //*[text()='Sign Out']
19:35:04.871 INFO  manager.MyListener - The element with locator ---> By.xpath: //*[text()='Sign Out'] <--- was found
19:35:04.876 INFO  tests.TestBase - Start test --->loginModelDataProviderCSV
19:35:04.878 INFO  manager.MyListener - 'Start find' element ---> By.xpath: //*[text()='Sign Out']
19:35:04.915 INFO  manager.MyListener - The element with locator ---> By.xpath: //*[text()='Sign Out'] <--- was found
19:35:04.916 INFO  manager.MyListener - 'Start find' element ---> By.xpath: //*[text()='Sign Out']
19:35:04.947 INFO  manager.MyListener - The element with locator ---> By.xpath: //*[text()='Sign Out'] <--- was found
19:35:05.076 INFO  manager.TestNgMyListener - onTestStartnull
19:35:05.078 INFO  manager.MyListener - 'Start find' element ---> By.cssSelector: [href='/login']
19:35:05.122 INFO  manager.MyListener - The element with locator ---> By.cssSelector: [href='/login'] <--- was found
19:35:05.231 INFO  manager.MyListener - 'Start find' element ---> By.xpath: //input[1]
19:35:05.262 INFO  manager.MyListener - The element with locator ---> By.xpath: //input[1] <--- was found
19:35:05.647 INFO  manager.MyListener - 'Start find' element ---> By.xpath: //input[2]
19:35:05.680 INFO  manager.MyListener - The element with locator ---> By.xpath: //input[2] <--- was found
19:35:06.042 INFO  manager.MyListener - 'Start find' element ---> By.xpath: //*[text()=' Login']
19:35:06.071 INFO  manager.MyListener - The element with locator ---> By.xpath: //*[text()=' Login'] <--- was found
19:35:06.186 INFO  manager.MyListener - 'Start find' element ---> By.xpath: //*[text()='Sign Out']
19:35:06.302 INFO  manager.MyListener - The element with locator ---> By.xpath: //*[text()='Sign Out'] <--- was found
19:35:06.305 INFO  tests.TestBase - Start test --->loginModelDataProviderCSV
19:35:06.306 INFO  manager.MyListener - 'Start find' element ---> By.xpath: //*[text()='Sign Out']
19:35:06.336 INFO  manager.MyListener - The element with locator ---> By.xpath: //*[text()='Sign Out'] <--- was found
19:35:06.336 INFO  manager.MyListener - 'Start find' element ---> By.xpath: //*[text()='Sign Out']
19:35:06.367 INFO  manager.MyListener - The element with locator ---> By.xpath: //*[text()='Sign Out'] <--- was found
19:35:06.492 INFO  manager.TestNgMyListener - onTestStartnull
19:35:06.493 INFO  manager.MyListener - 'Start find' element ---> By.cssSelector: [href='/login']
19:35:06.525 INFO  manager.MyListener - The element with locator ---> By.cssSelector: [href='/login'] <--- was found
19:35:06.635 INFO  manager.MyListener - 'Start find' element ---> By.xpath: //input[1]
19:35:06.668 INFO  manager.MyListener - The element with locator ---> By.xpath: //input[1] <--- was found
19:35:07.018 INFO  manager.MyListener - 'Start find' element ---> By.xpath: //input[2]
19:35:07.052 INFO  manager.MyListener - The element with locator ---> By.xpath: //input[2] <--- was found
19:35:07.393 INFO  manager.MyListener - 'Start find' element ---> By.xpath: //*[text()=' Login']
19:35:07.426 INFO  manager.MyListener - The element with locator ---> By.xpath: //*[text()=' Login'] <--- was found
19:35:07.542 INFO  manager.MyListener - 'Start find' element ---> By.xpath: //*[text()='Sign Out']
19:35:07.663 INFO  manager.MyListener - The element with locator ---> By.xpath: //*[text()='Sign Out'] <--- was found
19:35:07.668 INFO  tests.TestBase - Start test --->loginNegativWrongPassword
19:35:07.670 INFO  manager.MyListener - 'Start find' element ---> By.xpath: //*[text()='Sign Out']
19:35:07.708 INFO  manager.MyListener - The element with locator ---> By.xpath: //*[text()='Sign Out'] <--- was found
19:35:07.708 INFO  manager.MyListener - 'Start find' element ---> By.xpath: //*[text()='Sign Out']
19:35:07.740 INFO  manager.MyListener - The element with locator ---> By.xpath: //*[text()='Sign Out'] <--- was found
19:35:07.884 INFO  manager.TestNgMyListener - onTestStartnull
19:35:07.888 INFO  manager.MyListener - 'Start find' element ---> By.cssSelector: [href='/login']
19:35:07.933 INFO  manager.MyListener - The element with locator ---> By.cssSelector: [href='/login'] <--- was found
19:35:08.084 INFO  manager.MyListener - 'Start find' element ---> By.xpath: //input[1]
19:35:08.098 INFO  manager.MyListener - The element with locator ---> By.xpath: //input[1] <--- was found
19:35:08.331 INFO  manager.MyListener - 'Start find' element ---> By.xpath: //input[2]
19:35:08.359 INFO  manager.MyListener - The element with locator ---> By.xpath: //input[2] <--- was found
19:35:08.700 INFO  manager.MyListener - 'Start find' element ---> By.xpath: //*[text()=' Login']
19:35:08.735 INFO  manager.MyListener - The element with locator ---> By.xpath: //*[text()=' Login'] <--- was found
19:35:08.843 INFO  manager.MyListener - 'Start find' element ---> By.xpath: //*[text()='Sign Out']
19:35:09.088 INFO  manager.MyListener - The element with locator ---> By.xpath: //*[text()='Sign Out'] <--- was found
19:35:09.153 INFO  tests.TestBase - Start test --->loginSuccess
19:35:09.154 INFO  manager.MyListener - 'Start find' element ---> By.xpath: //*[text()='Sign Out']
19:35:14.203 INFO  manager.MyListener - The element with locator ---> By.xpath: //*[text()='Sign Out'] <--- was found
19:35:14.204 INFO  manager.TestNgMyListener - onTestStartnull
19:35:14.207 INFO  tests.TestBase - Start test --->loginSuccessNew
19:35:14.208 INFO  manager.MyListener - 'Start find' element ---> By.xpath: //*[text()='Sign Out']
19:35:19.272 INFO  manager.MyListener - The element with locator ---> By.xpath: //*[text()='Sign Out'] <--- was found
19:35:19.273 INFO  manager.TestNgMyListener - onTestStartnull
19:35:19.288 INFO  tests.TestBase - Tests starts with email: kvitka@gmail.com and password:Kvi12345$
19:35:19.288 INFO  manager.MyListener - 'Start find' element ---> By.cssSelector: [href='/login']
19:35:19.323 INFO  manager.MyListener - The element with locator ---> By.cssSelector: [href='/login'] <--- was found
19:35:19.405 INFO  manager.MyListener - 'Start find' element ---> By.xpath: //input[1]
19:35:19.424 INFO  manager.MyListener - The element with locator ---> By.xpath: //input[1] <--- was found
19:35:19.675 INFO  manager.MyListener - 'Start find' element ---> By.xpath: //input[2]
19:35:19.698 INFO  manager.MyListener - The element with locator ---> By.xpath: //input[2] <--- was found
19:35:19.926 INFO  manager.MyListener - 'Start find' element ---> By.xpath: //*[text()=' Login']
19:35:19.941 INFO  manager.MyListener - The element with locator ---> By.xpath: //*[text()=' Login'] <--- was found
19:35:20.001 INFO  manager.MyListener - 'Start find' element ---> By.xpath: //*[text()='Sign Out']
19:35:20.303 INFO  manager.MyListener - The element with locator ---> By.xpath: //*[text()='Sign Out'] <--- was found
19:35:20.303 INFO  tests.TestBase - Test passed
19:35:20.306 INFO  tests.TestBase - Start test --->loginSuccessNew
19:35:20.307 INFO  manager.MyListener - 'Start find' element ---> By.xpath: //*[text()='Sign Out']
19:35:20.338 INFO  manager.MyListener - The element with locator ---> By.xpath: //*[text()='Sign Out'] <--- was found
19:35:20.339 INFO  manager.MyListener - 'Start find' element ---> By.xpath: //*[text()='Sign Out']
19:35:20.369 INFO  manager.MyListener - The element with locator ---> By.xpath: //*[text()='Sign Out'] <--- was found
19:35:20.522 INFO  manager.TestNgMyListener - onTestStartnull
19:35:20.523 INFO  tests.TestBase - Tests starts with email: mona@gmail.com and password:Mm12345$
19:35:20.524 INFO  manager.MyListener - 'Start find' element ---> By.cssSelector: [href='/login']
19:35:20.561 INFO  manager.MyListener - The element with locator ---> By.cssSelector: [href='/login'] <--- was found
19:35:20.673 INFO  manager.MyListener - 'Start find' element ---> By.xpath: //input[1]
19:35:20.716 INFO  manager.MyListener - The element with locator ---> By.xpath: //input[1] <--- was found
19:35:21.058 INFO  manager.MyListener - 'Start find' element ---> By.xpath: //input[2]
19:35:21.092 INFO  manager.MyListener - The element with locator ---> By.xpath: //input[2] <--- was found
19:35:21.444 INFO  manager.MyListener - 'Start find' element ---> By.xpath: //*[text()=' Login']
19:35:21.481 INFO  manager.MyListener - The element with locator ---> By.xpath: //*[text()=' Login'] <--- was found
19:35:21.591 INFO  manager.MyListener - 'Start find' element ---> By.xpath: //*[text()='Sign Out']
19:35:21.776 INFO  manager.MyListener - The element with locator ---> By.xpath: //*[text()='Sign Out'] <--- was found
19:35:21.777 INFO  tests.TestBase - Test passed
19:35:21.783 INFO  tests.TestBase - Start test --->loginSuccessNew
19:35:21.784 INFO  manager.MyListener - 'Start find' element ---> By.xpath: //*[text()='Sign Out']
19:35:21.809 INFO  manager.MyListener - The element with locator ---> By.xpath: //*[text()='Sign Out'] <--- was found
19:35:21.810 INFO  manager.MyListener - 'Start find' element ---> By.xpath: //*[text()='Sign Out']
19:35:21.838 INFO  manager.MyListener - The element with locator ---> By.xpath: //*[text()='Sign Out'] <--- was found
19:35:21.967 INFO  manager.TestNgMyListener - onTestStartnull
19:35:21.970 INFO  tests.TestBase - Tests starts with email: zoa@gmail.com and password:Zoa12345$
19:35:21.971 INFO  manager.MyListener - 'Start find' element ---> By.cssSelector: [href='/login']
19:35:22.001 INFO  manager.MyListener - The element with locator ---> By.cssSelector: [href='/login'] <--- was found
19:35:22.112 INFO  manager.MyListener - 'Start find' element ---> By.xpath: //input[1]
19:35:22.153 INFO  manager.MyListener - The element with locator ---> By.xpath: //input[1] <--- was found
19:35:22.494 INFO  manager.MyListener - 'Start find' element ---> By.xpath: //input[2]
19:35:22.532 INFO  manager.MyListener - The element with locator ---> By.xpath: //input[2] <--- was found
19:35:22.834 INFO  manager.MyListener - 'Start find' element ---> By.xpath: //*[text()=' Login']
19:35:22.851 INFO  manager.MyListener - The element with locator ---> By.xpath: //*[text()=' Login'] <--- was found
19:35:22.936 INFO  manager.MyListener - 'Start find' element ---> By.xpath: //*[text()='Sign Out']
19:35:23.043 INFO  manager.MyListener - The element with locator ---> By.xpath: //*[text()='Sign Out'] <--- was found
19:35:23.044 INFO  tests.TestBase - Test passed
19:35:23.047 INFO  tests.TestBase - Start test --->loginSuccessNew
19:35:23.049 INFO  manager.MyListener - 'Start find' element ---> By.xpath: //*[text()='Sign Out']
19:35:23.076 INFO  manager.MyListener - The element with locator ---> By.xpath: //*[text()='Sign Out'] <--- was found
19:35:23.077 INFO  manager.MyListener - 'Start find' element ---> By.xpath: //*[text()='Sign Out']
19:35:23.106 INFO  manager.MyListener - The element with locator ---> By.xpath: //*[text()='Sign Out'] <--- was found
19:35:23.230 INFO  manager.TestNgMyListener - onTestStartnull
19:35:23.231 INFO  tests.TestBase - Tests starts with email: wick416@gmail.com and password:Ww12345$
19:35:23.231 INFO  manager.MyListener - 'Start find' element ---> By.cssSelector: [href='/login']
19:35:23.265 INFO  manager.MyListener - The element with locator ---> By.cssSelector: [href='/login'] <--- was found
19:35:23.368 INFO  manager.MyListener - 'Start find' element ---> By.xpath: //input[1]
19:35:23.404 INFO  manager.MyListener - The element with locator ---> By.xpath: //input[1] <--- was found
19:35:23.735 INFO  manager.MyListener - 'Start find' element ---> By.xpath: //input[2]
19:35:23.761 INFO  manager.MyListener - The element with locator ---> By.xpath: //input[2] <--- was found
19:35:24.044 INFO  manager.MyListener - 'Start find' element ---> By.xpath: //*[text()=' Login']
19:35:24.065 INFO  manager.MyListener - The element with locator ---> By.xpath: //*[text()=' Login'] <--- was found
19:35:24.142 INFO  manager.MyListener - 'Start find' element ---> By.xpath: //*[text()='Sign Out']
19:35:24.243 INFO  manager.MyListener - The element with locator ---> By.xpath: //*[text()='Sign Out'] <--- was found
19:35:24.244 INFO  tests.TestBase - Test passed
19:35:24.248 INFO  tests.TestBase - Start test --->loginSuccessNewModel
19:35:24.250 INFO  manager.MyListener - 'Start find' element ---> By.xpath: //*[text()='Sign Out']
19:35:24.293 INFO  manager.MyListener - The element with locator ---> By.xpath: //*[text()='Sign Out'] <--- was found
19:35:24.294 INFO  manager.MyListener - 'Start find' element ---> By.xpath: //*[text()='Sign Out']
19:35:24.326 INFO  manager.MyListener - The element with locator ---> By.xpath: //*[text()='Sign Out'] <--- was found
19:35:24.460 INFO  manager.TestNgMyListener - onTestStartnull
19:35:24.461 INFO  manager.MyListener - 'Start find' element ---> By.cssSelector: [href='/login']
19:35:24.503 INFO  manager.MyListener - The element with locator ---> By.cssSelector: [href='/login'] <--- was found
19:35:24.637 INFO  manager.MyListener - 'Start find' element ---> By.xpath: //input[1]
19:35:24.670 INFO  manager.MyListener - The element with locator ---> By.xpath: //input[1] <--- was found
19:35:25.038 INFO  manager.MyListener - 'Start find' element ---> By.xpath: //input[2]
19:35:25.076 INFO  manager.MyListener - The element with locator ---> By.xpath: //input[2] <--- was found
19:35:25.418 INFO  manager.MyListener - 'Start find' element ---> By.xpath: //*[text()=' Login']
19:35:25.449 INFO  manager.MyListener - The element with locator ---> By.xpath: //*[text()=' Login'] <--- was found
19:35:25.553 INFO  manager.MyListener - 'Start find' element ---> By.xpath: //*[text()='Sign Out']
19:35:25.660 INFO  manager.MyListener - The element with locator ---> By.xpath: //*[text()='Sign Out'] <--- was found
19:35:25.663 INFO  manager.TestNgMyListener - onTestStartnull
19:35:39.722 INFO  tests.TestBase - Start test --->registrationSuccess
19:35:39.722 INFO  manager.MyListener - 'Start find' element ---> By.xpath: //*[text()='Sign Out']
19:35:39.738 INFO  manager.MyListener - The element with locator ---> By.xpath: //*[text()='Sign Out'] <--- was found
19:35:39.739 INFO  manager.MyListener - 'Start find' element ---> By.xpath: //*[text()='Sign Out']
19:35:39.752 INFO  manager.MyListener - The element with locator ---> By.xpath: //*[text()='Sign Out'] <--- was found
19:35:40.053 INFO  manager.TestNgMyListener - onTestStartnull
19:35:40.055 INFO  tests.TestBase - zha2140@gmail.com
19:35:40.056 INFO  tests.TestBase - The index is:2140
19:35:40.056 INFO  manager.MyListener - 'Start find' element ---> By.cssSelector: [href='/login']
19:35:40.085 INFO  manager.MyListener - The element with locator ---> By.cssSelector: [href='/login'] <--- was found
19:35:40.305 INFO  manager.MyListener - 'Start find' element ---> By.xpath: //input[1]
19:35:40.331 INFO  manager.MyListener - The element with locator ---> By.xpath: //input[1] <--- was found
19:35:40.556 INFO  manager.MyListener - 'Start find' element ---> By.xpath: //input[2]
19:35:40.575 INFO  manager.MyListener - The element with locator ---> By.xpath: //input[2] <--- was found
19:35:40.745 INFO  manager.MyListener - 'Start find' element ---> By.xpath: //button[2]
19:35:40.777 INFO  manager.MyListener - The element with locator ---> By.xpath: //button[2] <--- was found
19:35:40.865 INFO  manager.MyListener - 'Start find' element ---> By.xpath: //*[text()='Sign Out']
19:35:41.287 INFO  manager.MyListener - The element with locator ---> By.xpath: //*[text()='Sign Out'] <--- was found
19:35:41.289 INFO  tests.TestBase - Start test --->registrationSuccessModel
19:35:41.290 INFO  manager.MyListener - 'Start find' element ---> By.xpath: //*[text()='Sign Out']
19:35:41.313 INFO  manager.MyListener - The element with locator ---> By.xpath: //*[text()='Sign Out'] <--- was found
19:35:41.314 INFO  manager.MyListener - 'Start find' element ---> By.xpath: //*[text()='Sign Out']
19:35:41.334 INFO  manager.MyListener - The element with locator ---> By.xpath: //*[text()='Sign Out'] <--- was found
19:35:41.398 INFO  manager.TestNgMyListener - onTestStartnull
19:35:41.399 INFO  manager.MyListener - 'Start find' element ---> By.cssSelector: [href='/login']
19:35:41.425 INFO  manager.MyListener - The element with locator ---> By.cssSelector: [href='/login'] <--- was found
19:35:41.488 INFO  manager.MyListener - 'Start find' element ---> By.xpath: //input[1]
19:35:41.499 INFO  manager.MyListener - The element with locator ---> By.xpath: //input[1] <--- was found
19:35:41.690 INFO  manager.MyListener - 'Start find' element ---> By.xpath: //input[2]
19:35:41.727 INFO  manager.MyListener - The element with locator ---> By.xpath: //input[2] <--- was found
19:35:42.074 INFO  manager.MyListener - 'Start find' element ---> By.xpath: //button[2]
19:35:42.092 INFO  manager.MyListener - The element with locator ---> By.xpath: //button[2] <--- was found
19:35:42.190 INFO  manager.MyListener - 'Start find' element ---> By.xpath: //*[text()='Sign Out']
19:35:42.295 INFO  manager.MyListener - The element with locator ---> By.xpath: //*[text()='Sign Out'] <--- was found
19:35:42.302 INFO  tests.TestBase - Start test --->removeAllContact
19:35:42.305 INFO  manager.MyListener - 'Start find' element ---> By.xpath: //*[text()='Sign Out']
19:35:42.347 INFO  manager.MyListener - The element with locator ---> By.xpath: //*[text()='Sign Out'] <--- was found
19:35:42.349 INFO  manager.TestNgMyListener - onTestStartnull
19:35:42.350 INFO  manager.MyListener - 'Start find' element ---> By.cssSelector: .contact-item_card__2SOIM
19:35:47.368 INFO  manager.MyListener - The element with locator ---> By.cssSelector: .contact-item_card__2SOIM <--- was found
19:35:47.373 INFO  tests.TestBase - Start test --->removeOneContact
19:35:47.374 INFO  manager.MyListener - 'Start find' element ---> By.xpath: //*[text()='Sign Out']
19:35:47.413 INFO  manager.MyListener - The element with locator ---> By.xpath: //*[text()='Sign Out'] <--- was found
19:35:47.415 INFO  manager.TestNgMyListener - onTestStartnull
19:35:47.415 INFO  manager.MyListener - 'Start find' element ---> By.cssSelector: .contact-item_card__2SOIM
19:35:52.438 INFO  manager.MyListener - The element with locator ---> By.cssSelector: .contact-item_card__2SOIM <--- was found
19:35:52.439 INFO  manager.MyListener - 'Start find' element ---> By.cssSelector: .contact-item_card__2SOIM
19:35:57.481 INFO  manager.MyListener - The element with locator ---> By.cssSelector: .contact-item_card__2SOIM <--- was found
19:35:57.481 INFO  manager.MyListener - 'Start find' element ---> By.cssSelector: .contact-item_card__2SOIM
19:36:02.493 INFO  manager.MyListener - The element with locator ---> By.cssSelector: .contact-item_card__2SOIM <--- was found
19:36:02.497 INFO  manager.TestNgMyListener - onTestFailure
