23:19:25.823 INFO  manager.ApplicationManager - The link is-->https://contacts-app.tobbymarshall815.vercel.app/home
23:19:26.045 INFO  manager.MyListener - 'Start find' element ---> By.xpath: //button[text()='Sing Out']
23:19:31.073 INFO  manager.MyListener - The Element with locator --->By.xpath: //button[text()='Sing Out']<-----was found
23:19:31.074 INFO  manager.MyListener - 'Start find' element ---> By.cssSelector: [href='/login']
23:19:31.100 INFO  manager.MyListener - The Element with locator --->By.cssSelector: [href='/login']<-----was found
23:19:31.509 INFO  manager.MyListener - 'Start find' element ---> By.xpath: //input[1]
23:19:31.553 INFO  manager.MyListener - The Element with locator --->By.xpath: //input[1]<-----was found
23:19:31.789 INFO  manager.MyListener - 'Start find' element ---> By.xpath: //input[2]
23:19:31.820 INFO  manager.MyListener - The Element with locator --->By.xpath: //input[2]<-----was found
23:19:31.993 INFO  manager.MyListener - 'Start find' element ---> By.xpath: //*[text()=' Login']
23:19:32.026 INFO  manager.MyListener - The Element with locator --->By.xpath: //*[text()=' Login']<-----was found
23:19:32.108 INFO  manager.MyListener - 'Start find' element ---> By.cssSelector: [href='/add']
23:19:37.313 INFO  manager.MyListener - We have a 'throwbale'  ---->no such element: Unable to locate element: {"method":"css selector","selector":"[href='/add']"}
  (Session info: chrome=100.0.4896.75)
For documentation on this error, please visit: https://www.seleniumhq.org/exceptions/no_such_element.html
Build info: version: '3.141.59', revision: 'e82be7d358', time: '2018-11-14T08:17:03'
System info: host: 'LAPTOP-VKFDTO5N', ip: '192.168.178.45', os.name: 'Windows 10', os.arch: 'amd64', os.version: '10.0', java.version: '11.0.14'
Driver info: org.openqa.selenium.chrome.ChromeDriver
Capabilities {acceptInsecureCerts: false, browserName: chrome, browserVersion: 100.0.4896.75, chrome: {chromedriverVersion: 100.0.4896.60 (6a5d10861ce8..., userDataDir: C:\Users\RODGER~1\AppData\L...}, goog:chromeOptions: {debuggerAddress: localhost:50427}, javascriptEnabled: true, networkConnectionEnabled: false, pageLoadStrategy: normal, platform: WINDOWS, platformName: WINDOWS, proxy: Proxy(), setWindowRect: true, strictFileInteractability: false, timeouts: {implicit: 0, pageLoad: 300000, script: 30000}, unhandledPromptBehavior: dismiss and notify, webauthn:extension:credBlob: true, webauthn:extension:largeBlob: true, webauthn:virtualAuthenticators: true}
Session ID: 0ad68b5677700736fb5c84efb458992e
*** Element info: {Using=css selector, value=[href='/add']}
23:19:37.316 INFO  manager.MyListener - We have a 'fill In StackTrace'  ---->org.openqa.selenium.NoSuchElementException: no such element: Unable to locate element: {"method":"css selector","selector":"[href='/add']"}
  (Session info: chrome=100.0.4896.75)
For documentation on this error, please visit: https://www.seleniumhq.org/exceptions/no_such_element.html
Build info: version: '3.141.59', revision: 'e82be7d358', time: '2018-11-14T08:17:03'
System info: host: 'LAPTOP-VKFDTO5N', ip: '192.168.178.45', os.name: 'Windows 10', os.arch: 'amd64', os.version: '10.0', java.version: '11.0.14'
Driver info: org.openqa.selenium.chrome.ChromeDriver
Capabilities {acceptInsecureCerts: false, browserName: chrome, browserVersion: 100.0.4896.75, chrome: {chromedriverVersion: 100.0.4896.60 (6a5d10861ce8..., userDataDir: C:\Users\RODGER~1\AppData\L...}, goog:chromeOptions: {debuggerAddress: localhost:50427}, javascriptEnabled: true, networkConnectionEnabled: false, pageLoadStrategy: normal, platform: WINDOWS, platformName: WINDOWS, proxy: Proxy(), setWindowRect: true, strictFileInteractability: false, timeouts: {implicit: 0, pageLoad: 300000, script: 30000}, unhandledPromptBehavior: dismiss and notify, webauthn:extension:credBlob: true, webauthn:extension:largeBlob: true, webauthn:virtualAuthenticators: true}
Session ID: 0ad68b5677700736fb5c84efb458992e
*** Element info: {Using=css selector, value=[href='/add']}
