19:11:39.355 INFO  manager.ApplicationManager - The link is-->https://contacts-app.tobbymarshall815.vercel.app/home
19:11:39.442 INFO  tests.TestBase - Start test --->registrationSuccess
19:11:39.445 INFO  manager.MyListener - 'Start find' element ---> By.xpath: //*[text()='Sign Out']
19:11:44.499 INFO  manager.MyListener - The element with locator ---> By.xpath: //*[text()='Sign Out'] <--- was found
19:11:44.506 INFO  tests.TestBase - zha704@gmail.com
19:11:44.508 INFO  tests.TestBase - The index is:704
19:11:44.508 INFO  manager.MyListener - 'Start find' element ---> By.cssSelector: [href='/login']
19:11:44.546 INFO  manager.MyListener - The element with locator ---> By.cssSelector: [href='/login'] <--- was found
19:11:44.656 INFO  manager.MyListener - 'Start find' element ---> By.xpath: //input[1]
19:11:44.681 INFO  manager.MyListener - The element with locator ---> By.xpath: //input[1] <--- was found
19:11:44.894 INFO  manager.MyListener - 'Start find' element ---> By.xpath: //input[2]
19:11:44.940 INFO  manager.MyListener - The element with locator ---> By.xpath: //input[2] <--- was found
19:11:45.163 INFO  manager.MyListener - 'Start find' element ---> By.xpath: //button[2]
19:11:45.198 INFO  manager.MyListener - The element with locator ---> By.xpath: //button[2] <--- was found
19:11:45.281 INFO  manager.MyListener - 'Start find' element ---> By.xpath: //*[text()='Sign Out']
19:11:45.885 INFO  manager.MyListener - The element with locator ---> By.xpath: //*[text()='Sign Out'] <--- was found
19:11:45.904 INFO  tests.TestBase - Start test --->registrationSuccessModel
19:11:45.906 INFO  manager.MyListener - 'Start find' element ---> By.xpath: //*[text()='Sign Out']
19:11:45.939 INFO  manager.MyListener - The element with locator ---> By.xpath: //*[text()='Sign Out'] <--- was found
19:11:45.940 INFO  manager.MyListener - 'Start find' element ---> By.xpath: //*[text()='Sign Out']
19:11:45.975 INFO  manager.MyListener - The element with locator ---> By.xpath: //*[text()='Sign Out'] <--- was found
19:11:46.054 INFO  manager.MyListener - 'Start find' element ---> By.cssSelector: [href='/login']
19:11:46.077 INFO  manager.MyListener - The element with locator ---> By.cssSelector: [href='/login'] <--- was found
19:11:46.153 INFO  manager.MyListener - 'Start find' element ---> By.xpath: //input[1]
19:11:46.186 INFO  manager.MyListener - The element with locator ---> By.xpath: //input[1] <--- was found
19:11:46.526 INFO  manager.MyListener - 'Start find' element ---> By.xpath: //input[2]
19:11:46.571 INFO  manager.MyListener - The element with locator ---> By.xpath: //input[2] <--- was found
19:11:46.882 INFO  manager.MyListener - 'Start find' element ---> By.xpath: //button[2]
19:11:46.906 INFO  manager.MyListener - The element with locator ---> By.xpath: //button[2] <--- was found
19:11:46.994 INFO  manager.MyListener - 'Start find' element ---> By.xpath: //*[text()='Sign Out']
19:11:47.098 INFO  manager.MyListener - The element with locator ---> By.xpath: //*[text()='Sign Out'] <--- was found
