23:35:52.128 INFO  manager.ApplicationManager - The link is-->https://contacts-app.tobbymarshall815.vercel.app/home
23:35:52.210 INFO  tests.TestBase - Start test --->removeOneContact
23:35:52.214 INFO  manager.MyListener - 'Start find' element ---> By.xpath: //*[text()='Sign Out']
23:35:57.291 INFO  manager.MyListener - The element with locator ---> By.xpath: //*[text()='Sign Out'] <--- was found
23:35:57.297 INFO  manager.MyListener - 'Start find' element ---> By.cssSelector: [href='/login']
23:35:57.374 INFO  manager.MyListener - The element with locator ---> By.cssSelector: [href='/login'] <--- was found
23:35:57.925 INFO  manager.MyListener - 'Start find' element ---> By.xpath: //input[1]
23:35:58.000 INFO  manager.MyListener - The element with locator ---> By.xpath: //input[1] <--- was found
23:35:58.308 INFO  manager.MyListener - 'Start find' element ---> By.xpath: //input[2]
23:35:58.348 INFO  manager.MyListener - The element with locator ---> By.xpath: //input[2] <--- was found
23:35:58.572 INFO  manager.MyListener - 'Start find' element ---> By.xpath: //*[text()=' Login']
23:35:58.613 INFO  manager.MyListener - The element with locator ---> By.xpath: //*[text()=' Login'] <--- was found
23:35:58.790 INFO  manager.MyListener - 'Start find' element ---> By.cssSelector: .contact-item_card__2SOIM
23:35:59.543 INFO  manager.MyListener - The element with locator ---> By.cssSelector: .contact-item_card__2SOIM <--- was found
23:35:59.545 INFO  manager.MyListener - 'Start find' element ---> By.cssSelector: .contact-item_card__2SOIM
23:35:59.586 INFO  manager.MyListener - The element with locator ---> By.cssSelector: .contact-item_card__2SOIM <--- was found
23:35:59.587 INFO  manager.MyListener - 'Start find' element ---> By.cssSelector: .contact-item_card__2SOIM
23:35:59.645 INFO  manager.MyListener - The element with locator ---> By.cssSelector: .contact-item_card__2SOIM <--- was found
23:35:59.818 INFO  manager.MyListener - 'Start find' element ---> By.xpath: //button[text()='Remove']
23:35:59.877 INFO  manager.MyListener - The element with locator ---> By.xpath: //button[text()='Remove'] <--- was found
23:36:00.555 INFO  manager.MyListener - 'Start find' element ---> By.cssSelector: .contact-item_card__2SOIM
23:36:00.585 INFO  manager.MyListener - The element with locator ---> By.cssSelector: .contact-item_card__2SOIM <--- was found
23:36:00.586 INFO  manager.MyListener - 'Start find' element ---> By.cssSelector: .contact-item_card__2SOIM
23:36:00.614 INFO  manager.MyListener - The element with locator ---> By.cssSelector: .contact-item_card__2SOIM <--- was found
23:36:00.616 INFO  manager.MyListener - 'Start find' element ---> By.cssSelector: .contact-item_card__2SOIM
23:36:00.646 INFO  manager.MyListener - The element with locator ---> By.cssSelector: .contact-item_card__2SOIM <--- was found
23:36:00.706 INFO  manager.MyListener - 'Start find' element ---> By.xpath: //button[text()='Remove']
23:36:00.725 INFO  manager.MyListener - The element with locator ---> By.xpath: //button[text()='Remove'] <--- was found
23:36:01.346 INFO  manager.MyListener - 'Start find' element ---> By.cssSelector: .contact-item_card__2SOIM
23:36:01.388 INFO  manager.MyListener - The element with locator ---> By.cssSelector: .contact-item_card__2SOIM <--- was found
23:36:01.389 INFO  manager.MyListener - 'Start find' element ---> By.cssSelector: .contact-item_card__2SOIM
23:36:01.434 INFO  manager.MyListener - The element with locator ---> By.cssSelector: .contact-item_card__2SOIM <--- was found
23:36:01.437 INFO  manager.MyListener - 'Start find' element ---> By.cssSelector: .contact-item_card__2SOIM
23:36:01.479 INFO  manager.MyListener - The element with locator ---> By.cssSelector: .contact-item_card__2SOIM <--- was found
23:36:01.590 INFO  manager.MyListener - 'Start find' element ---> By.xpath: //button[text()='Remove']
23:36:01.638 INFO  manager.MyListener - The element with locator ---> By.xpath: //button[text()='Remove'] <--- was found
23:36:02.280 INFO  manager.MyListener - 'Start find' element ---> By.cssSelector: .contact-item_card__2SOIM
23:36:07.362 INFO  manager.MyListener - The element with locator ---> By.cssSelector: .contact-item_card__2SOIM <--- was found
23:36:07.362 INFO  manager.MyListener - 'Start find' element ---> By.cssSelector: .contact-item_card__2SOIM
23:36:12.428 INFO  manager.MyListener - The element with locator ---> By.cssSelector: .contact-item_card__2SOIM <--- was found
23:36:12.493 INFO  manager.MyListener - 'Start find' element ---> By.cssSelector: .contact-item_card__2SOIM
23:36:17.580 INFO  manager.MyListener - The element with locator ---> By.cssSelector: .contact-item_card__2SOIM <--- was found
23:36:17.581 INFO  manager.MyListener - 'Start find' element ---> By.cssSelector: .contact-item_card__2SOIM
23:36:22.645 INFO  manager.MyListener - The element with locator ---> By.cssSelector: .contact-item_card__2SOIM <--- was found
23:36:22.647 INFO  manager.MyListener - 'Start find' element ---> By.cssSelector: .contact-item_card__2SOIM
23:36:27.688 INFO  manager.MyListener - The element with locator ---> By.cssSelector: .contact-item_card__2SOIM <--- was found
23:36:27.690 INFO  manager.MyListener - 'Start find' element ---> By.cssSelector: .contact-item_card__2SOIM
23:36:32.756 INFO  manager.MyListener - The element with locator ---> By.cssSelector: .contact-item_card__2SOIM <--- was found
23:36:32.757 INFO  manager.MyListener - 'Start find' element ---> By.cssSelector: .contact-item_card__2SOIM
23:36:37.839 INFO  manager.MyListener - The element with locator ---> By.cssSelector: .contact-item_card__2SOIM <--- was found
23:36:37.841 INFO  manager.MyListener - 'Start find' element ---> By.cssSelector: .contact-item_card__2SOIM
23:36:42.890 INFO  manager.MyListener - The element with locator ---> By.cssSelector: .contact-item_card__2SOIM <--- was found
23:36:42.891 INFO  manager.MyListener - 'Start find' element ---> By.cssSelector: .contact-item_card__2SOIM
23:36:47.927 INFO  manager.MyListener - The element with locator ---> By.cssSelector: .contact-item_card__2SOIM <--- was found
23:36:47.928 INFO  manager.MyListener - 'Start find' element ---> By.cssSelector: .contact-item_card__2SOIM
23:36:53.029 INFO  manager.MyListener - The element with locator ---> By.cssSelector: .contact-item_card__2SOIM <--- was found
23:36:53.030 INFO  manager.MyListener - 'Start find' element ---> By.cssSelector: .contact-item_card__2SOIM
23:36:58.073 INFO  manager.MyListener - The element with locator ---> By.cssSelector: .contact-item_card__2SOIM <--- was found
23:36:58.075 INFO  manager.MyListener - 'Start find' element ---> By.cssSelector: .contact-item_card__2SOIM
23:37:03.144 INFO  manager.MyListener - The element with locator ---> By.cssSelector: .contact-item_card__2SOIM <--- was found
23:37:03.145 INFO  manager.MyListener - 'Start find' element ---> By.cssSelector: .contact-item_card__2SOIM
23:37:08.206 INFO  manager.MyListener - The element with locator ---> By.cssSelector: .contact-item_card__2SOIM <--- was found
23:37:08.207 INFO  manager.MyListener - 'Start find' element ---> By.cssSelector: .contact-item_card__2SOIM
23:37:13.280 INFO  manager.MyListener - The element with locator ---> By.cssSelector: .contact-item_card__2SOIM <--- was found
23:37:13.282 INFO  manager.MyListener - 'Start find' element ---> By.cssSelector: .contact-item_card__2SOIM
23:37:18.372 INFO  manager.MyListener - The element with locator ---> By.cssSelector: .contact-item_card__2SOIM <--- was found
23:37:18.373 INFO  manager.MyListener - 'Start find' element ---> By.cssSelector: .contact-item_card__2SOIM
23:37:23.444 INFO  manager.MyListener - The element with locator ---> By.cssSelector: .contact-item_card__2SOIM <--- was found
23:37:23.445 INFO  manager.MyListener - 'Start find' element ---> By.cssSelector: .contact-item_card__2SOIM
23:37:28.509 INFO  manager.MyListener - The element with locator ---> By.cssSelector: .contact-item_card__2SOIM <--- was found
23:37:28.510 INFO  manager.MyListener - 'Start find' element ---> By.cssSelector: .contact-item_card__2SOIM
23:37:33.576 INFO  manager.MyListener - The element with locator ---> By.cssSelector: .contact-item_card__2SOIM <--- was found
23:37:33.597 INFO  manager.MyListener - 'Start find' element ---> By.cssSelector: .contact-item_card__2SOIM
23:37:38.661 INFO  manager.MyListener - The element with locator ---> By.cssSelector: .contact-item_card__2SOIM <--- was found
23:37:38.662 INFO  manager.MyListener - 'Start find' element ---> By.cssSelector: .contact-item_card__2SOIM
23:37:43.770 INFO  manager.MyListener - The element with locator ---> By.cssSelector: .contact-item_card__2SOIM <--- was found
23:37:43.771 INFO  manager.MyListener - 'Start find' element ---> By.cssSelector: .contact-item_card__2SOIM
23:37:48.841 INFO  manager.MyListener - The element with locator ---> By.cssSelector: .contact-item_card__2SOIM <--- was found
23:37:48.842 INFO  manager.MyListener - 'Start find' element ---> By.cssSelector: .contact-item_card__2SOIM
23:37:53.899 INFO  manager.MyListener - The element with locator ---> By.cssSelector: .contact-item_card__2SOIM <--- was found
23:37:53.900 INFO  manager.MyListener - 'Start find' element ---> By.cssSelector: .contact-item_card__2SOIM
23:37:58.943 INFO  manager.MyListener - The element with locator ---> By.cssSelector: .contact-item_card__2SOIM <--- was found
23:37:58.944 INFO  manager.MyListener - 'Start find' element ---> By.cssSelector: .contact-item_card__2SOIM
23:38:03.995 INFO  manager.MyListener - The element with locator ---> By.cssSelector: .contact-item_card__2SOIM <--- was found
23:38:03.995 INFO  manager.MyListener - 'Start find' element ---> By.cssSelector: .contact-item_card__2SOIM
23:38:09.033 INFO  manager.MyListener - The element with locator ---> By.cssSelector: .contact-item_card__2SOIM <--- was found
23:38:09.034 INFO  manager.MyListener - 'Start find' element ---> By.cssSelector: .contact-item_card__2SOIM
23:38:14.132 INFO  manager.MyListener - The element with locator ---> By.cssSelector: .contact-item_card__2SOIM <--- was found
23:38:14.133 INFO  manager.MyListener - 'Start find' element ---> By.cssSelector: .contact-item_card__2SOIM
23:38:19.158 INFO  manager.MyListener - The element with locator ---> By.cssSelector: .contact-item_card__2SOIM <--- was found
23:38:19.158 INFO  manager.MyListener - 'Start find' element ---> By.cssSelector: .contact-item_card__2SOIM
23:38:24.211 INFO  manager.MyListener - The element with locator ---> By.cssSelector: .contact-item_card__2SOIM <--- was found
23:38:24.211 INFO  manager.MyListener - 'Start find' element ---> By.cssSelector: .contact-item_card__2SOIM
23:38:29.237 INFO  manager.MyListener - The element with locator ---> By.cssSelector: .contact-item_card__2SOIM <--- was found
23:38:29.237 INFO  manager.MyListener - 'Start find' element ---> By.cssSelector: .contact-item_card__2SOIM
23:38:34.265 INFO  manager.MyListener - The element with locator ---> By.cssSelector: .contact-item_card__2SOIM <--- was found
23:38:34.265 INFO  manager.MyListener - 'Start find' element ---> By.cssSelector: .contact-item_card__2SOIM
23:38:39.341 INFO  manager.MyListener - The element with locator ---> By.cssSelector: .contact-item_card__2SOIM <--- was found
23:38:39.342 INFO  manager.MyListener - 'Start find' element ---> By.cssSelector: .contact-item_card__2SOIM
23:38:44.416 INFO  manager.MyListener - The element with locator ---> By.cssSelector: .contact-item_card__2SOIM <--- was found
23:38:44.418 INFO  manager.MyListener - 'Start find' element ---> By.cssSelector: .contact-item_card__2SOIM
23:38:49.481 INFO  manager.MyListener - The element with locator ---> By.cssSelector: .contact-item_card__2SOIM <--- was found
23:38:49.482 INFO  manager.MyListener - 'Start find' element ---> By.cssSelector: .contact-item_card__2SOIM
23:38:54.531 INFO  manager.MyListener - The element with locator ---> By.cssSelector: .contact-item_card__2SOIM <--- was found
23:38:54.532 INFO  manager.MyListener - 'Start find' element ---> By.cssSelector: .contact-item_card__2SOIM
23:38:59.573 INFO  manager.MyListener - The element with locator ---> By.cssSelector: .contact-item_card__2SOIM <--- was found
23:38:59.574 INFO  manager.MyListener - 'Start find' element ---> By.cssSelector: .contact-item_card__2SOIM
23:39:04.636 INFO  manager.MyListener - The element with locator ---> By.cssSelector: .contact-item_card__2SOIM <--- was found
23:39:04.637 INFO  manager.MyListener - 'Start find' element ---> By.cssSelector: .contact-item_card__2SOIM
23:39:09.706 INFO  manager.MyListener - The element with locator ---> By.cssSelector: .contact-item_card__2SOIM <--- was found
23:39:09.707 INFO  manager.MyListener - 'Start find' element ---> By.cssSelector: .contact-item_card__2SOIM
23:39:14.754 INFO  manager.MyListener - The element with locator ---> By.cssSelector: .contact-item_card__2SOIM <--- was found
23:39:14.756 INFO  manager.MyListener - 'Start find' element ---> By.cssSelector: .contact-item_card__2SOIM
23:39:19.806 INFO  manager.MyListener - The element with locator ---> By.cssSelector: .contact-item_card__2SOIM <--- was found
23:39:19.807 INFO  manager.MyListener - 'Start find' element ---> By.cssSelector: .contact-item_card__2SOIM
23:39:24.849 INFO  manager.MyListener - The element with locator ---> By.cssSelector: .contact-item_card__2SOIM <--- was found
23:39:24.850 INFO  manager.MyListener - 'Start find' element ---> By.cssSelector: .contact-item_card__2SOIM
23:39:29.934 INFO  manager.MyListener - The element with locator ---> By.cssSelector: .contact-item_card__2SOIM <--- was found
23:39:29.935 INFO  manager.MyListener - 'Start find' element ---> By.cssSelector: .contact-item_card__2SOIM
23:39:34.974 INFO  manager.MyListener - The element with locator ---> By.cssSelector: .contact-item_card__2SOIM <--- was found
23:39:34.975 INFO  manager.MyListener - 'Start find' element ---> By.cssSelector: .contact-item_card__2SOIM
23:39:40.023 INFO  manager.MyListener - The element with locator ---> By.cssSelector: .contact-item_card__2SOIM <--- was found
23:39:40.025 INFO  manager.MyListener - 'Start find' element ---> By.cssSelector: .contact-item_card__2SOIM
23:39:45.083 INFO  manager.MyListener - The element with locator ---> By.cssSelector: .contact-item_card__2SOIM <--- was found
23:39:45.084 INFO  manager.MyListener - 'Start find' element ---> By.cssSelector: .contact-item_card__2SOIM
23:39:50.180 INFO  manager.MyListener - The element with locator ---> By.cssSelector: .contact-item_card__2SOIM <--- was found
23:39:50.181 INFO  manager.MyListener - 'Start find' element ---> By.cssSelector: .contact-item_card__2SOIM
23:39:55.231 INFO  manager.MyListener - The element with locator ---> By.cssSelector: .contact-item_card__2SOIM <--- was found
23:39:55.232 INFO  manager.MyListener - 'Start find' element ---> By.cssSelector: .contact-item_card__2SOIM
23:40:00.322 INFO  manager.MyListener - The element with locator ---> By.cssSelector: .contact-item_card__2SOIM <--- was found
23:40:00.323 INFO  manager.MyListener - 'Start find' element ---> By.cssSelector: .contact-item_card__2SOIM
23:40:05.398 INFO  manager.MyListener - The element with locator ---> By.cssSelector: .contact-item_card__2SOIM <--- was found
23:40:05.398 INFO  manager.MyListener - 'Start find' element ---> By.cssSelector: .contact-item_card__2SOIM
23:40:10.465 INFO  manager.MyListener - The element with locator ---> By.cssSelector: .contact-item_card__2SOIM <--- was found
23:40:10.466 INFO  manager.MyListener - 'Start find' element ---> By.cssSelector: .contact-item_card__2SOIM
23:40:15.504 INFO  manager.MyListener - The element with locator ---> By.cssSelector: .contact-item_card__2SOIM <--- was found
23:40:15.505 INFO  manager.MyListener - 'Start find' element ---> By.cssSelector: .contact-item_card__2SOIM
