19:08:37.790 INFO  manager.ApplicationManager - The link is-->https://contacts-app.tobbymarshall815.vercel.app/home
19:08:37.864 INFO  tests.TestBase - Start test --->registrationSuccess
19:08:37.867 INFO  manager.MyListener - 'Start find' element ---> By.xpath: //*[text()='Sign Out']
19:08:42.935 INFO  manager.MyListener - The element with locator ---> By.xpath: //*[text()='Sign Out'] <--- was found
19:08:42.947 INFO  tests.TestBase - zha522@gmail.com
19:08:42.951 INFO  tests.TestBase - The index is:522
19:08:42.952 INFO  manager.MyListener - 'Start find' element ---> By.cssSelector: [href='/login']
19:08:43.007 INFO  manager.MyListener - The element with locator ---> By.cssSelector: [href='/login'] <--- was found
19:08:43.194 INFO  manager.MyListener - 'Start find' element ---> By.xpath: //input[1]
19:08:43.233 INFO  manager.MyListener - The element with locator ---> By.xpath: //input[1] <--- was found
19:08:43.517 INFO  manager.MyListener - 'Start find' element ---> By.xpath: //input[2]
19:08:43.553 INFO  manager.MyListener - The element with locator ---> By.xpath: //input[2] <--- was found
19:08:43.808 INFO  manager.MyListener - 'Start find' element ---> By.xpath: //button[2]
19:08:43.839 INFO  manager.MyListener - The element with locator ---> By.xpath: //button[2] <--- was found
19:08:43.912 INFO  manager.MyListener - 'Start find' element ---> By.xpath: //*[text()='Sign Out']
19:08:48.994 INFO  manager.MyListener - The element with locator ---> By.xpath: //*[text()='Sign Out'] <--- was found
19:08:49.006 INFO  tests.TestBase - Start test --->registrationSuccessModel
19:08:49.007 INFO  manager.MyListener - 'Start find' element ---> By.xpath: //*[text()='Sign Out']
19:08:54.068 INFO  manager.MyListener - The element with locator ---> By.xpath: //*[text()='Sign Out'] <--- was found
19:08:54.075 INFO  manager.MyListener - 'Start find' element ---> By.cssSelector: [href='/login']
19:08:54.142 INFO  manager.MyListener - The element with locator ---> By.cssSelector: [href='/login'] <--- was found
19:08:54.287 INFO  manager.MyListener - 'Start find' element ---> By.xpath: //input[1]
19:08:59.414 INFO  manager.MyListener - We have a 'throwable' -- >no such element: Unable to locate element: {"method":"xpath","selector":"//input[1]"}
  (Session info: chrome=100.0.4896.127)
For documentation on this error, please visit: https://www.seleniumhq.org/exceptions/no_such_element.html
Build info: version: '3.141.59', revision: 'e82be7d358', time: '2018-11-14T08:17:03'
System info: host: 'LAPTOP-VKFDTO5N', ip: '192.168.178.45', os.name: 'Windows 10', os.arch: 'amd64', os.version: '10.0', java.version: '11.0.14'
Driver info: org.openqa.selenium.chrome.ChromeDriver
Capabilities {acceptInsecureCerts: false, browserName: chrome, browserVersion: 100.0.4896.127, chrome: {chromedriverVersion: 100.0.4896.60 (6a5d10861ce8..., userDataDir: C:\Users\RODGER~1\AppData\L...}, goog:chromeOptions: {debuggerAddress: localhost:57385}, javascriptEnabled: true, networkConnectionEnabled: false, pageLoadStrategy: normal, platform: WINDOWS, platformName: WINDOWS, proxy: Proxy(), setWindowRect: true, strictFileInteractability: false, timeouts: {implicit: 0, pageLoad: 300000, script: 30000}, unhandledPromptBehavior: dismiss and notify, webauthn:extension:credBlob: true, webauthn:extension:largeBlob: true, webauthn:virtualAuthenticators: true}
Session ID: d6b777fa3ec4251175893fdeb3d0c75e
*** Element info: {Using=xpath, value=//input[1]}
19:08:59.419 INFO  manager.MyListener - We have a 'fill In StackTrace' -- >org.openqa.selenium.NoSuchElementException: no such element: Unable to locate element: {"method":"xpath","selector":"//input[1]"}
  (Session info: chrome=100.0.4896.127)
For documentation on this error, please visit: https://www.seleniumhq.org/exceptions/no_such_element.html
Build info: version: '3.141.59', revision: 'e82be7d358', time: '2018-11-14T08:17:03'
System info: host: 'LAPTOP-VKFDTO5N', ip: '192.168.178.45', os.name: 'Windows 10', os.arch: 'amd64', os.version: '10.0', java.version: '11.0.14'
Driver info: org.openqa.selenium.chrome.ChromeDriver
Capabilities {acceptInsecureCerts: false, browserName: chrome, browserVersion: 100.0.4896.127, chrome: {chromedriverVersion: 100.0.4896.60 (6a5d10861ce8..., userDataDir: C:\Users\RODGER~1\AppData\L...}, goog:chromeOptions: {debuggerAddress: localhost:57385}, javascriptEnabled: true, networkConnectionEnabled: false, pageLoadStrategy: normal, platform: WINDOWS, platformName: WINDOWS, proxy: Proxy(), setWindowRect: true, strictFileInteractability: false, timeouts: {implicit: 0, pageLoad: 300000, script: 30000}, unhandledPromptBehavior: dismiss and notify, webauthn:extension:credBlob: true, webauthn:extension:largeBlob: true, webauthn:virtualAuthenticators: true}
Session ID: d6b777fa3ec4251175893fdeb3d0c75e
*** Element info: {Using=xpath, value=//input[1]}
19:09:01.369 INFO  manager.MyListener - This is the link to screen with problem -->src/test/screenshots/screen-539.png
