23:21:34.638 INFO  manager.TestNgMyListener - onStart(ISuite suite)
23:21:36.766 INFO  manager.ApplicationManager - The link is-->https://contacts-app.tobbymarshall815.vercel.app/home
23:21:36.819 INFO  tests.TestBase - Start test --->addNewContactSuccess
23:21:36.828 INFO  manager.MyListener - 'Start find' element ---> By.xpath: //*[text()='Sign Out']
23:21:41.857 INFO  manager.MyListener - The element with locator ---> By.xpath: //*[text()='Sign Out'] <--- was found
23:21:41.857 INFO  manager.MyListener - 'Start find' element ---> By.cssSelector: [href='/login']
23:21:41.871 INFO  manager.MyListener - The element with locator ---> By.cssSelector: [href='/login'] <--- was found
23:21:41.950 INFO  manager.MyListener - 'Start find' element ---> By.xpath: //input[1]
23:21:41.984 INFO  manager.MyListener - The element with locator ---> By.xpath: //input[1] <--- was found
23:21:42.128 INFO  manager.MyListener - 'Start find' element ---> By.xpath: //input[2]
23:21:42.160 INFO  manager.MyListener - The element with locator ---> By.xpath: //input[2] <--- was found
23:21:42.285 INFO  manager.MyListener - 'Start find' element ---> By.xpath: //*[text()=' Login']
23:21:42.311 INFO  manager.MyListener - The element with locator ---> By.xpath: //*[text()=' Login'] <--- was found
23:21:42.351 INFO  manager.TestNgMyListener - onTestStartnull
23:21:42.358 INFO  manager.MyListener - 'Start find' element ---> By.cssSelector: [href='/add']
23:21:42.741 INFO  manager.MyListener - The element with locator ---> By.cssSelector: [href='/add'] <--- was found
23:21:42.791 INFO  manager.MyListener - 'Start find' element ---> By.cssSelector: [placeholder='Name']
23:21:42.819 INFO  manager.MyListener - The element with locator ---> By.cssSelector: [placeholder='Name'] <--- was found
23:21:42.938 INFO  manager.MyListener - 'Start find' element ---> By.cssSelector: [placeholder='Last Name']
23:21:42.963 INFO  manager.MyListener - The element with locator ---> By.cssSelector: [placeholder='Last Name'] <--- was found
23:21:43.074 INFO  manager.MyListener - 'Start find' element ---> By.cssSelector: [placeholder='Phone']
23:21:43.088 INFO  manager.MyListener - The element with locator ---> By.cssSelector: [placeholder='Phone'] <--- was found
23:21:43.210 INFO  manager.MyListener - 'Start find' element ---> By.cssSelector: [placeholder='email']
23:21:43.231 INFO  manager.MyListener - The element with locator ---> By.cssSelector: [placeholder='email'] <--- was found
23:21:43.390 INFO  manager.MyListener - 'Start find' element ---> By.cssSelector: [placeholder='Address']
23:21:43.415 INFO  manager.MyListener - The element with locator ---> By.cssSelector: [placeholder='Address'] <--- was found
23:21:43.526 INFO  manager.MyListener - 'Start find' element ---> By.cssSelector: [placeholder='description']
23:21:43.541 INFO  manager.MyListener - The element with locator ---> By.cssSelector: [placeholder='description'] <--- was found
23:21:43.667 INFO  manager.MyListener - 'Start find' element ---> By.cssSelector: .add_form__2rsm2 button
23:21:43.695 INFO  manager.MyListener - The element with locator ---> By.cssSelector: .add_form__2rsm2 button <--- was found
23:21:48.823 INFO  manager.MyListener - We have a 'throwable' -- >element not interactable
  (Session info: chrome=100.0.4896.127)
Build info: version: '3.141.59', revision: 'e82be7d358', time: '2018-11-14T08:17:03'
System info: host: 'LAPTOP-VKFDTO5N', ip: '192.168.178.45', os.name: 'Windows 10', os.arch: 'amd64', os.version: '10.0', java.version: '11.0.14'
Driver info: org.openqa.selenium.chrome.ChromeDriver
Capabilities {acceptInsecureCerts: false, browserName: chrome, browserVersion: 100.0.4896.127, chrome: {chromedriverVersion: 100.0.4896.60 (6a5d10861ce8..., userDataDir: C:\Users\RODGER~1\AppData\L...}, goog:chromeOptions: {debuggerAddress: localhost:63704}, javascriptEnabled: true, networkConnectionEnabled: false, pageLoadStrategy: normal, platform: WINDOWS, platformName: WINDOWS, proxy: Proxy(), setWindowRect: true, strictFileInteractability: false, timeouts: {implicit: 0, pageLoad: 300000, script: 30000}, unhandledPromptBehavior: dismiss and notify, webauthn:extension:credBlob: true, webauthn:extension:largeBlob: true, webauthn:virtualAuthenticators: true}
Session ID: 2da29c6199db15bd0aa1dc6361caf0c3
23:21:48.824 INFO  manager.MyListener - We have a 'fill In StackTrace' -- >org.openqa.selenium.ElementNotInteractableException: element not interactable
  (Session info: chrome=100.0.4896.127)
Build info: version: '3.141.59', revision: 'e82be7d358', time: '2018-11-14T08:17:03'
System info: host: 'LAPTOP-VKFDTO5N', ip: '192.168.178.45', os.name: 'Windows 10', os.arch: 'amd64', os.version: '10.0', java.version: '11.0.14'
Driver info: org.openqa.selenium.chrome.ChromeDriver
Capabilities {acceptInsecureCerts: false, browserName: chrome, browserVersion: 100.0.4896.127, chrome: {chromedriverVersion: 100.0.4896.60 (6a5d10861ce8..., userDataDir: C:\Users\RODGER~1\AppData\L...}, goog:chromeOptions: {debuggerAddress: localhost:63704}, javascriptEnabled: true, networkConnectionEnabled: false, pageLoadStrategy: normal, platform: WINDOWS, platformName: WINDOWS, proxy: Proxy(), setWindowRect: true, strictFileInteractability: false, timeouts: {implicit: 0, pageLoad: 300000, script: 30000}, unhandledPromptBehavior: dismiss and notify, webauthn:extension:credBlob: true, webauthn:extension:largeBlob: true, webauthn:virtualAuthenticators: true}
Session ID: 2da29c6199db15bd0aa1dc6361caf0c3
23:21:49.233 INFO  manager.MyListener - This is the link to screen with problem -->src/test/screenshots/screen-1308.png
23:21:49.234 INFO  manager.TestNgMyListener - onTestFailure
23:21:49.241 INFO  tests.TestBase - Start test --->addNewContactSuccessDataProviderCSV
23:21:49.242 INFO  manager.MyListener - 'Start find' element ---> By.xpath: //*[text()='Sign Out']
23:21:49.267 INFO  manager.MyListener - The element with locator ---> By.xpath: //*[text()='Sign Out'] <--- was found
23:21:49.267 INFO  manager.TestNgMyListener - onTestStartnull
23:21:49.286 INFO  manager.MyListener - 'Start find' element ---> By.cssSelector: [href='/add']
23:21:49.298 INFO  manager.MyListener - The element with locator ---> By.cssSelector: [href='/add'] <--- was found
23:21:49.343 INFO  manager.MyListener - 'Start find' element ---> By.cssSelector: [placeholder='Name']
23:21:49.362 INFO  manager.MyListener - The element with locator ---> By.cssSelector: [placeholder='Name'] <--- was found
23:21:49.473 INFO  manager.MyListener - 'Start find' element ---> By.cssSelector: [placeholder='Last Name']
23:21:49.488 INFO  manager.MyListener - The element with locator ---> By.cssSelector: [placeholder='Last Name'] <--- was found
23:21:49.597 INFO  manager.MyListener - 'Start find' element ---> By.cssSelector: [placeholder='Phone']
23:21:49.612 INFO  manager.MyListener - The element with locator ---> By.cssSelector: [placeholder='Phone'] <--- was found
23:21:49.725 INFO  manager.MyListener - 'Start find' element ---> By.cssSelector: [placeholder='email']
23:21:49.737 INFO  manager.MyListener - The element with locator ---> By.cssSelector: [placeholder='email'] <--- was found
23:21:49.864 INFO  manager.MyListener - 'Start find' element ---> By.cssSelector: [placeholder='Address']
23:21:49.879 INFO  manager.MyListener - The element with locator ---> By.cssSelector: [placeholder='Address'] <--- was found
23:21:49.990 INFO  manager.MyListener - 'Start find' element ---> By.cssSelector: [placeholder='description']
23:21:50.003 INFO  manager.MyListener - The element with locator ---> By.cssSelector: [placeholder='description'] <--- was found
23:21:50.119 INFO  manager.MyListener - 'Start find' element ---> By.cssSelector: .add_form__2rsm2 button
23:21:50.144 INFO  manager.MyListener - The element with locator ---> By.cssSelector: .add_form__2rsm2 button <--- was found
23:21:55.257 INFO  manager.MyListener - We have a 'throwable' -- >element not interactable
  (Session info: chrome=100.0.4896.127)
Build info: version: '3.141.59', revision: 'e82be7d358', time: '2018-11-14T08:17:03'
System info: host: 'LAPTOP-VKFDTO5N', ip: '192.168.178.45', os.name: 'Windows 10', os.arch: 'amd64', os.version: '10.0', java.version: '11.0.14'
Driver info: org.openqa.selenium.chrome.ChromeDriver
Capabilities {acceptInsecureCerts: false, browserName: chrome, browserVersion: 100.0.4896.127, chrome: {chromedriverVersion: 100.0.4896.60 (6a5d10861ce8..., userDataDir: C:\Users\RODGER~1\AppData\L...}, goog:chromeOptions: {debuggerAddress: localhost:63704}, javascriptEnabled: true, networkConnectionEnabled: false, pageLoadStrategy: normal, platform: WINDOWS, platformName: WINDOWS, proxy: Proxy(), setWindowRect: true, strictFileInteractability: false, timeouts: {implicit: 0, pageLoad: 300000, script: 30000}, unhandledPromptBehavior: dismiss and notify, webauthn:extension:credBlob: true, webauthn:extension:largeBlob: true, webauthn:virtualAuthenticators: true}
Session ID: 2da29c6199db15bd0aa1dc6361caf0c3
23:21:55.258 INFO  manager.MyListener - We have a 'fill In StackTrace' -- >org.openqa.selenium.ElementNotInteractableException: element not interactable
  (Session info: chrome=100.0.4896.127)
Build info: version: '3.141.59', revision: 'e82be7d358', time: '2018-11-14T08:17:03'
System info: host: 'LAPTOP-VKFDTO5N', ip: '192.168.178.45', os.name: 'Windows 10', os.arch: 'amd64', os.version: '10.0', java.version: '11.0.14'
Driver info: org.openqa.selenium.chrome.ChromeDriver
Capabilities {acceptInsecureCerts: false, browserName: chrome, browserVersion: 100.0.4896.127, chrome: {chromedriverVersion: 100.0.4896.60 (6a5d10861ce8..., userDataDir: C:\Users\RODGER~1\AppData\L...}, goog:chromeOptions: {debuggerAddress: localhost:63704}, javascriptEnabled: true, networkConnectionEnabled: false, pageLoadStrategy: normal, platform: WINDOWS, platformName: WINDOWS, proxy: Proxy(), setWindowRect: true, strictFileInteractability: false, timeouts: {implicit: 0, pageLoad: 300000, script: 30000}, unhandledPromptBehavior: dismiss and notify, webauthn:extension:credBlob: true, webauthn:extension:largeBlob: true, webauthn:virtualAuthenticators: true}
Session ID: 2da29c6199db15bd0aa1dc6361caf0c3
23:21:55.662 INFO  manager.MyListener - This is the link to screen with problem -->src/test/screenshots/screen-1315.png
23:21:55.663 INFO  manager.TestNgMyListener - onTestFailure
23:21:55.664 INFO  tests.TestBase - Start test --->addNewContactSuccessDataProviderCSV
23:21:55.665 INFO  manager.MyListener - 'Start find' element ---> By.xpath: //*[text()='Sign Out']
23:21:55.679 INFO  manager.MyListener - The element with locator ---> By.xpath: //*[text()='Sign Out'] <--- was found
23:21:55.680 INFO  manager.TestNgMyListener - onTestStartnull
23:21:55.680 INFO  manager.MyListener - 'Start find' element ---> By.cssSelector: [href='/add']
23:21:55.693 INFO  manager.MyListener - The element with locator ---> By.cssSelector: [href='/add'] <--- was found
23:21:55.731 INFO  manager.MyListener - 'Start find' element ---> By.cssSelector: [placeholder='Name']
23:21:55.743 INFO  manager.MyListener - The element with locator ---> By.cssSelector: [placeholder='Name'] <--- was found
23:21:55.845 INFO  manager.MyListener - 'Start find' element ---> By.cssSelector: [placeholder='Last Name']
23:21:55.869 INFO  manager.MyListener - The element with locator ---> By.cssSelector: [placeholder='Last Name'] <--- was found
23:21:55.973 INFO  manager.MyListener - 'Start find' element ---> By.cssSelector: [placeholder='Phone']
23:21:55.996 INFO  manager.MyListener - The element with locator ---> By.cssSelector: [placeholder='Phone'] <--- was found
23:21:56.109 INFO  manager.MyListener - 'Start find' element ---> By.cssSelector: [placeholder='email']
23:21:56.124 INFO  manager.MyListener - The element with locator ---> By.cssSelector: [placeholder='email'] <--- was found
23:21:56.239 INFO  manager.MyListener - 'Start find' element ---> By.cssSelector: [placeholder='Address']
23:21:56.249 INFO  manager.MyListener - The element with locator ---> By.cssSelector: [placeholder='Address'] <--- was found
23:21:56.356 INFO  manager.MyListener - 'Start find' element ---> By.cssSelector: [placeholder='description']
23:21:56.375 INFO  manager.MyListener - The element with locator ---> By.cssSelector: [placeholder='description'] <--- was found
23:21:56.478 INFO  manager.MyListener - 'Start find' element ---> By.cssSelector: .add_form__2rsm2 button
23:21:56.499 INFO  manager.MyListener - The element with locator ---> By.cssSelector: .add_form__2rsm2 button <--- was found
23:22:01.582 INFO  manager.MyListener - We have a 'throwable' -- >element not interactable
  (Session info: chrome=100.0.4896.127)
Build info: version: '3.141.59', revision: 'e82be7d358', time: '2018-11-14T08:17:03'
System info: host: 'LAPTOP-VKFDTO5N', ip: '192.168.178.45', os.name: 'Windows 10', os.arch: 'amd64', os.version: '10.0', java.version: '11.0.14'
Driver info: org.openqa.selenium.chrome.ChromeDriver
Capabilities {acceptInsecureCerts: false, browserName: chrome, browserVersion: 100.0.4896.127, chrome: {chromedriverVersion: 100.0.4896.60 (6a5d10861ce8..., userDataDir: C:\Users\RODGER~1\AppData\L...}, goog:chromeOptions: {debuggerAddress: localhost:63704}, javascriptEnabled: true, networkConnectionEnabled: false, pageLoadStrategy: normal, platform: WINDOWS, platformName: WINDOWS, proxy: Proxy(), setWindowRect: true, strictFileInteractability: false, timeouts: {implicit: 0, pageLoad: 300000, script: 30000}, unhandledPromptBehavior: dismiss and notify, webauthn:extension:credBlob: true, webauthn:extension:largeBlob: true, webauthn:virtualAuthenticators: true}
Session ID: 2da29c6199db15bd0aa1dc6361caf0c3
23:22:01.583 INFO  manager.MyListener - We have a 'fill In StackTrace' -- >org.openqa.selenium.ElementNotInteractableException: element not interactable
  (Session info: chrome=100.0.4896.127)
Build info: version: '3.141.59', revision: 'e82be7d358', time: '2018-11-14T08:17:03'
System info: host: 'LAPTOP-VKFDTO5N', ip: '192.168.178.45', os.name: 'Windows 10', os.arch: 'amd64', os.version: '10.0', java.version: '11.0.14'
Driver info: org.openqa.selenium.chrome.ChromeDriver
Capabilities {acceptInsecureCerts: false, browserName: chrome, browserVersion: 100.0.4896.127, chrome: {chromedriverVersion: 100.0.4896.60 (6a5d10861ce8..., userDataDir: C:\Users\RODGER~1\AppData\L...}, goog:chromeOptions: {debuggerAddress: localhost:63704}, javascriptEnabled: true, networkConnectionEnabled: false, pageLoadStrategy: normal, platform: WINDOWS, platformName: WINDOWS, proxy: Proxy(), setWindowRect: true, strictFileInteractability: false, timeouts: {implicit: 0, pageLoad: 300000, script: 30000}, unhandledPromptBehavior: dismiss and notify, webauthn:extension:credBlob: true, webauthn:extension:largeBlob: true, webauthn:virtualAuthenticators: true}
Session ID: 2da29c6199db15bd0aa1dc6361caf0c3
23:22:01.957 INFO  manager.MyListener - This is the link to screen with problem -->src/test/screenshots/screen-1321.png
23:22:01.958 INFO  manager.TestNgMyListener - onTestFailure
23:22:01.960 INFO  tests.TestBase - Start test --->loginModelDataProvider
23:22:01.960 INFO  manager.MyListener - 'Start find' element ---> By.xpath: //*[text()='Sign Out']
23:22:01.980 INFO  manager.MyListener - The element with locator ---> By.xpath: //*[text()='Sign Out'] <--- was found
23:22:01.980 INFO  manager.MyListener - 'Start find' element ---> By.xpath: //*[text()='Sign Out']
23:22:01.995 INFO  manager.MyListener - The element with locator ---> By.xpath: //*[text()='Sign Out'] <--- was found
23:22:02.039 INFO  manager.TestNgMyListener - onTestStartnull
23:22:02.047 INFO  manager.MyListener - 'Start find' element ---> By.cssSelector: [href='/login']
23:22:02.076 INFO  manager.MyListener - The element with locator ---> By.cssSelector: [href='/login'] <--- was found
23:22:02.113 INFO  manager.MyListener - 'Start find' element ---> By.xpath: //input[1]
23:22:02.139 INFO  manager.MyListener - The element with locator ---> By.xpath: //input[1] <--- was found
23:22:02.258 INFO  manager.MyListener - 'Start find' element ---> By.xpath: //input[2]
23:22:02.278 INFO  manager.MyListener - The element with locator ---> By.xpath: //input[2] <--- was found
23:22:02.389 INFO  manager.MyListener - 'Start find' element ---> By.xpath: //*[text()=' Login']
23:22:02.402 INFO  manager.MyListener - The element with locator ---> By.xpath: //*[text()=' Login'] <--- was found
23:22:02.436 INFO  manager.MyListener - 'Start find' element ---> By.xpath: //*[text()='Sign Out']
23:22:02.636 INFO  manager.MyListener - The element with locator ---> By.xpath: //*[text()='Sign Out'] <--- was found
23:22:02.639 INFO  tests.TestBase - Start test --->loginModelDataProvider
23:22:02.639 INFO  manager.MyListener - 'Start find' element ---> By.xpath: //*[text()='Sign Out']
23:22:02.652 INFO  manager.MyListener - The element with locator ---> By.xpath: //*[text()='Sign Out'] <--- was found
23:22:02.652 INFO  manager.MyListener - 'Start find' element ---> By.xpath: //*[text()='Sign Out']
23:22:02.670 INFO  manager.MyListener - The element with locator ---> By.xpath: //*[text()='Sign Out'] <--- was found
23:22:02.711 INFO  manager.TestNgMyListener - onTestStartnull
23:22:02.712 INFO  manager.MyListener - 'Start find' element ---> By.cssSelector: [href='/login']
23:22:02.731 INFO  manager.MyListener - The element with locator ---> By.cssSelector: [href='/login'] <--- was found
23:22:02.768 INFO  manager.MyListener - 'Start find' element ---> By.xpath: //input[1]
23:22:02.778 INFO  manager.MyListener - The element with locator ---> By.xpath: //input[1] <--- was found
23:22:02.897 INFO  manager.MyListener - 'Start find' element ---> By.xpath: //input[2]
23:22:02.920 INFO  manager.MyListener - The element with locator ---> By.xpath: //input[2] <--- was found
23:22:03.033 INFO  manager.MyListener - 'Start find' element ---> By.xpath: //*[text()=' Login']
23:22:03.043 INFO  manager.MyListener - The element with locator ---> By.xpath: //*[text()=' Login'] <--- was found
23:22:03.081 INFO  manager.MyListener - 'Start find' element ---> By.xpath: //*[text()='Sign Out']
23:22:03.153 INFO  manager.MyListener - The element with locator ---> By.xpath: //*[text()='Sign Out'] <--- was found
23:22:03.156 INFO  tests.TestBase - Start test --->loginModelDataProvider
23:22:03.156 INFO  manager.MyListener - 'Start find' element ---> By.xpath: //*[text()='Sign Out']
23:22:03.171 INFO  manager.MyListener - The element with locator ---> By.xpath: //*[text()='Sign Out'] <--- was found
23:22:03.171 INFO  manager.MyListener - 'Start find' element ---> By.xpath: //*[text()='Sign Out']
23:22:03.185 INFO  manager.MyListener - The element with locator ---> By.xpath: //*[text()='Sign Out'] <--- was found
23:22:03.233 INFO  manager.TestNgMyListener - onTestStartnull
23:22:03.234 INFO  manager.MyListener - 'Start find' element ---> By.cssSelector: [href='/login']
23:22:03.250 INFO  manager.MyListener - The element with locator ---> By.cssSelector: [href='/login'] <--- was found
23:22:03.285 INFO  manager.MyListener - 'Start find' element ---> By.xpath: //input[1]
23:22:03.294 INFO  manager.MyListener - The element with locator ---> By.xpath: //input[1] <--- was found
23:22:03.412 INFO  manager.MyListener - 'Start find' element ---> By.xpath: //input[2]
23:22:03.438 INFO  manager.MyListener - The element with locator ---> By.xpath: //input[2] <--- was found
23:22:03.550 INFO  manager.MyListener - 'Start find' element ---> By.xpath: //*[text()=' Login']
23:22:03.562 INFO  manager.MyListener - The element with locator ---> By.xpath: //*[text()=' Login'] <--- was found
23:22:03.601 INFO  manager.MyListener - 'Start find' element ---> By.xpath: //*[text()='Sign Out']
23:22:03.692 INFO  manager.MyListener - The element with locator ---> By.xpath: //*[text()='Sign Out'] <--- was found
23:22:03.693 INFO  tests.TestBase - Start test --->loginModelDataProvider
23:22:03.694 INFO  manager.MyListener - 'Start find' element ---> By.xpath: //*[text()='Sign Out']
23:22:03.705 INFO  manager.MyListener - The element with locator ---> By.xpath: //*[text()='Sign Out'] <--- was found
23:22:03.705 INFO  manager.MyListener - 'Start find' element ---> By.xpath: //*[text()='Sign Out']
23:22:03.719 INFO  manager.MyListener - The element with locator ---> By.xpath: //*[text()='Sign Out'] <--- was found
23:22:03.759 INFO  manager.TestNgMyListener - onTestStartnull
23:22:03.760 INFO  manager.MyListener - 'Start find' element ---> By.cssSelector: [href='/login']
23:22:03.783 INFO  manager.MyListener - The element with locator ---> By.cssSelector: [href='/login'] <--- was found
23:22:03.820 INFO  manager.MyListener - 'Start find' element ---> By.xpath: //input[1]
23:22:03.829 INFO  manager.MyListener - The element with locator ---> By.xpath: //input[1] <--- was found
23:22:03.951 INFO  manager.MyListener - 'Start find' element ---> By.xpath: //input[2]
23:22:03.969 INFO  manager.MyListener - The element with locator ---> By.xpath: //input[2] <--- was found
23:22:04.083 INFO  manager.MyListener - 'Start find' element ---> By.xpath: //*[text()=' Login']
23:22:04.092 INFO  manager.MyListener - The element with locator ---> By.xpath: //*[text()=' Login'] <--- was found
23:22:04.130 INFO  manager.MyListener - 'Start find' element ---> By.xpath: //*[text()='Sign Out']
23:22:04.263 INFO  manager.MyListener - The element with locator ---> By.xpath: //*[text()='Sign Out'] <--- was found
23:22:04.266 INFO  tests.TestBase - Start test --->loginModelDataProviderCSV
23:22:04.266 INFO  manager.MyListener - 'Start find' element ---> By.xpath: //*[text()='Sign Out']
23:22:04.281 INFO  manager.MyListener - The element with locator ---> By.xpath: //*[text()='Sign Out'] <--- was found
23:22:04.281 INFO  manager.MyListener - 'Start find' element ---> By.xpath: //*[text()='Sign Out']
23:22:04.296 INFO  manager.MyListener - The element with locator ---> By.xpath: //*[text()='Sign Out'] <--- was found
23:22:04.334 INFO  manager.TestNgMyListener - onTestStartnull
23:22:04.335 INFO  manager.MyListener - 'Start find' element ---> By.cssSelector: [href='/login']
23:22:04.359 INFO  manager.MyListener - The element with locator ---> By.cssSelector: [href='/login'] <--- was found
23:22:04.395 INFO  manager.MyListener - 'Start find' element ---> By.xpath: //input[1]
23:22:04.406 INFO  manager.MyListener - The element with locator ---> By.xpath: //input[1] <--- was found
23:22:04.527 INFO  manager.MyListener - 'Start find' element ---> By.xpath: //input[2]
23:22:04.548 INFO  manager.MyListener - The element with locator ---> By.xpath: //input[2] <--- was found
23:22:04.662 INFO  manager.MyListener - 'Start find' element ---> By.xpath: //*[text()=' Login']
23:22:04.674 INFO  manager.MyListener - The element with locator ---> By.xpath: //*[text()=' Login'] <--- was found
23:22:04.711 INFO  manager.MyListener - 'Start find' element ---> By.xpath: //*[text()='Sign Out']
23:22:04.797 INFO  manager.MyListener - The element with locator ---> By.xpath: //*[text()='Sign Out'] <--- was found
23:22:04.798 INFO  tests.TestBase - Start test --->loginModelDataProviderCSV
23:22:04.798 INFO  manager.MyListener - 'Start find' element ---> By.xpath: //*[text()='Sign Out']
23:22:04.812 INFO  manager.MyListener - The element with locator ---> By.xpath: //*[text()='Sign Out'] <--- was found
23:22:04.812 INFO  manager.MyListener - 'Start find' element ---> By.xpath: //*[text()='Sign Out']
23:22:04.827 INFO  manager.MyListener - The element with locator ---> By.xpath: //*[text()='Sign Out'] <--- was found
23:22:04.869 INFO  manager.TestNgMyListener - onTestStartnull
23:22:04.870 INFO  manager.MyListener - 'Start find' element ---> By.cssSelector: [href='/login']
23:22:04.893 INFO  manager.MyListener - The element with locator ---> By.cssSelector: [href='/login'] <--- was found
23:22:04.928 INFO  manager.MyListener - 'Start find' element ---> By.xpath: //input[1]
23:22:04.938 INFO  manager.MyListener - The element with locator ---> By.xpath: //input[1] <--- was found
23:22:05.058 INFO  manager.MyListener - 'Start find' element ---> By.xpath: //input[2]
23:22:05.075 INFO  manager.MyListener - The element with locator ---> By.xpath: //input[2] <--- was found
23:22:05.190 INFO  manager.MyListener - 'Start find' element ---> By.xpath: //*[text()=' Login']
23:22:05.202 INFO  manager.MyListener - The element with locator ---> By.xpath: //*[text()=' Login'] <--- was found
23:22:05.240 INFO  manager.MyListener - 'Start find' element ---> By.xpath: //*[text()='Sign Out']
23:22:05.325 INFO  manager.MyListener - The element with locator ---> By.xpath: //*[text()='Sign Out'] <--- was found
23:22:05.326 INFO  tests.TestBase - Start test --->loginModelDataProviderCSV
23:22:05.326 INFO  manager.MyListener - 'Start find' element ---> By.xpath: //*[text()='Sign Out']
23:22:05.341 INFO  manager.MyListener - The element with locator ---> By.xpath: //*[text()='Sign Out'] <--- was found
23:22:05.341 INFO  manager.MyListener - 'Start find' element ---> By.xpath: //*[text()='Sign Out']
23:22:05.358 INFO  manager.MyListener - The element with locator ---> By.xpath: //*[text()='Sign Out'] <--- was found
23:22:05.404 INFO  manager.TestNgMyListener - onTestStartnull
23:22:05.405 INFO  manager.MyListener - 'Start find' element ---> By.cssSelector: [href='/login']
23:22:05.424 INFO  manager.MyListener - The element with locator ---> By.cssSelector: [href='/login'] <--- was found
23:22:05.457 INFO  manager.MyListener - 'Start find' element ---> By.xpath: //input[1]
23:22:05.469 INFO  manager.MyListener - The element with locator ---> By.xpath: //input[1] <--- was found
23:22:05.591 INFO  manager.MyListener - 'Start find' element ---> By.xpath: //input[2]
23:22:05.609 INFO  manager.MyListener - The element with locator ---> By.xpath: //input[2] <--- was found
23:22:05.724 INFO  manager.MyListener - 'Start find' element ---> By.xpath: //*[text()=' Login']
23:22:05.747 INFO  manager.MyListener - The element with locator ---> By.xpath: //*[text()=' Login'] <--- was found
23:22:05.786 INFO  manager.MyListener - 'Start find' element ---> By.xpath: //*[text()='Sign Out']
23:22:05.858 INFO  manager.MyListener - The element with locator ---> By.xpath: //*[text()='Sign Out'] <--- was found
23:22:05.859 INFO  tests.TestBase - Start test --->loginModelDataProviderCSV
23:22:05.860 INFO  manager.MyListener - 'Start find' element ---> By.xpath: //*[text()='Sign Out']
23:22:05.872 INFO  manager.MyListener - The element with locator ---> By.xpath: //*[text()='Sign Out'] <--- was found
23:22:05.872 INFO  manager.MyListener - 'Start find' element ---> By.xpath: //*[text()='Sign Out']
23:22:05.888 INFO  manager.MyListener - The element with locator ---> By.xpath: //*[text()='Sign Out'] <--- was found
23:22:05.930 INFO  manager.TestNgMyListener - onTestStartnull
23:22:05.931 INFO  manager.MyListener - 'Start find' element ---> By.cssSelector: [href='/login']
23:22:05.954 INFO  manager.MyListener - The element with locator ---> By.cssSelector: [href='/login'] <--- was found
23:22:05.988 INFO  manager.MyListener - 'Start find' element ---> By.xpath: //input[1]
23:22:05.999 INFO  manager.MyListener - The element with locator ---> By.xpath: //input[1] <--- was found
23:22:06.121 INFO  manager.MyListener - 'Start find' element ---> By.xpath: //input[2]
23:22:06.138 INFO  manager.MyListener - The element with locator ---> By.xpath: //input[2] <--- was found
23:22:06.254 INFO  manager.MyListener - 'Start find' element ---> By.xpath: //*[text()=' Login']
23:22:06.262 INFO  manager.MyListener - The element with locator ---> By.xpath: //*[text()=' Login'] <--- was found
23:22:06.300 INFO  manager.MyListener - 'Start find' element ---> By.xpath: //*[text()='Sign Out']
23:22:06.371 INFO  manager.MyListener - The element with locator ---> By.xpath: //*[text()='Sign Out'] <--- was found
23:22:06.372 INFO  tests.TestBase - Start test --->loginNegativWrongPassword
23:22:06.373 INFO  manager.MyListener - 'Start find' element ---> By.xpath: //*[text()='Sign Out']
23:22:06.392 INFO  manager.MyListener - The element with locator ---> By.xpath: //*[text()='Sign Out'] <--- was found
23:22:06.392 INFO  manager.MyListener - 'Start find' element ---> By.xpath: //*[text()='Sign Out']
23:22:06.404 INFO  manager.MyListener - The element with locator ---> By.xpath: //*[text()='Sign Out'] <--- was found
23:22:06.447 INFO  manager.TestNgMyListener - onTestStartnull
23:22:06.448 INFO  manager.MyListener - 'Start find' element ---> By.cssSelector: [href='/login']
23:22:06.469 INFO  manager.MyListener - The element with locator ---> By.cssSelector: [href='/login'] <--- was found
23:22:06.503 INFO  manager.MyListener - 'Start find' element ---> By.xpath: //input[1]
23:22:06.514 INFO  manager.MyListener - The element with locator ---> By.xpath: //input[1] <--- was found
23:22:06.637 INFO  manager.MyListener - 'Start find' element ---> By.xpath: //input[2]
23:22:06.653 INFO  manager.MyListener - The element with locator ---> By.xpath: //input[2] <--- was found
23:22:06.762 INFO  manager.MyListener - 'Start find' element ---> By.xpath: //*[text()=' Login']
23:22:06.777 INFO  manager.MyListener - The element with locator ---> By.xpath: //*[text()=' Login'] <--- was found
23:22:06.813 INFO  manager.MyListener - 'Start find' element ---> By.xpath: //*[text()='Sign Out']
23:22:06.894 INFO  manager.MyListener - The element with locator ---> By.xpath: //*[text()='Sign Out'] <--- was found
23:22:07.074 INFO  tests.TestBase - Start test --->loginSuccess
23:22:07.074 INFO  manager.MyListener - 'Start find' element ---> By.xpath: //*[text()='Sign Out']
23:22:12.154 INFO  manager.MyListener - The element with locator ---> By.xpath: //*[text()='Sign Out'] <--- was found
23:22:12.155 INFO  manager.TestNgMyListener - onTestStartnull
23:22:12.156 INFO  tests.TestBase - Start test --->loginSuccessNew
23:22:12.156 INFO  manager.MyListener - 'Start find' element ---> By.xpath: //*[text()='Sign Out']
23:22:17.229 INFO  manager.MyListener - The element with locator ---> By.xpath: //*[text()='Sign Out'] <--- was found
23:22:17.229 INFO  manager.TestNgMyListener - onTestStartnull
23:22:17.236 INFO  tests.TestBase - Tests starts with email: kvitka@gmail.com and password:Kvi12345$
23:22:17.236 INFO  manager.MyListener - 'Start find' element ---> By.cssSelector: [href='/login']
23:22:17.247 INFO  manager.MyListener - The element with locator ---> By.cssSelector: [href='/login'] <--- was found
23:22:17.283 INFO  manager.MyListener - 'Start find' element ---> By.xpath: //input[1]
23:22:17.296 INFO  manager.MyListener - The element with locator ---> By.xpath: //input[1] <--- was found
23:22:17.433 INFO  manager.MyListener - 'Start find' element ---> By.xpath: //input[2]
23:22:17.451 INFO  manager.MyListener - The element with locator ---> By.xpath: //input[2] <--- was found
23:22:17.584 INFO  manager.MyListener - 'Start find' element ---> By.xpath: //*[text()=' Login']
23:22:17.607 INFO  manager.MyListener - The element with locator ---> By.xpath: //*[text()=' Login'] <--- was found
23:22:17.642 INFO  manager.MyListener - 'Start find' element ---> By.xpath: //*[text()='Sign Out']
23:22:17.843 INFO  manager.MyListener - The element with locator ---> By.xpath: //*[text()='Sign Out'] <--- was found
23:22:17.843 INFO  tests.TestBase - Test passed
23:22:17.844 INFO  tests.TestBase - Start test --->loginSuccessNew
23:22:17.845 INFO  manager.MyListener - 'Start find' element ---> By.xpath: //*[text()='Sign Out']
23:22:17.862 INFO  manager.MyListener - The element with locator ---> By.xpath: //*[text()='Sign Out'] <--- was found
23:22:17.862 INFO  manager.MyListener - 'Start find' element ---> By.xpath: //*[text()='Sign Out']
23:22:17.876 INFO  manager.MyListener - The element with locator ---> By.xpath: //*[text()='Sign Out'] <--- was found
23:22:17.918 INFO  manager.TestNgMyListener - onTestStartnull
23:22:17.918 INFO  tests.TestBase - Tests starts with email: mona@gmail.com and password:Mm12345$
23:22:17.918 INFO  manager.MyListener - 'Start find' element ---> By.cssSelector: [href='/login']
23:22:17.941 INFO  manager.MyListener - The element with locator ---> By.cssSelector: [href='/login'] <--- was found
23:22:17.975 INFO  manager.MyListener - 'Start find' element ---> By.xpath: //input[1]
23:22:17.986 INFO  manager.MyListener - The element with locator ---> By.xpath: //input[1] <--- was found
23:22:18.106 INFO  manager.MyListener - 'Start find' element ---> By.xpath: //input[2]
23:22:18.125 INFO  manager.MyListener - The element with locator ---> By.xpath: //input[2] <--- was found
23:22:18.242 INFO  manager.MyListener - 'Start find' element ---> By.xpath: //*[text()=' Login']
23:22:18.252 INFO  manager.MyListener - The element with locator ---> By.xpath: //*[text()=' Login'] <--- was found
23:22:18.292 INFO  manager.MyListener - 'Start find' element ---> By.xpath: //*[text()='Sign Out']
23:22:18.376 INFO  manager.MyListener - The element with locator ---> By.xpath: //*[text()='Sign Out'] <--- was found
23:22:18.376 INFO  tests.TestBase - Test passed
23:22:18.377 INFO  tests.TestBase - Start test --->loginSuccessNew
23:22:18.378 INFO  manager.MyListener - 'Start find' element ---> By.xpath: //*[text()='Sign Out']
23:22:18.393 INFO  manager.MyListener - The element with locator ---> By.xpath: //*[text()='Sign Out'] <--- was found
23:22:18.393 INFO  manager.MyListener - 'Start find' element ---> By.xpath: //*[text()='Sign Out']
23:22:18.409 INFO  manager.MyListener - The element with locator ---> By.xpath: //*[text()='Sign Out'] <--- was found
23:22:18.448 INFO  manager.TestNgMyListener - onTestStartnull
23:22:18.449 INFO  tests.TestBase - Tests starts with email: zoa@gmail.com and password:Zoa12345$
23:22:18.449 INFO  manager.MyListener - 'Start find' element ---> By.cssSelector: [href='/login']
23:22:18.461 INFO  manager.MyListener - The element with locator ---> By.cssSelector: [href='/login'] <--- was found
23:22:18.499 INFO  manager.MyListener - 'Start find' element ---> By.xpath: //input[1]
23:22:18.521 INFO  manager.MyListener - The element with locator ---> By.xpath: //input[1] <--- was found
23:22:18.639 INFO  manager.MyListener - 'Start find' element ---> By.xpath: //input[2]
23:22:18.660 INFO  manager.MyListener - The element with locator ---> By.xpath: //input[2] <--- was found
23:22:18.777 INFO  manager.MyListener - 'Start find' element ---> By.xpath: //*[text()=' Login']
23:22:18.788 INFO  manager.MyListener - The element with locator ---> By.xpath: //*[text()=' Login'] <--- was found
23:22:18.826 INFO  manager.MyListener - 'Start find' element ---> By.xpath: //*[text()='Sign Out']
23:22:18.899 INFO  manager.MyListener - The element with locator ---> By.xpath: //*[text()='Sign Out'] <--- was found
23:22:18.899 INFO  tests.TestBase - Test passed
23:22:18.900 INFO  tests.TestBase - Start test --->loginSuccessNew
23:22:18.900 INFO  manager.MyListener - 'Start find' element ---> By.xpath: //*[text()='Sign Out']
23:22:18.913 INFO  manager.MyListener - The element with locator ---> By.xpath: //*[text()='Sign Out'] <--- was found
23:22:18.913 INFO  manager.MyListener - 'Start find' element ---> By.xpath: //*[text()='Sign Out']
23:22:18.930 INFO  manager.MyListener - The element with locator ---> By.xpath: //*[text()='Sign Out'] <--- was found
23:22:18.972 INFO  manager.TestNgMyListener - onTestStartnull
23:22:18.972 INFO  tests.TestBase - Tests starts with email: wick416@gmail.com and password:Ww12345$
23:22:18.972 INFO  manager.MyListener - 'Start find' element ---> By.cssSelector: [href='/login']
23:22:18.992 INFO  manager.MyListener - The element with locator ---> By.cssSelector: [href='/login'] <--- was found
23:22:19.028 INFO  manager.MyListener - 'Start find' element ---> By.xpath: //input[1]
23:22:19.040 INFO  manager.MyListener - The element with locator ---> By.xpath: //input[1] <--- was found
23:22:19.161 INFO  manager.MyListener - 'Start find' element ---> By.xpath: //input[2]
23:22:19.177 INFO  manager.MyListener - The element with locator ---> By.xpath: //input[2] <--- was found
23:22:19.293 INFO  manager.MyListener - 'Start find' element ---> By.xpath: //*[text()=' Login']
23:22:19.304 INFO  manager.MyListener - The element with locator ---> By.xpath: //*[text()=' Login'] <--- was found
23:22:19.341 INFO  manager.MyListener - 'Start find' element ---> By.xpath: //*[text()='Sign Out']
23:22:19.417 INFO  manager.MyListener - The element with locator ---> By.xpath: //*[text()='Sign Out'] <--- was found
23:22:19.418 INFO  tests.TestBase - Test passed
23:22:19.419 INFO  tests.TestBase - Start test --->loginSuccessNewModel
23:22:19.419 INFO  manager.MyListener - 'Start find' element ---> By.xpath: //*[text()='Sign Out']
23:22:19.431 INFO  manager.MyListener - The element with locator ---> By.xpath: //*[text()='Sign Out'] <--- was found
23:22:19.432 INFO  manager.MyListener - 'Start find' element ---> By.xpath: //*[text()='Sign Out']
23:22:19.445 INFO  manager.MyListener - The element with locator ---> By.xpath: //*[text()='Sign Out'] <--- was found
23:22:19.487 INFO  manager.TestNgMyListener - onTestStartnull
23:22:19.488 INFO  manager.MyListener - 'Start find' element ---> By.cssSelector: [href='/login']
23:22:19.510 INFO  manager.MyListener - The element with locator ---> By.cssSelector: [href='/login'] <--- was found
23:22:19.544 INFO  manager.MyListener - 'Start find' element ---> By.xpath: //input[1]
23:22:19.556 INFO  manager.MyListener - The element with locator ---> By.xpath: //input[1] <--- was found
23:22:19.676 INFO  manager.MyListener - 'Start find' element ---> By.xpath: //input[2]
23:22:19.696 INFO  manager.MyListener - The element with locator ---> By.xpath: //input[2] <--- was found
23:22:19.817 INFO  manager.MyListener - 'Start find' element ---> By.xpath: //*[text()=' Login']
23:22:19.838 INFO  manager.MyListener - The element with locator ---> By.xpath: //*[text()=' Login'] <--- was found
23:22:19.874 INFO  manager.MyListener - 'Start find' element ---> By.xpath: //*[text()='Sign Out']
23:22:19.950 INFO  manager.MyListener - The element with locator ---> By.xpath: //*[text()='Sign Out'] <--- was found
23:22:19.951 INFO  manager.TestNgMyListener - onTestStartnull
23:22:21.891 INFO  tests.TestBase - Start test --->registrationSuccess
23:22:21.892 INFO  manager.MyListener - 'Start find' element ---> By.xpath: //*[text()='Sign Out']
23:22:21.922 INFO  manager.MyListener - The element with locator ---> By.xpath: //*[text()='Sign Out'] <--- was found
23:22:21.922 INFO  manager.MyListener - 'Start find' element ---> By.xpath: //*[text()='Sign Out']
23:22:21.933 INFO  manager.MyListener - The element with locator ---> By.xpath: //*[text()='Sign Out'] <--- was found
23:22:21.982 INFO  manager.TestNgMyListener - onTestStartnull
23:22:21.985 INFO  tests.TestBase - zha1341@gmail.com
23:22:21.985 INFO  tests.TestBase - The index is:1341
23:22:21.986 INFO  manager.MyListener - 'Start find' element ---> By.cssSelector: [href='/login']
23:22:22.012 INFO  manager.MyListener - The element with locator ---> By.cssSelector: [href='/login'] <--- was found
23:22:22.058 INFO  manager.MyListener - 'Start find' element ---> By.xpath: //input[1]
23:22:22.073 INFO  manager.MyListener - The element with locator ---> By.xpath: //input[1] <--- was found
23:22:22.193 INFO  manager.MyListener - 'Start find' element ---> By.xpath: //input[2]
23:22:22.211 INFO  manager.MyListener - The element with locator ---> By.xpath: //input[2] <--- was found
23:22:22.326 INFO  manager.MyListener - 'Start find' element ---> By.xpath: //button[2]
23:22:22.351 INFO  manager.MyListener - The element with locator ---> By.xpath: //button[2] <--- was found
23:22:22.385 INFO  manager.MyListener - 'Start find' element ---> By.xpath: //*[text()='Sign Out']
23:22:22.644 INFO  manager.MyListener - The element with locator ---> By.xpath: //*[text()='Sign Out'] <--- was found
23:22:22.645 INFO  tests.TestBase - Start test --->registrationSuccessModel
23:22:22.645 INFO  manager.MyListener - 'Start find' element ---> By.xpath: //*[text()='Sign Out']
23:22:22.660 INFO  manager.MyListener - The element with locator ---> By.xpath: //*[text()='Sign Out'] <--- was found
23:22:22.660 INFO  manager.MyListener - 'Start find' element ---> By.xpath: //*[text()='Sign Out']
23:22:22.676 INFO  manager.MyListener - The element with locator ---> By.xpath: //*[text()='Sign Out'] <--- was found
23:22:22.730 INFO  manager.TestNgMyListener - onTestStartnull
23:22:22.732 INFO  manager.MyListener - 'Start find' element ---> By.cssSelector: [href='/login']
23:22:22.756 INFO  manager.MyListener - The element with locator ---> By.cssSelector: [href='/login'] <--- was found
23:22:22.794 INFO  manager.MyListener - 'Start find' element ---> By.xpath: //input[1]
23:22:22.820 INFO  manager.MyListener - The element with locator ---> By.xpath: //input[1] <--- was found
23:22:22.942 INFO  manager.MyListener - 'Start find' element ---> By.xpath: //input[2]
23:22:22.959 INFO  manager.MyListener - The element with locator ---> By.xpath: //input[2] <--- was found
23:22:23.075 INFO  manager.MyListener - 'Start find' element ---> By.xpath: //button[2]
23:22:23.085 INFO  manager.MyListener - The element with locator ---> By.xpath: //button[2] <--- was found
23:22:23.121 INFO  manager.MyListener - 'Start find' element ---> By.xpath: //*[text()='Sign Out']
23:22:23.197 INFO  manager.MyListener - The element with locator ---> By.xpath: //*[text()='Sign Out'] <--- was found
23:22:23.199 INFO  tests.TestBase - Start test --->removeAllContact
23:22:23.200 INFO  manager.MyListener - 'Start find' element ---> By.xpath: //*[text()='Sign Out']
23:22:23.211 INFO  manager.MyListener - The element with locator ---> By.xpath: //*[text()='Sign Out'] <--- was found
23:22:23.211 INFO  manager.TestNgMyListener - onTestStartnull
23:22:23.212 INFO  manager.MyListener - 'Start find' element ---> By.cssSelector: .contact-item_card__2SOIM
23:22:28.276 INFO  manager.MyListener - The element with locator ---> By.cssSelector: .contact-item_card__2SOIM <--- was found
23:22:28.277 INFO  tests.TestBase - Start test --->removeOneContact
23:22:28.277 INFO  manager.MyListener - 'Start find' element ---> By.xpath: //*[text()='Sign Out']
23:22:28.292 INFO  manager.MyListener - The element with locator ---> By.xpath: //*[text()='Sign Out'] <--- was found
23:22:28.293 INFO  manager.TestNgMyListener - onTestStartnull
23:22:28.293 INFO  manager.MyListener - 'Start find' element ---> By.cssSelector: .contact-item_card__2SOIM
23:22:33.364 INFO  manager.MyListener - The element with locator ---> By.cssSelector: .contact-item_card__2SOIM <--- was found
23:22:33.364 INFO  manager.MyListener - 'Start find' element ---> By.cssSelector: .contact-item_card__2SOIM
23:22:38.439 INFO  manager.MyListener - The element with locator ---> By.cssSelector: .contact-item_card__2SOIM <--- was found
23:22:38.439 INFO  manager.MyListener - 'Start find' element ---> By.cssSelector: .contact-item_card__2SOIM
23:22:43.505 INFO  manager.MyListener - The element with locator ---> By.cssSelector: .contact-item_card__2SOIM <--- was found
23:22:43.506 INFO  manager.TestNgMyListener - onTestFailure
