17:35:31.765 INFO  manager.ApplicationManager - The link is-->https://contacts-app.tobbymarshall815.vercel.app/home
17:35:31.898 INFO  tests.TestBase - Start test --->addNewContactSuccess
17:35:31.903 INFO  manager.MyListener - 'Start find' element ---> By.xpath: //*[text()='Sign Out']
17:35:36.991 INFO  manager.MyListener - The element with locator ---> By.xpath: //*[text()='Sign Out'] <--- was found
17:35:36.994 INFO  manager.MyListener - 'Start find' element ---> By.cssSelector: [href='/login']
17:35:37.033 INFO  manager.MyListener - The element with locator ---> By.cssSelector: [href='/login'] <--- was found
17:35:37.539 INFO  manager.MyListener - 'Start find' element ---> By.xpath: //input[1]
17:35:37.573 INFO  manager.MyListener - The element with locator ---> By.xpath: //input[1] <--- was found
17:35:37.834 INFO  manager.MyListener - 'Start find' element ---> By.xpath: //input[2]
17:35:37.856 INFO  manager.MyListener - The element with locator ---> By.xpath: //input[2] <--- was found
17:35:38.080 INFO  manager.MyListener - 'Start find' element ---> By.xpath: //*[text()=' Login']
17:35:38.123 INFO  manager.MyListener - The element with locator ---> By.xpath: //*[text()=' Login'] <--- was found
17:35:38.222 INFO  manager.MyListener - 'Start find' element ---> By.cssSelector: [href='/add']
17:35:38.626 INFO  manager.MyListener - The element with locator ---> By.cssSelector: [href='/add'] <--- was found
17:35:38.690 INFO  manager.MyListener - 'Start find' element ---> By.cssSelector: [placeholder='Name']
17:35:38.725 INFO  manager.MyListener - The element with locator ---> By.cssSelector: [placeholder='Name'] <--- was found
17:35:39.011 INFO  manager.MyListener - 'Start find' element ---> By.cssSelector: [placeholder='Last Name']
17:35:39.035 INFO  manager.MyListener - The element with locator ---> By.cssSelector: [placeholder='Last Name'] <--- was found
17:35:39.173 INFO  manager.MyListener - 'Start find' element ---> By.cssSelector: [placeholder='Phone']
17:35:39.207 INFO  manager.MyListener - The element with locator ---> By.cssSelector: [placeholder='Phone'] <--- was found
17:35:39.365 INFO  manager.MyListener - 'Start find' element ---> By.cssSelector: [placeholder='email']
17:35:39.389 INFO  manager.MyListener - The element with locator ---> By.cssSelector: [placeholder='email'] <--- was found
17:35:39.746 INFO  manager.MyListener - 'Start find' element ---> By.cssSelector: [placeholder='Address']
17:35:39.771 INFO  manager.MyListener - The element with locator ---> By.cssSelector: [placeholder='Address'] <--- was found
17:35:39.944 INFO  manager.MyListener - 'Start find' element ---> By.cssSelector: [placeholder='description']
17:35:39.973 INFO  manager.MyListener - The element with locator ---> By.cssSelector: [placeholder='description'] <--- was found
17:35:40.313 INFO  manager.MyListener - 'Start find' element ---> By.cssSelector: .add_form__2rsm2 button
17:35:40.341 INFO  manager.MyListener - The element with locator ---> By.cssSelector: .add_form__2rsm2 button <--- was found
17:35:45.696 INFO  manager.MyListener - We have a 'throwable' -- >element not interactable
  (Session info: chrome=100.0.4896.127)
Build info: version: '3.141.59', revision: 'e82be7d358', time: '2018-11-14T08:17:03'
System info: host: 'LAPTOP-VKFDTO5N', ip: '192.168.178.45', os.name: 'Windows 10', os.arch: 'amd64', os.version: '10.0', java.version: '11.0.14'
Driver info: org.openqa.selenium.chrome.ChromeDriver
Capabilities {acceptInsecureCerts: false, browserName: chrome, browserVersion: 100.0.4896.127, chrome: {chromedriverVersion: 100.0.4896.60 (6a5d10861ce8..., userDataDir: C:\Users\RODGER~1\AppData\L...}, goog:chromeOptions: {debuggerAddress: localhost:61409}, javascriptEnabled: true, networkConnectionEnabled: false, pageLoadStrategy: normal, platform: WINDOWS, platformName: WINDOWS, proxy: Proxy(), setWindowRect: true, strictFileInteractability: false, timeouts: {implicit: 0, pageLoad: 300000, script: 30000}, unhandledPromptBehavior: dismiss and notify, webauthn:extension:credBlob: true, webauthn:extension:largeBlob: true, webauthn:virtualAuthenticators: true}
Session ID: d7e03630b8c95dffa0dfa30104dc59df
17:35:45.700 INFO  manager.MyListener - We have a 'fill In StackTrace' -- >org.openqa.selenium.ElementNotInteractableException: element not interactable
  (Session info: chrome=100.0.4896.127)
Build info: version: '3.141.59', revision: 'e82be7d358', time: '2018-11-14T08:17:03'
System info: host: 'LAPTOP-VKFDTO5N', ip: '192.168.178.45', os.name: 'Windows 10', os.arch: 'amd64', os.version: '10.0', java.version: '11.0.14'
Driver info: org.openqa.selenium.chrome.ChromeDriver
Capabilities {acceptInsecureCerts: false, browserName: chrome, browserVersion: 100.0.4896.127, chrome: {chromedriverVersion: 100.0.4896.60 (6a5d10861ce8..., userDataDir: C:\Users\RODGER~1\AppData\L...}, goog:chromeOptions: {debuggerAddress: localhost:61409}, javascriptEnabled: true, networkConnectionEnabled: false, pageLoadStrategy: normal, platform: WINDOWS, platformName: WINDOWS, proxy: Proxy(), setWindowRect: true, strictFileInteractability: false, timeouts: {implicit: 0, pageLoad: 300000, script: 30000}, unhandledPromptBehavior: dismiss and notify, webauthn:extension:credBlob: true, webauthn:extension:largeBlob: true, webauthn:virtualAuthenticators: true}
Session ID: d7e03630b8c95dffa0dfa30104dc59df
17:35:47.180 INFO  manager.MyListener - This is the link to screen with problem -->src/test/screenshots/screen-2145.png
