23:57:19.982 INFO  manager.ApplicationManager - The link is-->https://contacts-app.tobbymarshall815.vercel.app/home
23:57:20.021 INFO  tests.TestBase - Start test --->addNewContactSuccess
23:57:20.024 INFO  manager.MyListener - 'Start find' element ---> By.xpath: //*[text()='Sign Out']
23:57:25.077 INFO  manager.MyListener - The element with locator ---> By.xpath: //*[text()='Sign Out'] <--- was found
23:57:25.078 INFO  manager.MyListener - 'Start find' element ---> By.cssSelector: [href='/login']
23:57:25.095 INFO  manager.MyListener - The element with locator ---> By.cssSelector: [href='/login'] <--- was found
23:57:25.176 INFO  manager.MyListener - 'Start find' element ---> By.xpath: //input[1]
23:57:25.202 INFO  manager.MyListener - The element with locator ---> By.xpath: //input[1] <--- was found
23:57:25.334 INFO  manager.MyListener - 'Start find' element ---> By.xpath: //input[2]
23:57:25.367 INFO  manager.MyListener - The element with locator ---> By.xpath: //input[2] <--- was found
23:57:25.492 INFO  manager.MyListener - 'Start find' element ---> By.xpath: //*[text()=' Login']
23:57:25.520 INFO  manager.MyListener - The element with locator ---> By.xpath: //*[text()=' Login'] <--- was found
23:57:25.560 INFO  manager.MyListener - 'Start find' element ---> By.cssSelector: [href='/add']
23:57:25.954 INFO  manager.MyListener - The element with locator ---> By.cssSelector: [href='/add'] <--- was found
23:57:26.002 INFO  manager.MyListener - 'Start find' element ---> By.cssSelector: [placeholder='Name']
23:57:26.026 INFO  manager.MyListener - The element with locator ---> By.cssSelector: [placeholder='Name'] <--- was found
23:57:26.162 INFO  manager.MyListener - 'Start find' element ---> By.cssSelector: [placeholder='Last Name']
23:57:26.178 INFO  manager.MyListener - The element with locator ---> By.cssSelector: [placeholder='Last Name'] <--- was found
23:57:26.299 INFO  manager.MyListener - 'Start find' element ---> By.cssSelector: [placeholder='Phone']
23:57:26.315 INFO  manager.MyListener - The element with locator ---> By.cssSelector: [placeholder='Phone'] <--- was found
23:57:26.439 INFO  manager.MyListener - 'Start find' element ---> By.cssSelector: [placeholder='email']
23:57:26.460 INFO  manager.MyListener - The element with locator ---> By.cssSelector: [placeholder='email'] <--- was found
23:57:26.578 INFO  manager.MyListener - 'Start find' element ---> By.cssSelector: [placeholder='Address']
23:57:26.597 INFO  manager.MyListener - The element with locator ---> By.cssSelector: [placeholder='Address'] <--- was found
23:57:26.710 INFO  manager.MyListener - 'Start find' element ---> By.cssSelector: [placeholder='description']
23:57:26.724 INFO  manager.MyListener - The element with locator ---> By.cssSelector: [placeholder='description'] <--- was found
23:57:26.854 INFO  manager.MyListener - 'Start find' element ---> By.cssSelector: .add_form__2rsm2 button
23:57:26.868 INFO  manager.MyListener - The element with locator ---> By.cssSelector: .add_form__2rsm2 button <--- was found
23:57:31.970 INFO  manager.MyListener - We have a 'throwable' -- >element not interactable
  (Session info: chrome=100.0.4896.127)
Build info: version: '3.141.59', revision: 'e82be7d358', time: '2018-11-14T08:17:03'
System info: host: 'LAPTOP-VKFDTO5N', ip: '192.168.178.45', os.name: 'Windows 10', os.arch: 'amd64', os.version: '10.0', java.version: '11.0.14'
Driver info: org.openqa.selenium.chrome.ChromeDriver
Capabilities {acceptInsecureCerts: false, browserName: chrome, browserVersion: 100.0.4896.127, chrome: {chromedriverVersion: 100.0.4896.60 (6a5d10861ce8..., userDataDir: C:\Users\RODGER~1\AppData\L...}, goog:chromeOptions: {debuggerAddress: localhost:65071}, javascriptEnabled: true, networkConnectionEnabled: false, pageLoadStrategy: normal, platform: WINDOWS, platformName: WINDOWS, proxy: Proxy(), setWindowRect: true, strictFileInteractability: false, timeouts: {implicit: 0, pageLoad: 300000, script: 30000}, unhandledPromptBehavior: dismiss and notify, webauthn:extension:credBlob: true, webauthn:extension:largeBlob: true, webauthn:virtualAuthenticators: true}
Session ID: 00a1662908a1ee60a7366dfdf63b36f7
23:57:31.971 INFO  manager.MyListener - We have a 'fill In StackTrace' -- >org.openqa.selenium.ElementNotInteractableException: element not interactable
  (Session info: chrome=100.0.4896.127)
Build info: version: '3.141.59', revision: 'e82be7d358', time: '2018-11-14T08:17:03'
System info: host: 'LAPTOP-VKFDTO5N', ip: '192.168.178.45', os.name: 'Windows 10', os.arch: 'amd64', os.version: '10.0', java.version: '11.0.14'
Driver info: org.openqa.selenium.chrome.ChromeDriver
Capabilities {acceptInsecureCerts: false, browserName: chrome, browserVersion: 100.0.4896.127, chrome: {chromedriverVersion: 100.0.4896.60 (6a5d10861ce8..., userDataDir: C:\Users\RODGER~1\AppData\L...}, goog:chromeOptions: {debuggerAddress: localhost:65071}, javascriptEnabled: true, networkConnectionEnabled: false, pageLoadStrategy: normal, platform: WINDOWS, platformName: WINDOWS, proxy: Proxy(), setWindowRect: true, strictFileInteractability: false, timeouts: {implicit: 0, pageLoad: 300000, script: 30000}, unhandledPromptBehavior: dismiss and notify, webauthn:extension:credBlob: true, webauthn:extension:largeBlob: true, webauthn:virtualAuthenticators: true}
Session ID: 00a1662908a1ee60a7366dfdf63b36f7
23:57:32.352 INFO  manager.MyListener - This is the link to screen with problem -->src/test/screenshots/screen-3451.png
