18:36:28.755 INFO  manager.ApplicationManager - The link is-->https://contacts-app.tobbymarshall815.vercel.app/home
18:36:28.907 INFO  tests.TestBase - Start test --->removeOneContact
18:36:28.916 INFO  manager.MyListener - 'Start find' element ---> By.xpath: //*[text()='Sign Out']
18:36:34.035 INFO  manager.MyListener - The element with locator ---> By.xpath: //*[text()='Sign Out'] <--- was found
18:36:34.120 INFO  manager.MyListener - 'Start find' element ---> By.cssSelector: [href='/login']
18:36:34.159 INFO  manager.MyListener - The element with locator ---> By.cssSelector: [href='/login'] <--- was found
18:36:34.411 INFO  manager.MyListener - 'Start find' element ---> By.xpath: //input[1]
18:36:34.519 INFO  manager.MyListener - The element with locator ---> By.xpath: //input[1] <--- was found
18:36:34.986 INFO  manager.MyListener - 'Start find' element ---> By.xpath: //input[2]
18:36:35.012 INFO  manager.MyListener - The element with locator ---> By.xpath: //input[2] <--- was found
18:36:35.197 INFO  manager.MyListener - 'Start find' element ---> By.xpath: //*[text()=' Login']
18:36:35.238 INFO  manager.MyListener - The element with locator ---> By.xpath: //*[text()=' Login'] <--- was found
18:36:35.330 INFO  manager.MyListener - 'Start find' element ---> By.cssSelector: .contact-item_card__2SOIM
18:36:40.344 INFO  manager.MyListener - The element with locator ---> By.cssSelector: .contact-item_card__2SOIM <--- was found
18:36:40.344 INFO  manager.MyListener - 'Start find' element ---> By.cssSelector: .contact-item_card__2SOIM
18:36:45.372 INFO  manager.MyListener - The element with locator ---> By.cssSelector: .contact-item_card__2SOIM <--- was found
18:36:45.373 INFO  manager.MyListener - 'Start find' element ---> By.cssSelector: .contact-item_card__2SOIM
18:36:50.458 INFO  manager.MyListener - The element with locator ---> By.cssSelector: .contact-item_card__2SOIM <--- was found
18:36:50.458 INFO  manager.MyListener - 'Start find' element ---> By.cssSelector: .contact-item_card__2SOIM
18:36:55.518 INFO  manager.MyListener - The element with locator ---> By.cssSelector: .contact-item_card__2SOIM <--- was found
18:36:55.519 INFO  manager.MyListener - 'Start find' element ---> By.cssSelector: .contact-item_card__2SOIM
18:37:00.595 INFO  manager.MyListener - The element with locator ---> By.cssSelector: .contact-item_card__2SOIM <--- was found
18:37:00.596 INFO  manager.MyListener - 'Start find' element ---> By.cssSelector: .contact-item_card__2SOIM
18:37:05.646 INFO  manager.MyListener - The element with locator ---> By.cssSelector: .contact-item_card__2SOIM <--- was found
18:37:05.647 INFO  manager.MyListener - 'Start find' element ---> By.cssSelector: .contact-item_card__2SOIM
18:37:10.724 INFO  manager.MyListener - The element with locator ---> By.cssSelector: .contact-item_card__2SOIM <--- was found
18:37:10.726 INFO  manager.MyListener - 'Start find' element ---> By.cssSelector: .contact-item_card__2SOIM
18:37:15.784 INFO  manager.MyListener - The element with locator ---> By.cssSelector: .contact-item_card__2SOIM <--- was found
18:37:15.786 INFO  manager.MyListener - 'Start find' element ---> By.cssSelector: .contact-item_card__2SOIM
18:37:20.843 INFO  manager.MyListener - The element with locator ---> By.cssSelector: .contact-item_card__2SOIM <--- was found
18:37:20.844 INFO  manager.MyListener - 'Start find' element ---> By.cssSelector: .contact-item_card__2SOIM
18:37:25.890 INFO  manager.MyListener - The element with locator ---> By.cssSelector: .contact-item_card__2SOIM <--- was found
18:37:25.892 INFO  manager.MyListener - 'Start find' element ---> By.cssSelector: .contact-item_card__2SOIM
18:37:30.981 INFO  manager.MyListener - The element with locator ---> By.cssSelector: .contact-item_card__2SOIM <--- was found
18:37:30.982 INFO  manager.MyListener - 'Start find' element ---> By.cssSelector: .contact-item_card__2SOIM
18:37:36.043 INFO  manager.MyListener - The element with locator ---> By.cssSelector: .contact-item_card__2SOIM <--- was found
18:37:36.044 INFO  manager.MyListener - 'Start find' element ---> By.cssSelector: .contact-item_card__2SOIM
18:37:41.076 INFO  manager.MyListener - The element with locator ---> By.cssSelector: .contact-item_card__2SOIM <--- was found
18:37:41.077 INFO  manager.MyListener - 'Start find' element ---> By.cssSelector: .contact-item_card__2SOIM
18:37:46.169 INFO  manager.MyListener - The element with locator ---> By.cssSelector: .contact-item_card__2SOIM <--- was found
18:37:46.170 INFO  manager.MyListener - 'Start find' element ---> By.cssSelector: .contact-item_card__2SOIM
18:37:51.195 INFO  manager.MyListener - The element with locator ---> By.cssSelector: .contact-item_card__2SOIM <--- was found
18:37:51.196 INFO  manager.MyListener - 'Start find' element ---> By.cssSelector: .contact-item_card__2SOIM
18:37:56.224 INFO  manager.MyListener - The element with locator ---> By.cssSelector: .contact-item_card__2SOIM <--- was found
18:37:56.225 INFO  manager.MyListener - 'Start find' element ---> By.cssSelector: .contact-item_card__2SOIM
18:38:01.248 INFO  manager.MyListener - The element with locator ---> By.cssSelector: .contact-item_card__2SOIM <--- was found
18:38:01.250 INFO  manager.MyListener - 'Start find' element ---> By.cssSelector: .contact-item_card__2SOIM
18:38:06.334 INFO  manager.MyListener - The element with locator ---> By.cssSelector: .contact-item_card__2SOIM <--- was found
18:38:06.336 INFO  manager.MyListener - 'Start find' element ---> By.cssSelector: .contact-item_card__2SOIM
18:38:11.377 INFO  manager.MyListener - The element with locator ---> By.cssSelector: .contact-item_card__2SOIM <--- was found
18:38:11.378 INFO  manager.MyListener - 'Start find' element ---> By.cssSelector: .contact-item_card__2SOIM
18:38:16.452 INFO  manager.MyListener - The element with locator ---> By.cssSelector: .contact-item_card__2SOIM <--- was found
18:38:16.454 INFO  manager.MyListener - 'Start find' element ---> By.cssSelector: .contact-item_card__2SOIM
18:38:21.496 INFO  manager.MyListener - The element with locator ---> By.cssSelector: .contact-item_card__2SOIM <--- was found
18:38:21.498 INFO  manager.MyListener - 'Start find' element ---> By.cssSelector: .contact-item_card__2SOIM
18:38:26.586 INFO  manager.MyListener - The element with locator ---> By.cssSelector: .contact-item_card__2SOIM <--- was found
18:38:26.587 INFO  manager.MyListener - 'Start find' element ---> By.cssSelector: .contact-item_card__2SOIM
18:38:31.651 INFO  manager.MyListener - The element with locator ---> By.cssSelector: .contact-item_card__2SOIM <--- was found
18:38:31.651 INFO  manager.MyListener - 'Start find' element ---> By.cssSelector: .contact-item_card__2SOIM
18:38:36.697 INFO  manager.MyListener - The element with locator ---> By.cssSelector: .contact-item_card__2SOIM <--- was found
18:38:36.698 INFO  manager.MyListener - 'Start find' element ---> By.cssSelector: .contact-item_card__2SOIM
18:38:41.739 INFO  manager.MyListener - The element with locator ---> By.cssSelector: .contact-item_card__2SOIM <--- was found
18:38:41.740 INFO  manager.MyListener - 'Start find' element ---> By.cssSelector: .contact-item_card__2SOIM
18:38:46.829 INFO  manager.MyListener - The element with locator ---> By.cssSelector: .contact-item_card__2SOIM <--- was found
18:38:46.830 INFO  manager.MyListener - 'Start find' element ---> By.cssSelector: .contact-item_card__2SOIM
18:38:51.892 INFO  manager.MyListener - The element with locator ---> By.cssSelector: .contact-item_card__2SOIM <--- was found
18:38:51.892 INFO  manager.MyListener - 'Start find' element ---> By.cssSelector: .contact-item_card__2SOIM
18:38:56.953 INFO  manager.MyListener - The element with locator ---> By.cssSelector: .contact-item_card__2SOIM <--- was found
18:38:56.954 INFO  manager.MyListener - 'Start find' element ---> By.cssSelector: .contact-item_card__2SOIM
18:39:02.043 INFO  manager.MyListener - The element with locator ---> By.cssSelector: .contact-item_card__2SOIM <--- was found
18:39:02.044 INFO  manager.MyListener - 'Start find' element ---> By.cssSelector: .contact-item_card__2SOIM
18:39:07.078 INFO  manager.MyListener - The element with locator ---> By.cssSelector: .contact-item_card__2SOIM <--- was found
18:39:07.079 INFO  manager.MyListener - 'Start find' element ---> By.cssSelector: .contact-item_card__2SOIM
18:39:12.163 INFO  manager.MyListener - The element with locator ---> By.cssSelector: .contact-item_card__2SOIM <--- was found
18:39:12.164 INFO  manager.MyListener - 'Start find' element ---> By.cssSelector: .contact-item_card__2SOIM
18:39:17.190 INFO  manager.MyListener - The element with locator ---> By.cssSelector: .contact-item_card__2SOIM <--- was found
18:39:17.191 INFO  manager.MyListener - 'Start find' element ---> By.cssSelector: .contact-item_card__2SOIM
18:39:22.263 INFO  manager.MyListener - The element with locator ---> By.cssSelector: .contact-item_card__2SOIM <--- was found
18:39:22.265 INFO  manager.MyListener - 'Start find' element ---> By.cssSelector: .contact-item_card__2SOIM
18:39:27.328 INFO  manager.MyListener - The element with locator ---> By.cssSelector: .contact-item_card__2SOIM <--- was found
18:39:27.329 INFO  manager.MyListener - 'Start find' element ---> By.cssSelector: .contact-item_card__2SOIM
18:39:32.429 INFO  manager.MyListener - The element with locator ---> By.cssSelector: .contact-item_card__2SOIM <--- was found
18:39:32.430 INFO  manager.MyListener - 'Start find' element ---> By.cssSelector: .contact-item_card__2SOIM
18:39:37.507 INFO  manager.MyListener - The element with locator ---> By.cssSelector: .contact-item_card__2SOIM <--- was found
18:39:37.507 INFO  manager.MyListener - 'Start find' element ---> By.cssSelector: .contact-item_card__2SOIM
18:39:42.540 INFO  manager.MyListener - The element with locator ---> By.cssSelector: .contact-item_card__2SOIM <--- was found
18:39:42.541 INFO  manager.MyListener - 'Start find' element ---> By.cssSelector: .contact-item_card__2SOIM
18:39:47.609 INFO  manager.MyListener - The element with locator ---> By.cssSelector: .contact-item_card__2SOIM <--- was found
18:39:47.615 INFO  manager.MyListener - 'Start find' element ---> By.cssSelector: .contact-item_card__2SOIM
18:39:52.681 INFO  manager.MyListener - The element with locator ---> By.cssSelector: .contact-item_card__2SOIM <--- was found
18:39:52.682 INFO  manager.MyListener - 'Start find' element ---> By.cssSelector: .contact-item_card__2SOIM
18:39:57.724 INFO  manager.MyListener - The element with locator ---> By.cssSelector: .contact-item_card__2SOIM <--- was found
18:39:57.725 INFO  manager.MyListener - 'Start find' element ---> By.cssSelector: .contact-item_card__2SOIM
18:40:02.756 INFO  manager.MyListener - The element with locator ---> By.cssSelector: .contact-item_card__2SOIM <--- was found
18:40:02.757 INFO  manager.MyListener - 'Start find' element ---> By.cssSelector: .contact-item_card__2SOIM
18:40:07.856 INFO  manager.MyListener - The element with locator ---> By.cssSelector: .contact-item_card__2SOIM <--- was found
18:40:07.857 INFO  manager.MyListener - 'Start find' element ---> By.cssSelector: .contact-item_card__2SOIM
18:40:12.894 INFO  manager.MyListener - The element with locator ---> By.cssSelector: .contact-item_card__2SOIM <--- was found
18:40:12.894 INFO  manager.MyListener - 'Start find' element ---> By.cssSelector: .contact-item_card__2SOIM
18:40:17.949 INFO  manager.MyListener - The element with locator ---> By.cssSelector: .contact-item_card__2SOIM <--- was found
18:40:17.949 INFO  manager.MyListener - 'Start find' element ---> By.cssSelector: .contact-item_card__2SOIM
18:40:22.987 INFO  manager.MyListener - The element with locator ---> By.cssSelector: .contact-item_card__2SOIM <--- was found
18:40:22.988 INFO  manager.MyListener - 'Start find' element ---> By.cssSelector: .contact-item_card__2SOIM
18:40:28.027 INFO  manager.MyListener - The element with locator ---> By.cssSelector: .contact-item_card__2SOIM <--- was found
18:40:28.028 INFO  manager.MyListener - 'Start find' element ---> By.cssSelector: .contact-item_card__2SOIM
18:40:33.062 INFO  manager.MyListener - The element with locator ---> By.cssSelector: .contact-item_card__2SOIM <--- was found
18:40:33.062 INFO  manager.MyListener - 'Start find' element ---> By.cssSelector: .contact-item_card__2SOIM
18:40:38.143 INFO  manager.MyListener - The element with locator ---> By.cssSelector: .contact-item_card__2SOIM <--- was found
18:40:38.145 INFO  manager.MyListener - 'Start find' element ---> By.cssSelector: .contact-item_card__2SOIM
18:40:43.190 INFO  manager.MyListener - The element with locator ---> By.cssSelector: .contact-item_card__2SOIM <--- was found
18:40:43.191 INFO  manager.MyListener - 'Start find' element ---> By.cssSelector: .contact-item_card__2SOIM
18:40:48.282 INFO  manager.MyListener - The element with locator ---> By.cssSelector: .contact-item_card__2SOIM <--- was found
18:40:48.284 INFO  manager.MyListener - 'Start find' element ---> By.cssSelector: .contact-item_card__2SOIM
18:40:53.392 INFO  manager.MyListener - The element with locator ---> By.cssSelector: .contact-item_card__2SOIM <--- was found
18:40:53.393 INFO  manager.MyListener - 'Start find' element ---> By.cssSelector: .contact-item_card__2SOIM
18:40:58.426 INFO  manager.MyListener - The element with locator ---> By.cssSelector: .contact-item_card__2SOIM <--- was found
18:40:58.428 INFO  manager.MyListener - 'Start find' element ---> By.cssSelector: .contact-item_card__2SOIM
18:41:03.512 INFO  manager.MyListener - The element with locator ---> By.cssSelector: .contact-item_card__2SOIM <--- was found
18:41:03.513 INFO  manager.MyListener - 'Start find' element ---> By.cssSelector: .contact-item_card__2SOIM
18:41:08.562 INFO  manager.MyListener - The element with locator ---> By.cssSelector: .contact-item_card__2SOIM <--- was found
18:41:08.563 INFO  manager.MyListener - 'Start find' element ---> By.cssSelector: .contact-item_card__2SOIM
18:41:13.612 INFO  manager.MyListener - The element with locator ---> By.cssSelector: .contact-item_card__2SOIM <--- was found
18:41:13.613 INFO  manager.MyListener - 'Start find' element ---> By.cssSelector: .contact-item_card__2SOIM
18:41:18.677 INFO  manager.MyListener - The element with locator ---> By.cssSelector: .contact-item_card__2SOIM <--- was found
18:41:18.678 INFO  manager.MyListener - 'Start find' element ---> By.cssSelector: .contact-item_card__2SOIM
18:41:23.748 INFO  manager.MyListener - The element with locator ---> By.cssSelector: .contact-item_card__2SOIM <--- was found
18:41:23.749 INFO  manager.MyListener - 'Start find' element ---> By.cssSelector: .contact-item_card__2SOIM
18:41:28.803 INFO  manager.MyListener - The element with locator ---> By.cssSelector: .contact-item_card__2SOIM <--- was found
18:41:28.804 INFO  manager.MyListener - 'Start find' element ---> By.cssSelector: .contact-item_card__2SOIM
18:41:33.890 INFO  manager.MyListener - The element with locator ---> By.cssSelector: .contact-item_card__2SOIM <--- was found
18:41:33.891 INFO  manager.MyListener - 'Start find' element ---> By.cssSelector: .contact-item_card__2SOIM
18:41:38.963 INFO  manager.MyListener - The element with locator ---> By.cssSelector: .contact-item_card__2SOIM <--- was found
18:41:38.963 INFO  manager.MyListener - 'Start find' element ---> By.cssSelector: .contact-item_card__2SOIM
18:41:44.020 INFO  manager.MyListener - The element with locator ---> By.cssSelector: .contact-item_card__2SOIM <--- was found
18:41:44.021 INFO  manager.MyListener - 'Start find' element ---> By.cssSelector: .contact-item_card__2SOIM
18:41:49.054 INFO  manager.MyListener - The element with locator ---> By.cssSelector: .contact-item_card__2SOIM <--- was found
18:41:49.055 INFO  manager.MyListener - 'Start find' element ---> By.cssSelector: .contact-item_card__2SOIM
18:41:54.081 INFO  manager.MyListener - The element with locator ---> By.cssSelector: .contact-item_card__2SOIM <--- was found
18:41:54.082 INFO  manager.MyListener - 'Start find' element ---> By.cssSelector: .contact-item_card__2SOIM
18:41:59.162 INFO  manager.MyListener - The element with locator ---> By.cssSelector: .contact-item_card__2SOIM <--- was found
18:41:59.163 INFO  manager.MyListener - 'Start find' element ---> By.cssSelector: .contact-item_card__2SOIM
18:42:04.186 INFO  manager.MyListener - The element with locator ---> By.cssSelector: .contact-item_card__2SOIM <--- was found
18:42:04.187 INFO  manager.MyListener - 'Start find' element ---> By.cssSelector: .contact-item_card__2SOIM
18:42:09.256 INFO  manager.MyListener - The element with locator ---> By.cssSelector: .contact-item_card__2SOIM <--- was found
18:42:09.257 INFO  manager.MyListener - 'Start find' element ---> By.cssSelector: .contact-item_card__2SOIM
18:42:14.337 INFO  manager.MyListener - The element with locator ---> By.cssSelector: .contact-item_card__2SOIM <--- was found
18:42:14.338 INFO  manager.MyListener - 'Start find' element ---> By.cssSelector: .contact-item_card__2SOIM
18:42:19.420 INFO  manager.MyListener - The element with locator ---> By.cssSelector: .contact-item_card__2SOIM <--- was found
18:42:19.421 INFO  manager.MyListener - 'Start find' element ---> By.cssSelector: .contact-item_card__2SOIM
18:42:24.463 INFO  manager.MyListener - The element with locator ---> By.cssSelector: .contact-item_card__2SOIM <--- was found
18:42:24.464 INFO  manager.MyListener - 'Start find' element ---> By.cssSelector: .contact-item_card__2SOIM
18:42:29.513 INFO  manager.MyListener - The element with locator ---> By.cssSelector: .contact-item_card__2SOIM <--- was found
18:42:29.514 INFO  manager.MyListener - 'Start find' element ---> By.cssSelector: .contact-item_card__2SOIM
18:42:34.586 INFO  manager.MyListener - The element with locator ---> By.cssSelector: .contact-item_card__2SOIM <--- was found
18:42:34.587 INFO  manager.MyListener - 'Start find' element ---> By.cssSelector: .contact-item_card__2SOIM
18:42:39.640 INFO  manager.MyListener - The element with locator ---> By.cssSelector: .contact-item_card__2SOIM <--- was found
18:42:39.641 INFO  manager.MyListener - 'Start find' element ---> By.cssSelector: .contact-item_card__2SOIM
18:42:44.703 INFO  manager.MyListener - The element with locator ---> By.cssSelector: .contact-item_card__2SOIM <--- was found
18:42:44.704 INFO  manager.MyListener - 'Start find' element ---> By.cssSelector: .contact-item_card__2SOIM
18:42:49.760 INFO  manager.MyListener - The element with locator ---> By.cssSelector: .contact-item_card__2SOIM <--- was found
18:42:49.761 INFO  manager.MyListener - 'Start find' element ---> By.cssSelector: .contact-item_card__2SOIM
18:42:54.835 INFO  manager.MyListener - The element with locator ---> By.cssSelector: .contact-item_card__2SOIM <--- was found
18:42:54.836 INFO  manager.MyListener - 'Start find' element ---> By.cssSelector: .contact-item_card__2SOIM
18:42:59.872 INFO  manager.MyListener - The element with locator ---> By.cssSelector: .contact-item_card__2SOIM <--- was found
18:42:59.872 INFO  manager.MyListener - 'Start find' element ---> By.cssSelector: .contact-item_card__2SOIM
18:43:04.935 INFO  manager.MyListener - The element with locator ---> By.cssSelector: .contact-item_card__2SOIM <--- was found
18:43:04.936 INFO  manager.MyListener - 'Start find' element ---> By.cssSelector: .contact-item_card__2SOIM
18:43:10.002 INFO  manager.MyListener - The element with locator ---> By.cssSelector: .contact-item_card__2SOIM <--- was found
18:43:10.003 INFO  manager.MyListener - 'Start find' element ---> By.cssSelector: .contact-item_card__2SOIM
18:43:15.053 INFO  manager.MyListener - The element with locator ---> By.cssSelector: .contact-item_card__2SOIM <--- was found
18:43:15.054 INFO  manager.MyListener - 'Start find' element ---> By.cssSelector: .contact-item_card__2SOIM
18:43:20.135 INFO  manager.MyListener - The element with locator ---> By.cssSelector: .contact-item_card__2SOIM <--- was found
18:43:20.136 INFO  manager.MyListener - 'Start find' element ---> By.cssSelector: .contact-item_card__2SOIM
18:43:25.190 INFO  manager.MyListener - The element with locator ---> By.cssSelector: .contact-item_card__2SOIM <--- was found
18:43:25.191 INFO  manager.MyListener - 'Start find' element ---> By.cssSelector: .contact-item_card__2SOIM
18:43:30.251 INFO  manager.MyListener - The element with locator ---> By.cssSelector: .contact-item_card__2SOIM <--- was found
18:43:30.252 INFO  manager.MyListener - 'Start find' element ---> By.cssSelector: .contact-item_card__2SOIM
18:43:35.313 INFO  manager.MyListener - The element with locator ---> By.cssSelector: .contact-item_card__2SOIM <--- was found
18:43:35.314 INFO  manager.MyListener - 'Start find' element ---> By.cssSelector: .contact-item_card__2SOIM
18:43:40.365 INFO  manager.MyListener - The element with locator ---> By.cssSelector: .contact-item_card__2SOIM <--- was found
18:43:40.366 INFO  manager.MyListener - 'Start find' element ---> By.cssSelector: .contact-item_card__2SOIM
18:43:45.437 INFO  manager.MyListener - The element with locator ---> By.cssSelector: .contact-item_card__2SOIM <--- was found
18:43:45.438 INFO  manager.MyListener - 'Start find' element ---> By.cssSelector: .contact-item_card__2SOIM
18:43:50.529 INFO  manager.MyListener - The element with locator ---> By.cssSelector: .contact-item_card__2SOIM <--- was found
18:43:50.530 INFO  manager.MyListener - 'Start find' element ---> By.cssSelector: .contact-item_card__2SOIM
18:43:55.583 INFO  manager.MyListener - The element with locator ---> By.cssSelector: .contact-item_card__2SOIM <--- was found
18:43:55.583 INFO  manager.MyListener - 'Start find' element ---> By.cssSelector: .contact-item_card__2SOIM
18:44:00.619 INFO  manager.MyListener - The element with locator ---> By.cssSelector: .contact-item_card__2SOIM <--- was found
18:44:00.620 INFO  manager.MyListener - 'Start find' element ---> By.cssSelector: .contact-item_card__2SOIM
18:44:05.682 INFO  manager.MyListener - The element with locator ---> By.cssSelector: .contact-item_card__2SOIM <--- was found
18:44:05.684 INFO  manager.MyListener - 'Start find' element ---> By.cssSelector: .contact-item_card__2SOIM
18:44:10.713 INFO  manager.MyListener - The element with locator ---> By.cssSelector: .contact-item_card__2SOIM <--- was found
18:44:10.715 INFO  manager.MyListener - 'Start find' element ---> By.cssSelector: .contact-item_card__2SOIM
18:44:15.795 INFO  manager.MyListener - The element with locator ---> By.cssSelector: .contact-item_card__2SOIM <--- was found
18:44:15.796 INFO  manager.MyListener - 'Start find' element ---> By.cssSelector: .contact-item_card__2SOIM
18:44:20.848 INFO  manager.MyListener - The element with locator ---> By.cssSelector: .contact-item_card__2SOIM <--- was found
18:44:20.848 INFO  manager.MyListener - 'Start find' element ---> By.cssSelector: .contact-item_card__2SOIM
18:44:25.923 INFO  manager.MyListener - The element with locator ---> By.cssSelector: .contact-item_card__2SOIM <--- was found
18:44:25.924 INFO  manager.MyListener - 'Start find' element ---> By.cssSelector: .contact-item_card__2SOIM
18:44:31.000 INFO  manager.MyListener - The element with locator ---> By.cssSelector: .contact-item_card__2SOIM <--- was found
18:44:31.002 INFO  manager.MyListener - 'Start find' element ---> By.cssSelector: .contact-item_card__2SOIM
18:44:36.058 INFO  manager.MyListener - The element with locator ---> By.cssSelector: .contact-item_card__2SOIM <--- was found
18:44:36.059 INFO  manager.MyListener - 'Start find' element ---> By.cssSelector: .contact-item_card__2SOIM
18:44:41.083 INFO  manager.MyListener - The element with locator ---> By.cssSelector: .contact-item_card__2SOIM <--- was found
18:44:41.084 INFO  manager.MyListener - 'Start find' element ---> By.cssSelector: .contact-item_card__2SOIM
18:44:46.159 INFO  manager.MyListener - The element with locator ---> By.cssSelector: .contact-item_card__2SOIM <--- was found
18:44:46.160 INFO  manager.MyListener - 'Start find' element ---> By.cssSelector: .contact-item_card__2SOIM
18:44:51.225 INFO  manager.MyListener - The element with locator ---> By.cssSelector: .contact-item_card__2SOIM <--- was found
18:44:51.225 INFO  manager.MyListener - 'Start find' element ---> By.cssSelector: .contact-item_card__2SOIM
18:44:56.286 INFO  manager.MyListener - The element with locator ---> By.cssSelector: .contact-item_card__2SOIM <--- was found
18:44:56.287 INFO  manager.MyListener - 'Start find' element ---> By.cssSelector: .contact-item_card__2SOIM
18:45:01.316 INFO  manager.MyListener - The element with locator ---> By.cssSelector: .contact-item_card__2SOIM <--- was found
18:45:01.318 INFO  manager.MyListener - 'Start find' element ---> By.cssSelector: .contact-item_card__2SOIM
18:45:06.397 INFO  manager.MyListener - The element with locator ---> By.cssSelector: .contact-item_card__2SOIM <--- was found
18:45:06.398 INFO  manager.MyListener - 'Start find' element ---> By.cssSelector: .contact-item_card__2SOIM
18:45:11.463 INFO  manager.MyListener - The element with locator ---> By.cssSelector: .contact-item_card__2SOIM <--- was found
18:45:11.464 INFO  manager.MyListener - 'Start find' element ---> By.cssSelector: .contact-item_card__2SOIM
18:45:16.503 INFO  manager.MyListener - The element with locator ---> By.cssSelector: .contact-item_card__2SOIM <--- was found
18:45:16.504 INFO  manager.MyListener - 'Start find' element ---> By.cssSelector: .contact-item_card__2SOIM
18:45:21.547 INFO  manager.MyListener - The element with locator ---> By.cssSelector: .contact-item_card__2SOIM <--- was found
18:45:21.547 INFO  manager.MyListener - 'Start find' element ---> By.cssSelector: .contact-item_card__2SOIM
18:45:26.631 INFO  manager.MyListener - The element with locator ---> By.cssSelector: .contact-item_card__2SOIM <--- was found
18:45:26.632 INFO  manager.MyListener - 'Start find' element ---> By.cssSelector: .contact-item_card__2SOIM
18:45:31.691 INFO  manager.MyListener - The element with locator ---> By.cssSelector: .contact-item_card__2SOIM <--- was found
18:45:31.691 INFO  manager.MyListener - 'Start find' element ---> By.cssSelector: .contact-item_card__2SOIM
18:45:36.738 INFO  manager.MyListener - The element with locator ---> By.cssSelector: .contact-item_card__2SOIM <--- was found
18:45:36.738 INFO  manager.MyListener - 'Start find' element ---> By.cssSelector: .contact-item_card__2SOIM
18:45:41.784 INFO  manager.MyListener - The element with locator ---> By.cssSelector: .contact-item_card__2SOIM <--- was found
18:45:41.784 INFO  manager.MyListener - 'Start find' element ---> By.cssSelector: .contact-item_card__2SOIM
18:45:46.832 INFO  manager.MyListener - The element with locator ---> By.cssSelector: .contact-item_card__2SOIM <--- was found
18:45:46.833 INFO  manager.MyListener - 'Start find' element ---> By.cssSelector: .contact-item_card__2SOIM
18:45:51.888 INFO  manager.MyListener - The element with locator ---> By.cssSelector: .contact-item_card__2SOIM <--- was found
18:45:51.889 INFO  manager.MyListener - 'Start find' element ---> By.cssSelector: .contact-item_card__2SOIM
18:45:56.967 INFO  manager.MyListener - The element with locator ---> By.cssSelector: .contact-item_card__2SOIM <--- was found
18:45:56.968 INFO  manager.MyListener - 'Start find' element ---> By.cssSelector: .contact-item_card__2SOIM
18:46:02.021 INFO  manager.MyListener - The element with locator ---> By.cssSelector: .contact-item_card__2SOIM <--- was found
18:46:02.022 INFO  manager.MyListener - 'Start find' element ---> By.cssSelector: .contact-item_card__2SOIM
18:46:07.046 INFO  manager.MyListener - The element with locator ---> By.cssSelector: .contact-item_card__2SOIM <--- was found
18:46:07.046 INFO  manager.MyListener - 'Start find' element ---> By.cssSelector: .contact-item_card__2SOIM
18:46:12.069 INFO  manager.MyListener - The element with locator ---> By.cssSelector: .contact-item_card__2SOIM <--- was found
18:46:12.070 INFO  manager.MyListener - 'Start find' element ---> By.cssSelector: .contact-item_card__2SOIM
18:46:17.101 INFO  manager.MyListener - The element with locator ---> By.cssSelector: .contact-item_card__2SOIM <--- was found
18:46:17.102 INFO  manager.MyListener - 'Start find' element ---> By.cssSelector: .contact-item_card__2SOIM
18:46:22.124 INFO  manager.MyListener - The element with locator ---> By.cssSelector: .contact-item_card__2SOIM <--- was found
18:46:22.125 INFO  manager.MyListener - 'Start find' element ---> By.cssSelector: .contact-item_card__2SOIM
18:46:27.210 INFO  manager.MyListener - The element with locator ---> By.cssSelector: .contact-item_card__2SOIM <--- was found
18:46:27.211 INFO  manager.MyListener - 'Start find' element ---> By.cssSelector: .contact-item_card__2SOIM
18:46:32.260 INFO  manager.MyListener - The element with locator ---> By.cssSelector: .contact-item_card__2SOIM <--- was found
18:46:32.260 INFO  manager.MyListener - 'Start find' element ---> By.cssSelector: .contact-item_card__2SOIM
18:46:37.294 INFO  manager.MyListener - The element with locator ---> By.cssSelector: .contact-item_card__2SOIM <--- was found
18:46:37.295 INFO  manager.MyListener - 'Start find' element ---> By.cssSelector: .contact-item_card__2SOIM
18:46:42.318 INFO  manager.MyListener - The element with locator ---> By.cssSelector: .contact-item_card__2SOIM <--- was found
18:46:42.320 INFO  manager.MyListener - 'Start find' element ---> By.cssSelector: .contact-item_card__2SOIM
18:46:47.351 INFO  manager.MyListener - The element with locator ---> By.cssSelector: .contact-item_card__2SOIM <--- was found
18:46:47.352 INFO  manager.MyListener - 'Start find' element ---> By.cssSelector: .contact-item_card__2SOIM
18:46:52.383 INFO  manager.MyListener - The element with locator ---> By.cssSelector: .contact-item_card__2SOIM <--- was found
18:46:52.384 INFO  manager.MyListener - 'Start find' element ---> By.cssSelector: .contact-item_card__2SOIM
18:46:57.413 INFO  manager.MyListener - The element with locator ---> By.cssSelector: .contact-item_card__2SOIM <--- was found
18:46:57.414 INFO  manager.MyListener - 'Start find' element ---> By.cssSelector: .contact-item_card__2SOIM
18:47:02.481 INFO  manager.MyListener - The element with locator ---> By.cssSelector: .contact-item_card__2SOIM <--- was found
18:47:02.482 INFO  manager.MyListener - 'Start find' element ---> By.cssSelector: .contact-item_card__2SOIM
18:47:07.560 INFO  manager.MyListener - The element with locator ---> By.cssSelector: .contact-item_card__2SOIM <--- was found
18:47:07.561 INFO  manager.MyListener - 'Start find' element ---> By.cssSelector: .contact-item_card__2SOIM
18:47:12.603 INFO  manager.MyListener - The element with locator ---> By.cssSelector: .contact-item_card__2SOIM <--- was found
18:47:12.604 INFO  manager.MyListener - 'Start find' element ---> By.cssSelector: .contact-item_card__2SOIM
18:47:17.635 INFO  manager.MyListener - The element with locator ---> By.cssSelector: .contact-item_card__2SOIM <--- was found
18:47:17.636 INFO  manager.MyListener - 'Start find' element ---> By.cssSelector: .contact-item_card__2SOIM
18:47:22.709 INFO  manager.MyListener - The element with locator ---> By.cssSelector: .contact-item_card__2SOIM <--- was found
18:47:22.710 INFO  manager.MyListener - 'Start find' element ---> By.cssSelector: .contact-item_card__2SOIM
18:47:27.747 INFO  manager.MyListener - The element with locator ---> By.cssSelector: .contact-item_card__2SOIM <--- was found
18:47:27.747 INFO  manager.MyListener - 'Start find' element ---> By.cssSelector: .contact-item_card__2SOIM
18:47:32.824 INFO  manager.MyListener - The element with locator ---> By.cssSelector: .contact-item_card__2SOIM <--- was found
18:47:32.824 INFO  manager.MyListener - 'Start find' element ---> By.cssSelector: .contact-item_card__2SOIM
18:47:37.877 INFO  manager.MyListener - The element with locator ---> By.cssSelector: .contact-item_card__2SOIM <--- was found
18:47:37.878 INFO  manager.MyListener - 'Start find' element ---> By.cssSelector: .contact-item_card__2SOIM
18:47:42.935 INFO  manager.MyListener - The element with locator ---> By.cssSelector: .contact-item_card__2SOIM <--- was found
18:47:42.935 INFO  manager.MyListener - 'Start find' element ---> By.cssSelector: .contact-item_card__2SOIM
18:47:48.008 INFO  manager.MyListener - The element with locator ---> By.cssSelector: .contact-item_card__2SOIM <--- was found
18:47:48.008 INFO  manager.MyListener - 'Start find' element ---> By.cssSelector: .contact-item_card__2SOIM
18:47:53.047 INFO  manager.MyListener - The element with locator ---> By.cssSelector: .contact-item_card__2SOIM <--- was found
18:47:53.047 INFO  manager.MyListener - 'Start find' element ---> By.cssSelector: .contact-item_card__2SOIM
18:47:58.085 INFO  manager.MyListener - The element with locator ---> By.cssSelector: .contact-item_card__2SOIM <--- was found
18:47:58.085 INFO  manager.MyListener - 'Start find' element ---> By.cssSelector: .contact-item_card__2SOIM
18:48:03.167 INFO  manager.MyListener - The element with locator ---> By.cssSelector: .contact-item_card__2SOIM <--- was found
18:48:03.167 INFO  manager.MyListener - 'Start find' element ---> By.cssSelector: .contact-item_card__2SOIM
18:48:08.210 INFO  manager.MyListener - The element with locator ---> By.cssSelector: .contact-item_card__2SOIM <--- was found
18:48:08.210 INFO  manager.MyListener - 'Start find' element ---> By.cssSelector: .contact-item_card__2SOIM
18:48:13.319 INFO  manager.MyListener - The element with locator ---> By.cssSelector: .contact-item_card__2SOIM <--- was found
18:48:13.319 INFO  manager.MyListener - 'Start find' element ---> By.cssSelector: .contact-item_card__2SOIM
18:48:18.394 INFO  manager.MyListener - The element with locator ---> By.cssSelector: .contact-item_card__2SOIM <--- was found
18:48:18.394 INFO  manager.MyListener - 'Start find' element ---> By.cssSelector: .contact-item_card__2SOIM
18:48:23.462 INFO  manager.MyListener - The element with locator ---> By.cssSelector: .contact-item_card__2SOIM <--- was found
18:48:23.462 INFO  manager.MyListener - 'Start find' element ---> By.cssSelector: .contact-item_card__2SOIM
18:48:28.489 INFO  manager.MyListener - The element with locator ---> By.cssSelector: .contact-item_card__2SOIM <--- was found
18:48:28.490 INFO  manager.MyListener - 'Start find' element ---> By.cssSelector: .contact-item_card__2SOIM
18:48:33.563 INFO  manager.MyListener - The element with locator ---> By.cssSelector: .contact-item_card__2SOIM <--- was found
18:48:33.564 INFO  manager.MyListener - 'Start find' element ---> By.cssSelector: .contact-item_card__2SOIM
18:48:38.588 INFO  manager.MyListener - The element with locator ---> By.cssSelector: .contact-item_card__2SOIM <--- was found
18:48:38.589 INFO  manager.MyListener - 'Start find' element ---> By.cssSelector: .contact-item_card__2SOIM
18:48:43.675 INFO  manager.MyListener - The element with locator ---> By.cssSelector: .contact-item_card__2SOIM <--- was found
18:48:43.676 INFO  manager.MyListener - 'Start find' element ---> By.cssSelector: .contact-item_card__2SOIM
18:48:48.745 INFO  manager.MyListener - The element with locator ---> By.cssSelector: .contact-item_card__2SOIM <--- was found
18:48:48.746 INFO  manager.MyListener - 'Start find' element ---> By.cssSelector: .contact-item_card__2SOIM
18:48:53.772 INFO  manager.MyListener - The element with locator ---> By.cssSelector: .contact-item_card__2SOIM <--- was found
18:48:53.772 INFO  manager.MyListener - 'Start find' element ---> By.cssSelector: .contact-item_card__2SOIM
18:48:58.824 INFO  manager.MyListener - The element with locator ---> By.cssSelector: .contact-item_card__2SOIM <--- was found
18:48:58.825 INFO  manager.MyListener - 'Start find' element ---> By.cssSelector: .contact-item_card__2SOIM
18:49:03.880 INFO  manager.MyListener - The element with locator ---> By.cssSelector: .contact-item_card__2SOIM <--- was found
18:49:03.880 INFO  manager.MyListener - 'Start find' element ---> By.cssSelector: .contact-item_card__2SOIM
18:49:08.904 INFO  manager.MyListener - The element with locator ---> By.cssSelector: .contact-item_card__2SOIM <--- was found
18:49:08.904 INFO  manager.MyListener - 'Start find' element ---> By.cssSelector: .contact-item_card__2SOIM
18:49:13.964 INFO  manager.MyListener - The element with locator ---> By.cssSelector: .contact-item_card__2SOIM <--- was found
18:49:13.964 INFO  manager.MyListener - 'Start find' element ---> By.cssSelector: .contact-item_card__2SOIM
18:49:19.041 INFO  manager.MyListener - The element with locator ---> By.cssSelector: .contact-item_card__2SOIM <--- was found
18:49:19.042 INFO  manager.MyListener - 'Start find' element ---> By.cssSelector: .contact-item_card__2SOIM
18:49:24.068 INFO  manager.MyListener - The element with locator ---> By.cssSelector: .contact-item_card__2SOIM <--- was found
18:49:24.068 INFO  manager.MyListener - 'Start find' element ---> By.cssSelector: .contact-item_card__2SOIM
18:49:29.135 INFO  manager.MyListener - The element with locator ---> By.cssSelector: .contact-item_card__2SOIM <--- was found
18:49:29.135 INFO  manager.MyListener - 'Start find' element ---> By.cssSelector: .contact-item_card__2SOIM
18:49:34.204 INFO  manager.MyListener - The element with locator ---> By.cssSelector: .contact-item_card__2SOIM <--- was found
18:49:34.205 INFO  manager.MyListener - 'Start find' element ---> By.cssSelector: .contact-item_card__2SOIM
18:49:39.265 INFO  manager.MyListener - The element with locator ---> By.cssSelector: .contact-item_card__2SOIM <--- was found
18:49:39.266 INFO  manager.MyListener - 'Start find' element ---> By.cssSelector: .contact-item_card__2SOIM
18:49:44.323 INFO  manager.MyListener - The element with locator ---> By.cssSelector: .contact-item_card__2SOIM <--- was found
18:49:44.324 INFO  manager.MyListener - 'Start find' element ---> By.cssSelector: .contact-item_card__2SOIM
18:49:49.365 INFO  manager.MyListener - The element with locator ---> By.cssSelector: .contact-item_card__2SOIM <--- was found
18:49:49.366 INFO  manager.MyListener - 'Start find' element ---> By.cssSelector: .contact-item_card__2SOIM
18:49:54.441 INFO  manager.MyListener - The element with locator ---> By.cssSelector: .contact-item_card__2SOIM <--- was found
18:49:54.441 INFO  manager.MyListener - 'Start find' element ---> By.cssSelector: .contact-item_card__2SOIM
18:49:59.471 INFO  manager.MyListener - The element with locator ---> By.cssSelector: .contact-item_card__2SOIM <--- was found
18:49:59.472 INFO  manager.MyListener - 'Start find' element ---> By.cssSelector: .contact-item_card__2SOIM
18:50:04.496 INFO  manager.MyListener - The element with locator ---> By.cssSelector: .contact-item_card__2SOIM <--- was found
18:50:04.496 INFO  manager.MyListener - 'Start find' element ---> By.cssSelector: .contact-item_card__2SOIM
18:50:09.531 INFO  manager.MyListener - The element with locator ---> By.cssSelector: .contact-item_card__2SOIM <--- was found
18:50:09.532 INFO  manager.MyListener - 'Start find' element ---> By.cssSelector: .contact-item_card__2SOIM
18:50:14.612 INFO  manager.MyListener - The element with locator ---> By.cssSelector: .contact-item_card__2SOIM <--- was found
18:50:14.613 INFO  manager.MyListener - 'Start find' element ---> By.cssSelector: .contact-item_card__2SOIM
18:50:19.704 INFO  manager.MyListener - The element with locator ---> By.cssSelector: .contact-item_card__2SOIM <--- was found
18:50:19.705 INFO  manager.MyListener - 'Start find' element ---> By.cssSelector: .contact-item_card__2SOIM
18:50:24.756 INFO  manager.MyListener - The element with locator ---> By.cssSelector: .contact-item_card__2SOIM <--- was found
18:50:24.756 INFO  manager.MyListener - 'Start find' element ---> By.cssSelector: .contact-item_card__2SOIM
18:50:29.775 INFO  manager.MyListener - The element with locator ---> By.cssSelector: .contact-item_card__2SOIM <--- was found
18:50:29.776 INFO  manager.MyListener - 'Start find' element ---> By.cssSelector: .contact-item_card__2SOIM
18:50:34.809 INFO  manager.MyListener - The element with locator ---> By.cssSelector: .contact-item_card__2SOIM <--- was found
18:50:34.810 INFO  manager.MyListener - 'Start find' element ---> By.cssSelector: .contact-item_card__2SOIM
18:50:39.834 INFO  manager.MyListener - The element with locator ---> By.cssSelector: .contact-item_card__2SOIM <--- was found
18:50:39.834 INFO  manager.MyListener - 'Start find' element ---> By.cssSelector: .contact-item_card__2SOIM
18:50:44.891 INFO  manager.MyListener - The element with locator ---> By.cssSelector: .contact-item_card__2SOIM <--- was found
18:50:44.891 INFO  manager.MyListener - 'Start find' element ---> By.cssSelector: .contact-item_card__2SOIM
18:50:49.918 INFO  manager.MyListener - The element with locator ---> By.cssSelector: .contact-item_card__2SOIM <--- was found
18:50:49.919 INFO  manager.MyListener - 'Start find' element ---> By.cssSelector: .contact-item_card__2SOIM
18:50:55.017 INFO  manager.MyListener - The element with locator ---> By.cssSelector: .contact-item_card__2SOIM <--- was found
18:50:55.017 INFO  manager.MyListener - 'Start find' element ---> By.cssSelector: .contact-item_card__2SOIM
18:51:00.110 INFO  manager.MyListener - The element with locator ---> By.cssSelector: .contact-item_card__2SOIM <--- was found
18:51:00.111 INFO  manager.MyListener - 'Start find' element ---> By.cssSelector: .contact-item_card__2SOIM
18:51:05.142 INFO  manager.MyListener - The element with locator ---> By.cssSelector: .contact-item_card__2SOIM <--- was found
18:51:05.142 INFO  manager.MyListener - 'Start find' element ---> By.cssSelector: .contact-item_card__2SOIM
18:51:10.223 INFO  manager.MyListener - The element with locator ---> By.cssSelector: .contact-item_card__2SOIM <--- was found
18:51:10.224 INFO  manager.MyListener - 'Start find' element ---> By.cssSelector: .contact-item_card__2SOIM
18:51:15.285 INFO  manager.MyListener - The element with locator ---> By.cssSelector: .contact-item_card__2SOIM <--- was found
18:51:15.285 INFO  manager.MyListener - 'Start find' element ---> By.cssSelector: .contact-item_card__2SOIM
18:51:20.378 INFO  manager.MyListener - The element with locator ---> By.cssSelector: .contact-item_card__2SOIM <--- was found
18:51:20.378 INFO  manager.MyListener - 'Start find' element ---> By.cssSelector: .contact-item_card__2SOIM
18:51:25.420 INFO  manager.MyListener - The element with locator ---> By.cssSelector: .contact-item_card__2SOIM <--- was found
18:51:25.420 INFO  manager.MyListener - 'Start find' element ---> By.cssSelector: .contact-item_card__2SOIM
18:51:30.510 INFO  manager.MyListener - The element with locator ---> By.cssSelector: .contact-item_card__2SOIM <--- was found
18:51:30.510 INFO  manager.MyListener - 'Start find' element ---> By.cssSelector: .contact-item_card__2SOIM
18:51:35.603 INFO  manager.MyListener - The element with locator ---> By.cssSelector: .contact-item_card__2SOIM <--- was found
18:51:35.603 INFO  manager.MyListener - 'Start find' element ---> By.cssSelector: .contact-item_card__2SOIM
18:51:40.634 INFO  manager.MyListener - The element with locator ---> By.cssSelector: .contact-item_card__2SOIM <--- was found
18:51:40.635 INFO  manager.MyListener - 'Start find' element ---> By.cssSelector: .contact-item_card__2SOIM
18:51:45.685 INFO  manager.MyListener - The element with locator ---> By.cssSelector: .contact-item_card__2SOIM <--- was found
18:51:45.686 INFO  manager.MyListener - 'Start find' element ---> By.cssSelector: .contact-item_card__2SOIM
18:51:50.720 INFO  manager.MyListener - The element with locator ---> By.cssSelector: .contact-item_card__2SOIM <--- was found
18:51:50.720 INFO  manager.MyListener - 'Start find' element ---> By.cssSelector: .contact-item_card__2SOIM
18:51:55.802 INFO  manager.MyListener - The element with locator ---> By.cssSelector: .contact-item_card__2SOIM <--- was found
18:51:55.803 INFO  manager.MyListener - 'Start find' element ---> By.cssSelector: .contact-item_card__2SOIM
18:52:00.846 INFO  manager.MyListener - The element with locator ---> By.cssSelector: .contact-item_card__2SOIM <--- was found
18:52:00.846 INFO  manager.MyListener - 'Start find' element ---> By.cssSelector: .contact-item_card__2SOIM
18:52:05.921 INFO  manager.MyListener - The element with locator ---> By.cssSelector: .contact-item_card__2SOIM <--- was found
18:52:05.922 INFO  manager.MyListener - 'Start find' element ---> By.cssSelector: .contact-item_card__2SOIM
18:52:10.980 INFO  manager.MyListener - The element with locator ---> By.cssSelector: .contact-item_card__2SOIM <--- was found
18:52:10.981 INFO  manager.MyListener - 'Start find' element ---> By.cssSelector: .contact-item_card__2SOIM
18:52:16.073 INFO  manager.MyListener - The element with locator ---> By.cssSelector: .contact-item_card__2SOIM <--- was found
18:52:16.074 INFO  manager.MyListener - 'Start find' element ---> By.cssSelector: .contact-item_card__2SOIM
18:52:21.123 INFO  manager.MyListener - The element with locator ---> By.cssSelector: .contact-item_card__2SOIM <--- was found
18:52:21.124 INFO  manager.MyListener - 'Start find' element ---> By.cssSelector: .contact-item_card__2SOIM
18:52:26.198 INFO  manager.MyListener - The element with locator ---> By.cssSelector: .contact-item_card__2SOIM <--- was found
18:52:26.199 INFO  manager.MyListener - 'Start find' element ---> By.cssSelector: .contact-item_card__2SOIM
18:52:31.246 INFO  manager.MyListener - The element with locator ---> By.cssSelector: .contact-item_card__2SOIM <--- was found
18:52:31.246 INFO  manager.MyListener - 'Start find' element ---> By.cssSelector: .contact-item_card__2SOIM
18:52:36.315 INFO  manager.MyListener - The element with locator ---> By.cssSelector: .contact-item_card__2SOIM <--- was found
18:52:36.317 INFO  manager.MyListener - 'Start find' element ---> By.cssSelector: .contact-item_card__2SOIM
18:52:41.393 INFO  manager.MyListener - The element with locator ---> By.cssSelector: .contact-item_card__2SOIM <--- was found
18:52:41.393 INFO  manager.MyListener - 'Start find' element ---> By.cssSelector: .contact-item_card__2SOIM
18:52:46.451 INFO  manager.MyListener - The element with locator ---> By.cssSelector: .contact-item_card__2SOIM <--- was found
18:52:46.451 INFO  manager.MyListener - 'Start find' element ---> By.cssSelector: .contact-item_card__2SOIM
18:52:51.497 INFO  manager.MyListener - The element with locator ---> By.cssSelector: .contact-item_card__2SOIM <--- was found
18:52:51.498 INFO  manager.MyListener - 'Start find' element ---> By.cssSelector: .contact-item_card__2SOIM
18:52:56.561 INFO  manager.MyListener - The element with locator ---> By.cssSelector: .contact-item_card__2SOIM <--- was found
18:52:56.562 INFO  manager.MyListener - 'Start find' element ---> By.cssSelector: .contact-item_card__2SOIM
18:53:01.593 INFO  manager.MyListener - The element with locator ---> By.cssSelector: .contact-item_card__2SOIM <--- was found
18:53:01.593 INFO  manager.MyListener - 'Start find' element ---> By.cssSelector: .contact-item_card__2SOIM
18:53:06.623 INFO  manager.MyListener - The element with locator ---> By.cssSelector: .contact-item_card__2SOIM <--- was found
18:53:06.624 INFO  manager.MyListener - 'Start find' element ---> By.cssSelector: .contact-item_card__2SOIM
18:53:11.682 INFO  manager.MyListener - The element with locator ---> By.cssSelector: .contact-item_card__2SOIM <--- was found
18:53:11.683 INFO  manager.MyListener - 'Start find' element ---> By.cssSelector: .contact-item_card__2SOIM
18:53:16.742 INFO  manager.MyListener - The element with locator ---> By.cssSelector: .contact-item_card__2SOIM <--- was found
18:53:16.743 INFO  manager.MyListener - 'Start find' element ---> By.cssSelector: .contact-item_card__2SOIM
18:53:21.805 INFO  manager.MyListener - The element with locator ---> By.cssSelector: .contact-item_card__2SOIM <--- was found
18:53:21.806 INFO  manager.MyListener - 'Start find' element ---> By.cssSelector: .contact-item_card__2SOIM
18:53:26.870 INFO  manager.MyListener - The element with locator ---> By.cssSelector: .contact-item_card__2SOIM <--- was found
18:53:26.870 INFO  manager.MyListener - 'Start find' element ---> By.cssSelector: .contact-item_card__2SOIM
18:53:31.948 INFO  manager.MyListener - The element with locator ---> By.cssSelector: .contact-item_card__2SOIM <--- was found
18:53:31.948 INFO  manager.MyListener - 'Start find' element ---> By.cssSelector: .contact-item_card__2SOIM
18:53:37.023 INFO  manager.MyListener - The element with locator ---> By.cssSelector: .contact-item_card__2SOIM <--- was found
18:53:37.024 INFO  manager.MyListener - 'Start find' element ---> By.cssSelector: .contact-item_card__2SOIM
18:53:42.056 INFO  manager.MyListener - The element with locator ---> By.cssSelector: .contact-item_card__2SOIM <--- was found
18:53:42.057 INFO  manager.MyListener - 'Start find' element ---> By.cssSelector: .contact-item_card__2SOIM
18:53:47.119 INFO  manager.MyListener - The element with locator ---> By.cssSelector: .contact-item_card__2SOIM <--- was found
18:53:47.120 INFO  manager.MyListener - 'Start find' element ---> By.cssSelector: .contact-item_card__2SOIM
18:53:52.199 INFO  manager.MyListener - The element with locator ---> By.cssSelector: .contact-item_card__2SOIM <--- was found
18:53:52.200 INFO  manager.MyListener - 'Start find' element ---> By.cssSelector: .contact-item_card__2SOIM
18:53:57.228 INFO  manager.MyListener - The element with locator ---> By.cssSelector: .contact-item_card__2SOIM <--- was found
18:53:57.229 INFO  manager.MyListener - 'Start find' element ---> By.cssSelector: .contact-item_card__2SOIM
18:54:02.307 INFO  manager.MyListener - The element with locator ---> By.cssSelector: .contact-item_card__2SOIM <--- was found
18:54:02.307 INFO  manager.MyListener - 'Start find' element ---> By.cssSelector: .contact-item_card__2SOIM
18:54:07.369 INFO  manager.MyListener - The element with locator ---> By.cssSelector: .contact-item_card__2SOIM <--- was found
18:54:07.370 INFO  manager.MyListener - 'Start find' element ---> By.cssSelector: .contact-item_card__2SOIM
18:54:12.473 INFO  manager.MyListener - The element with locator ---> By.cssSelector: .contact-item_card__2SOIM <--- was found
18:54:12.474 INFO  manager.MyListener - 'Start find' element ---> By.cssSelector: .contact-item_card__2SOIM
18:54:17.512 INFO  manager.MyListener - The element with locator ---> By.cssSelector: .contact-item_card__2SOIM <--- was found
18:54:17.514 INFO  manager.MyListener - 'Start find' element ---> By.cssSelector: .contact-item_card__2SOIM
18:54:22.600 INFO  manager.MyListener - The element with locator ---> By.cssSelector: .contact-item_card__2SOIM <--- was found
18:54:22.601 INFO  manager.MyListener - 'Start find' element ---> By.cssSelector: .contact-item_card__2SOIM
18:54:27.664 INFO  manager.MyListener - The element with locator ---> By.cssSelector: .contact-item_card__2SOIM <--- was found
18:54:27.664 INFO  manager.MyListener - 'Start find' element ---> By.cssSelector: .contact-item_card__2SOIM
18:54:32.737 INFO  manager.MyListener - The element with locator ---> By.cssSelector: .contact-item_card__2SOIM <--- was found
18:54:32.738 INFO  manager.MyListener - 'Start find' element ---> By.cssSelector: .contact-item_card__2SOIM
18:54:37.837 INFO  manager.MyListener - The element with locator ---> By.cssSelector: .contact-item_card__2SOIM <--- was found
18:54:37.837 INFO  manager.MyListener - 'Start find' element ---> By.cssSelector: .contact-item_card__2SOIM
18:54:42.880 INFO  manager.MyListener - The element with locator ---> By.cssSelector: .contact-item_card__2SOIM <--- was found
18:54:42.880 INFO  manager.MyListener - 'Start find' element ---> By.cssSelector: .contact-item_card__2SOIM
18:54:47.947 INFO  manager.MyListener - The element with locator ---> By.cssSelector: .contact-item_card__2SOIM <--- was found
18:54:47.949 INFO  manager.MyListener - 'Start find' element ---> By.cssSelector: .contact-item_card__2SOIM
18:54:53.030 INFO  manager.MyListener - The element with locator ---> By.cssSelector: .contact-item_card__2SOIM <--- was found
18:54:53.030 INFO  manager.MyListener - 'Start find' element ---> By.cssSelector: .contact-item_card__2SOIM
18:54:58.071 INFO  manager.MyListener - The element with locator ---> By.cssSelector: .contact-item_card__2SOIM <--- was found
18:54:58.072 INFO  manager.MyListener - 'Start find' element ---> By.cssSelector: .contact-item_card__2SOIM
18:55:03.125 INFO  manager.MyListener - The element with locator ---> By.cssSelector: .contact-item_card__2SOIM <--- was found
18:55:03.126 INFO  manager.MyListener - 'Start find' element ---> By.cssSelector: .contact-item_card__2SOIM
18:55:08.191 INFO  manager.MyListener - The element with locator ---> By.cssSelector: .contact-item_card__2SOIM <--- was found
18:55:08.192 INFO  manager.MyListener - 'Start find' element ---> By.cssSelector: .contact-item_card__2SOIM
18:55:13.275 INFO  manager.MyListener - The element with locator ---> By.cssSelector: .contact-item_card__2SOIM <--- was found
18:55:13.276 INFO  manager.MyListener - 'Start find' element ---> By.cssSelector: .contact-item_card__2SOIM
18:55:18.306 INFO  manager.MyListener - The element with locator ---> By.cssSelector: .contact-item_card__2SOIM <--- was found
18:55:18.307 INFO  manager.MyListener - 'Start find' element ---> By.cssSelector: .contact-item_card__2SOIM
18:55:23.366 INFO  manager.MyListener - The element with locator ---> By.cssSelector: .contact-item_card__2SOIM <--- was found
18:55:23.367 INFO  manager.MyListener - 'Start find' element ---> By.cssSelector: .contact-item_card__2SOIM
18:55:28.427 INFO  manager.MyListener - The element with locator ---> By.cssSelector: .contact-item_card__2SOIM <--- was found
18:55:28.428 INFO  manager.MyListener - 'Start find' element ---> By.cssSelector: .contact-item_card__2SOIM
18:55:33.475 INFO  manager.MyListener - The element with locator ---> By.cssSelector: .contact-item_card__2SOIM <--- was found
18:55:33.476 INFO  manager.MyListener - 'Start find' element ---> By.cssSelector: .contact-item_card__2SOIM
18:55:38.514 INFO  manager.MyListener - The element with locator ---> By.cssSelector: .contact-item_card__2SOIM <--- was found
18:55:38.515 INFO  manager.MyListener - 'Start find' element ---> By.cssSelector: .contact-item_card__2SOIM
18:55:43.584 INFO  manager.MyListener - The element with locator ---> By.cssSelector: .contact-item_card__2SOIM <--- was found
18:55:43.586 INFO  manager.MyListener - 'Start find' element ---> By.cssSelector: .contact-item_card__2SOIM
18:55:48.663 INFO  manager.MyListener - The element with locator ---> By.cssSelector: .contact-item_card__2SOIM <--- was found
18:55:48.664 INFO  manager.MyListener - 'Start find' element ---> By.cssSelector: .contact-item_card__2SOIM
18:55:53.742 INFO  manager.MyListener - The element with locator ---> By.cssSelector: .contact-item_card__2SOIM <--- was found
18:55:53.742 INFO  manager.MyListener - 'Start find' element ---> By.cssSelector: .contact-item_card__2SOIM
18:55:58.765 INFO  manager.MyListener - The element with locator ---> By.cssSelector: .contact-item_card__2SOIM <--- was found
18:55:58.765 INFO  manager.MyListener - 'Start find' element ---> By.cssSelector: .contact-item_card__2SOIM
18:56:03.792 INFO  manager.MyListener - The element with locator ---> By.cssSelector: .contact-item_card__2SOIM <--- was found
18:56:03.793 INFO  manager.MyListener - 'Start find' element ---> By.cssSelector: .contact-item_card__2SOIM
18:56:08.873 INFO  manager.MyListener - The element with locator ---> By.cssSelector: .contact-item_card__2SOIM <--- was found
18:56:08.874 INFO  manager.MyListener - 'Start find' element ---> By.cssSelector: .contact-item_card__2SOIM
18:56:13.957 INFO  manager.MyListener - The element with locator ---> By.cssSelector: .contact-item_card__2SOIM <--- was found
18:56:13.957 INFO  manager.MyListener - 'Start find' element ---> By.cssSelector: .contact-item_card__2SOIM
18:56:19.032 INFO  manager.MyListener - The element with locator ---> By.cssSelector: .contact-item_card__2SOIM <--- was found
18:56:19.033 INFO  manager.MyListener - 'Start find' element ---> By.cssSelector: .contact-item_card__2SOIM
18:56:24.104 INFO  manager.MyListener - The element with locator ---> By.cssSelector: .contact-item_card__2SOIM <--- was found
18:56:24.104 INFO  manager.MyListener - 'Start find' element ---> By.cssSelector: .contact-item_card__2SOIM
18:56:29.150 INFO  manager.MyListener - The element with locator ---> By.cssSelector: .contact-item_card__2SOIM <--- was found
18:56:29.151 INFO  manager.MyListener - 'Start find' element ---> By.cssSelector: .contact-item_card__2SOIM
18:56:34.206 INFO  manager.MyListener - The element with locator ---> By.cssSelector: .contact-item_card__2SOIM <--- was found
18:56:34.207 INFO  manager.MyListener - 'Start find' element ---> By.cssSelector: .contact-item_card__2SOIM
18:56:39.268 INFO  manager.MyListener - The element with locator ---> By.cssSelector: .contact-item_card__2SOIM <--- was found
18:56:39.269 INFO  manager.MyListener - 'Start find' element ---> By.cssSelector: .contact-item_card__2SOIM
18:56:44.355 INFO  manager.MyListener - The element with locator ---> By.cssSelector: .contact-item_card__2SOIM <--- was found
18:56:44.356 INFO  manager.MyListener - 'Start find' element ---> By.cssSelector: .contact-item_card__2SOIM
18:56:49.414 INFO  manager.MyListener - The element with locator ---> By.cssSelector: .contact-item_card__2SOIM <--- was found
18:56:49.415 INFO  manager.MyListener - 'Start find' element ---> By.cssSelector: .contact-item_card__2SOIM
18:56:54.485 INFO  manager.MyListener - The element with locator ---> By.cssSelector: .contact-item_card__2SOIM <--- was found
18:56:54.485 INFO  manager.MyListener - 'Start find' element ---> By.cssSelector: .contact-item_card__2SOIM
18:56:59.536 INFO  manager.MyListener - The element with locator ---> By.cssSelector: .contact-item_card__2SOIM <--- was found
18:56:59.537 INFO  manager.MyListener - 'Start find' element ---> By.cssSelector: .contact-item_card__2SOIM
18:57:04.570 INFO  manager.MyListener - The element with locator ---> By.cssSelector: .contact-item_card__2SOIM <--- was found
18:57:04.570 INFO  manager.MyListener - 'Start find' element ---> By.cssSelector: .contact-item_card__2SOIM
18:57:09.624 INFO  manager.MyListener - The element with locator ---> By.cssSelector: .contact-item_card__2SOIM <--- was found
18:57:09.625 INFO  manager.MyListener - 'Start find' element ---> By.cssSelector: .contact-item_card__2SOIM
18:57:14.639 INFO  manager.MyListener - The element with locator ---> By.cssSelector: .contact-item_card__2SOIM <--- was found
18:57:14.640 INFO  manager.MyListener - 'Start find' element ---> By.cssSelector: .contact-item_card__2SOIM
18:57:19.667 INFO  manager.MyListener - The element with locator ---> By.cssSelector: .contact-item_card__2SOIM <--- was found
18:57:19.667 INFO  manager.MyListener - 'Start find' element ---> By.cssSelector: .contact-item_card__2SOIM
18:57:24.701 INFO  manager.MyListener - The element with locator ---> By.cssSelector: .contact-item_card__2SOIM <--- was found
18:57:24.701 INFO  manager.MyListener - 'Start find' element ---> By.cssSelector: .contact-item_card__2SOIM
18:57:29.731 INFO  manager.MyListener - The element with locator ---> By.cssSelector: .contact-item_card__2SOIM <--- was found
18:57:29.732 INFO  manager.MyListener - 'Start find' element ---> By.cssSelector: .contact-item_card__2SOIM
18:57:34.807 INFO  manager.MyListener - The element with locator ---> By.cssSelector: .contact-item_card__2SOIM <--- was found
18:57:34.807 INFO  manager.MyListener - 'Start find' element ---> By.cssSelector: .contact-item_card__2SOIM
18:57:39.864 INFO  manager.MyListener - The element with locator ---> By.cssSelector: .contact-item_card__2SOIM <--- was found
18:57:39.865 INFO  manager.MyListener - 'Start find' element ---> By.cssSelector: .contact-item_card__2SOIM
18:57:44.956 INFO  manager.MyListener - The element with locator ---> By.cssSelector: .contact-item_card__2SOIM <--- was found
18:57:44.957 INFO  manager.MyListener - 'Start find' element ---> By.cssSelector: .contact-item_card__2SOIM
18:57:50.014 INFO  manager.MyListener - The element with locator ---> By.cssSelector: .contact-item_card__2SOIM <--- was found
18:57:50.015 INFO  manager.MyListener - 'Start find' element ---> By.cssSelector: .contact-item_card__2SOIM
18:57:55.040 INFO  manager.MyListener - The element with locator ---> By.cssSelector: .contact-item_card__2SOIM <--- was found
18:57:55.040 INFO  manager.MyListener - 'Start find' element ---> By.cssSelector: .contact-item_card__2SOIM
18:58:00.501 INFO  manager.MyListener - The element with locator ---> By.cssSelector: .contact-item_card__2SOIM <--- was found
18:58:00.502 INFO  manager.MyListener - 'Start find' element ---> By.cssSelector: .contact-item_card__2SOIM
18:58:15.724 INFO  manager.MyListener - The element with locator ---> By.cssSelector: .contact-item_card__2SOIM <--- was found
18:58:15.724 INFO  manager.MyListener - 'Start find' element ---> By.cssSelector: .contact-item_card__2SOIM
18:58:20.736 INFO  manager.MyListener - The element with locator ---> By.cssSelector: .contact-item_card__2SOIM <--- was found
18:58:20.736 INFO  manager.MyListener - 'Start find' element ---> By.cssSelector: .contact-item_card__2SOIM
18:58:23.979 INFO  manager.MyListener - We have a 'throwable' -- >disconnected: not connected to DevTools
  (Session info: chrome=100.0.4896.127)
Build info: version: '3.141.59', revision: 'e82be7d358', time: '2018-11-14T08:17:03'
System info: host: 'LAPTOP-VKFDTO5N', ip: '127.0.0.1', os.name: 'Windows 10', os.arch: 'amd64', os.version: '10.0', java.version: '11.0.14'
Driver info: org.openqa.selenium.chrome.ChromeDriver
Capabilities {acceptInsecureCerts: false, browserName: chrome, browserVersion: 100.0.4896.127, chrome: {chromedriverVersion: 100.0.4896.60 (6a5d10861ce8..., userDataDir: C:\Users\RODGER~1\AppData\L...}, goog:chromeOptions: {debuggerAddress: localhost:58169}, javascriptEnabled: true, networkConnectionEnabled: false, pageLoadStrategy: normal, platform: WINDOWS, platformName: WINDOWS, proxy: Proxy(), setWindowRect: true, strictFileInteractability: false, timeouts: {implicit: 0, pageLoad: 300000, script: 30000}, unhandledPromptBehavior: dismiss and notify, webauthn:extension:credBlob: true, webauthn:extension:largeBlob: true, webauthn:virtualAuthenticators: true}
Session ID: 58ddc054b0dcaf7d0b0a22cf770f150b
*** Element info: {Using=css selector, value=.contact-item_card__2SOIM}
18:58:23.979 INFO  manager.MyListener - We have a 'fill In StackTrace' -- >org.openqa.selenium.WebDriverException: disconnected: not connected to DevTools
  (Session info: chrome=100.0.4896.127)
Build info: version: '3.141.59', revision: 'e82be7d358', time: '2018-11-14T08:17:03'
System info: host: 'LAPTOP-VKFDTO5N', ip: '127.0.0.1', os.name: 'Windows 10', os.arch: 'amd64', os.version: '10.0', java.version: '11.0.14'
Driver info: org.openqa.selenium.chrome.ChromeDriver
Capabilities {acceptInsecureCerts: false, browserName: chrome, browserVersion: 100.0.4896.127, chrome: {chromedriverVersion: 100.0.4896.60 (6a5d10861ce8..., userDataDir: C:\Users\RODGER~1\AppData\L...}, goog:chromeOptions: {debuggerAddress: localhost:58169}, javascriptEnabled: true, networkConnectionEnabled: false, pageLoadStrategy: normal, platform: WINDOWS, platformName: WINDOWS, proxy: Proxy(), setWindowRect: true, strictFileInteractability: false, timeouts: {implicit: 0, pageLoad: 300000, script: 30000}, unhandledPromptBehavior: dismiss and notify, webauthn:extension:credBlob: true, webauthn:extension:largeBlob: true, webauthn:virtualAuthenticators: true}
Session ID: 58ddc054b0dcaf7d0b0a22cf770f150b
*** Element info: {Using=css selector, value=.contact-item_card__2SOIM}
23:14:38.485 INFO  manager.MyListener - This is the link to screen with problem -->src/test/screenshots/screen-3503.png
