17:37:54.945 INFO  manager.ApplicationManager - The link is-->https://contacts-app.tobbymarshall815.vercel.app/home
17:37:55.281 INFO  tests.TestBase - Start test --->addNewContactSuccess
17:37:55.286 INFO  manager.MyListener - 'Start find' element ---> By.xpath: //*[text()='Sign Out']
17:38:00.375 INFO  manager.MyListener - The element with locator ---> By.xpath: //*[text()='Sign Out'] <--- was found
17:38:00.480 INFO  manager.MyListener - 'Start find' element ---> By.cssSelector: [href='/login']
17:38:00.520 INFO  manager.MyListener - The element with locator ---> By.cssSelector: [href='/login'] <--- was found
17:38:00.625 INFO  manager.MyListener - 'Start find' element ---> By.xpath: //input[1]
17:38:00.661 INFO  manager.MyListener - The element with locator ---> By.xpath: //input[1] <--- was found
17:38:00.875 INFO  manager.MyListener - 'Start find' element ---> By.xpath: //input[2]
17:38:00.899 INFO  manager.MyListener - The element with locator ---> By.xpath: //input[2] <--- was found
17:38:01.140 INFO  manager.MyListener - 'Start find' element ---> By.xpath: //*[text()=' Login']
17:38:01.175 INFO  manager.MyListener - The element with locator ---> By.xpath: //*[text()=' Login'] <--- was found
17:38:01.467 INFO  manager.MyListener - 'Start find' element ---> By.cssSelector: [href='/add']
17:38:01.926 INFO  manager.MyListener - The element with locator ---> By.cssSelector: [href='/add'] <--- was found
17:38:02.080 INFO  manager.MyListener - 'Start find' element ---> By.cssSelector: [placeholder='Name']
17:38:02.116 INFO  manager.MyListener - The element with locator ---> By.cssSelector: [placeholder='Name'] <--- was found
17:38:02.345 INFO  manager.MyListener - 'Start find' element ---> By.cssSelector: [placeholder='Last Name']
17:38:02.364 INFO  manager.MyListener - The element with locator ---> By.cssSelector: [placeholder='Last Name'] <--- was found
17:38:02.504 INFO  manager.MyListener - 'Start find' element ---> By.cssSelector: [placeholder='Phone']
17:38:02.532 INFO  manager.MyListener - The element with locator ---> By.cssSelector: [placeholder='Phone'] <--- was found
17:38:02.752 INFO  manager.MyListener - 'Start find' element ---> By.cssSelector: [placeholder='email']
17:38:02.781 INFO  manager.MyListener - The element with locator ---> By.cssSelector: [placeholder='email'] <--- was found
17:38:02.962 INFO  manager.MyListener - 'Start find' element ---> By.cssSelector: [placeholder='Address']
17:38:02.986 INFO  manager.MyListener - The element with locator ---> By.cssSelector: [placeholder='Address'] <--- was found
17:38:03.192 INFO  manager.MyListener - 'Start find' element ---> By.cssSelector: [placeholder='description']
17:38:03.220 INFO  manager.MyListener - The element with locator ---> By.cssSelector: [placeholder='description'] <--- was found
17:38:03.432 INFO  manager.MyListener - 'Start find' element ---> By.cssSelector: .add_form__2rsm2 button
17:38:03.457 INFO  manager.MyListener - The element with locator ---> By.cssSelector: .add_form__2rsm2 button <--- was found
17:38:08.586 INFO  manager.MyListener - We have a 'throwable' -- >element not interactable
  (Session info: chrome=100.0.4896.127)
Build info: version: '3.141.59', revision: 'e82be7d358', time: '2018-11-14T08:17:03'
System info: host: 'LAPTOP-VKFDTO5N', ip: '192.168.178.45', os.name: 'Windows 10', os.arch: 'amd64', os.version: '10.0', java.version: '11.0.14'
Driver info: org.openqa.selenium.chrome.ChromeDriver
Capabilities {acceptInsecureCerts: false, browserName: chrome, browserVersion: 100.0.4896.127, chrome: {chromedriverVersion: 100.0.4896.60 (6a5d10861ce8..., userDataDir: C:\Users\RODGER~1\AppData\L...}, goog:chromeOptions: {debuggerAddress: localhost:50173}, javascriptEnabled: true, networkConnectionEnabled: false, pageLoadStrategy: normal, platform: WINDOWS, platformName: WINDOWS, proxy: Proxy(), setWindowRect: true, strictFileInteractability: false, timeouts: {implicit: 0, pageLoad: 300000, script: 30000}, unhandledPromptBehavior: dismiss and notify, webauthn:extension:credBlob: true, webauthn:extension:largeBlob: true, webauthn:virtualAuthenticators: true}
Session ID: 88c361626fc67cf1468d361e33eddd61
17:38:08.591 INFO  manager.MyListener - We have a 'fill In StackTrace' -- >org.openqa.selenium.ElementNotInteractableException: element not interactable
  (Session info: chrome=100.0.4896.127)
Build info: version: '3.141.59', revision: 'e82be7d358', time: '2018-11-14T08:17:03'
System info: host: 'LAPTOP-VKFDTO5N', ip: '192.168.178.45', os.name: 'Windows 10', os.arch: 'amd64', os.version: '10.0', java.version: '11.0.14'
Driver info: org.openqa.selenium.chrome.ChromeDriver
Capabilities {acceptInsecureCerts: false, browserName: chrome, browserVersion: 100.0.4896.127, chrome: {chromedriverVersion: 100.0.4896.60 (6a5d10861ce8..., userDataDir: C:\Users\RODGER~1\AppData\L...}, goog:chromeOptions: {debuggerAddress: localhost:50173}, javascriptEnabled: true, networkConnectionEnabled: false, pageLoadStrategy: normal, platform: WINDOWS, platformName: WINDOWS, proxy: Proxy(), setWindowRect: true, strictFileInteractability: false, timeouts: {implicit: 0, pageLoad: 300000, script: 30000}, unhandledPromptBehavior: dismiss and notify, webauthn:extension:credBlob: true, webauthn:extension:largeBlob: true, webauthn:virtualAuthenticators: true}
Session ID: 88c361626fc67cf1468d361e33eddd61
17:38:11.505 INFO  manager.MyListener - This is the link to screen with problem -->src/test/screenshots/screen-2288.png
