18:13:39.754 INFO  manager.ApplicationManager - The link is-->https://contacts-app.tobbymarshall815.vercel.app/home
18:13:40.226 INFO  tests.TestBase - Start test --->removeOneContact
18:13:40.230 INFO  manager.MyListener - 'Start find' element ---> By.xpath: //*[text()='Sign Out']
18:13:45.305 INFO  manager.MyListener - The element with locator ---> By.xpath: //*[text()='Sign Out'] <--- was found
18:13:45.310 INFO  manager.MyListener - 'Start find' element ---> By.cssSelector: [href='/login']
18:13:45.368 INFO  manager.MyListener - The element with locator ---> By.cssSelector: [href='/login'] <--- was found
18:13:45.629 INFO  manager.MyListener - 'Start find' element ---> By.xpath: //input[1]
18:13:45.663 INFO  manager.MyListener - The element with locator ---> By.xpath: //input[1] <--- was found
18:13:46.644 INFO  manager.MyListener - 'Start find' element ---> By.xpath: //input[2]
18:13:46.671 INFO  manager.MyListener - The element with locator ---> By.xpath: //input[2] <--- was found
18:13:46.916 INFO  manager.MyListener - 'Start find' element ---> By.xpath: //*[text()=' Login']
18:13:46.968 INFO  manager.MyListener - The element with locator ---> By.xpath: //*[text()=' Login'] <--- was found
18:13:47.131 INFO  manager.MyListener - 'Start find' element ---> By.cssSelector: .contact-item_card__2SOIM
18:13:47.967 INFO  manager.MyListener - The element with locator ---> By.cssSelector: .contact-item_card__2SOIM <--- was found
18:13:47.969 INFO  manager.MyListener - 'Start find' element ---> By.cssSelector: .contact-item_card__2SOIM
18:13:48.010 INFO  manager.MyListener - The element with locator ---> By.cssSelector: .contact-item_card__2SOIM <--- was found
18:13:48.011 INFO  manager.MyListener - 'Start find' element ---> By.cssSelector: .contact-item_card__2SOIM
18:13:48.046 INFO  manager.MyListener - The element with locator ---> By.cssSelector: .contact-item_card__2SOIM <--- was found
18:13:48.144 INFO  manager.MyListener - 'Start find' element ---> By.xpath: //button[text()='Remove']
18:13:48.179 INFO  manager.MyListener - The element with locator ---> By.xpath: //button[text()='Remove'] <--- was found
18:13:48.241 INFO  manager.MyListener - 'Start find' element ---> By.cssSelector: .contact-item_card__2SOIM
18:13:48.272 INFO  manager.MyListener - The element with locator ---> By.cssSelector: .contact-item_card__2SOIM <--- was found
18:13:48.273 INFO  manager.MyListener - 'Start find' element ---> By.cssSelector: .contact-item_card__2SOIM
18:13:48.305 INFO  manager.MyListener - The element with locator ---> By.cssSelector: .contact-item_card__2SOIM <--- was found
18:13:48.307 INFO  manager.MyListener - 'Start find' element ---> By.cssSelector: .contact-item_card__2SOIM
18:13:48.349 INFO  manager.MyListener - The element with locator ---> By.cssSelector: .contact-item_card__2SOIM <--- was found
18:13:48.481 INFO  manager.MyListener - 'Start find' element ---> By.xpath: //button[text()='Remove']
18:13:48.521 INFO  manager.MyListener - The element with locator ---> By.xpath: //button[text()='Remove'] <--- was found
18:13:48.607 INFO  manager.MyListener - 'Start find' element ---> By.cssSelector: .contact-item_card__2SOIM
18:13:48.632 INFO  manager.MyListener - The element with locator ---> By.cssSelector: .contact-item_card__2SOIM <--- was found
18:13:48.633 INFO  manager.MyListener - 'Start find' element ---> By.cssSelector: .contact-item_card__2SOIM
18:13:48.663 INFO  manager.MyListener - The element with locator ---> By.cssSelector: .contact-item_card__2SOIM <--- was found
18:13:48.665 INFO  manager.MyListener - 'Start find' element ---> By.cssSelector: .contact-item_card__2SOIM
18:13:48.693 INFO  manager.MyListener - The element with locator ---> By.cssSelector: .contact-item_card__2SOIM <--- was found
18:13:48.758 INFO  manager.MyListener - 'Start find' element ---> By.xpath: //button[text()='Remove']
18:13:48.786 INFO  manager.MyListener - The element with locator ---> By.xpath: //button[text()='Remove'] <--- was found
18:13:49.130 INFO  manager.MyListener - We have a 'throwable' -- >stale element reference: element is not attached to the page document
  (Session info: chrome=100.0.4896.127)
For documentation on this error, please visit: https://www.seleniumhq.org/exceptions/stale_element_reference.html
Build info: version: '3.141.59', revision: 'e82be7d358', time: '2018-11-14T08:17:03'
System info: host: 'LAPTOP-VKFDTO5N', ip: '192.168.178.45', os.name: 'Windows 10', os.arch: 'amd64', os.version: '10.0', java.version: '11.0.14'
Driver info: org.openqa.selenium.chrome.ChromeDriver
Capabilities {acceptInsecureCerts: false, browserName: chrome, browserVersion: 100.0.4896.127, chrome: {chromedriverVersion: 100.0.4896.60 (6a5d10861ce8..., userDataDir: C:\Users\RODGER~1\AppData\L...}, goog:chromeOptions: {debuggerAddress: localhost:57693}, javascriptEnabled: true, networkConnectionEnabled: false, pageLoadStrategy: normal, platform: WINDOWS, platformName: WINDOWS, proxy: Proxy(), setWindowRect: true, strictFileInteractability: false, timeouts: {implicit: 0, pageLoad: 300000, script: 30000}, unhandledPromptBehavior: dismiss and notify, webauthn:extension:credBlob: true, webauthn:extension:largeBlob: true, webauthn:virtualAuthenticators: true}
Session ID: 113678a0998ac03d7a398491b1fae3f4
18:13:49.135 INFO  manager.MyListener - We have a 'fill In StackTrace' -- >org.openqa.selenium.StaleElementReferenceException: stale element reference: element is not attached to the page document
  (Session info: chrome=100.0.4896.127)
For documentation on this error, please visit: https://www.seleniumhq.org/exceptions/stale_element_reference.html
Build info: version: '3.141.59', revision: 'e82be7d358', time: '2018-11-14T08:17:03'
System info: host: 'LAPTOP-VKFDTO5N', ip: '192.168.178.45', os.name: 'Windows 10', os.arch: 'amd64', os.version: '10.0', java.version: '11.0.14'
Driver info: org.openqa.selenium.chrome.ChromeDriver
Capabilities {acceptInsecureCerts: false, browserName: chrome, browserVersion: 100.0.4896.127, chrome: {chromedriverVersion: 100.0.4896.60 (6a5d10861ce8..., userDataDir: C:\Users\RODGER~1\AppData\L...}, goog:chromeOptions: {debuggerAddress: localhost:57693}, javascriptEnabled: true, networkConnectionEnabled: false, pageLoadStrategy: normal, platform: WINDOWS, platformName: WINDOWS, proxy: Proxy(), setWindowRect: true, strictFileInteractability: false, timeouts: {implicit: 0, pageLoad: 300000, script: 30000}, unhandledPromptBehavior: dismiss and notify, webauthn:extension:credBlob: true, webauthn:extension:largeBlob: true, webauthn:virtualAuthenticators: true}
Session ID: 113678a0998ac03d7a398491b1fae3f4
18:13:59.233 INFO  manager.MyListener - This is the link to screen with problem -->src/test/screenshots/screen-829.png
