18:50:26.826 INFO  manager.ApplicationManager - The link is-->https://contacts-app.tobbymarshall815.vercel.app/home
18:50:26.893 INFO  tests.TestBase - Start test --->addNewContactSuccess
18:50:26.895 INFO  manager.MyListener - 'Start find' element ---> By.xpath: //*[text()='Sign Out']
18:50:31.949 INFO  manager.MyListener - The element with locator ---> By.xpath: //*[text()='Sign Out'] <--- was found
18:50:31.951 INFO  manager.MyListener - 'Start find' element ---> By.cssSelector: [href='/login']
18:50:31.977 INFO  manager.MyListener - The element with locator ---> By.cssSelector: [href='/login'] <--- was found
18:50:32.125 INFO  manager.MyListener - 'Start find' element ---> By.xpath: //input[1]
18:50:32.149 INFO  manager.MyListener - The element with locator ---> By.xpath: //input[1] <--- was found
18:50:32.301 INFO  manager.MyListener - 'Start find' element ---> By.xpath: //input[2]
18:50:32.317 INFO  manager.MyListener - The element with locator ---> By.xpath: //input[2] <--- was found
18:50:32.433 INFO  manager.MyListener - 'Start find' element ---> By.xpath: //*[text()=' Login']
18:50:32.456 INFO  manager.MyListener - The element with locator ---> By.xpath: //*[text()=' Login'] <--- was found
18:50:32.504 INFO  manager.MyListener - 'Start find' element ---> By.cssSelector: [href='/add']
18:50:33.085 INFO  manager.MyListener - The element with locator ---> By.cssSelector: [href='/add'] <--- was found
18:50:33.152 INFO  manager.MyListener - 'Start find' element ---> By.cssSelector: [placeholder='Name']
18:50:33.179 INFO  manager.MyListener - The element with locator ---> By.cssSelector: [placeholder='Name'] <--- was found
18:50:33.306 INFO  manager.MyListener - 'Start find' element ---> By.cssSelector: [placeholder='Last Name']
18:50:33.333 INFO  manager.MyListener - The element with locator ---> By.cssSelector: [placeholder='Last Name'] <--- was found
18:50:33.443 INFO  manager.MyListener - 'Start find' element ---> By.cssSelector: [placeholder='Phone']
18:50:33.469 INFO  manager.MyListener - The element with locator ---> By.cssSelector: [placeholder='Phone'] <--- was found
18:50:33.592 INFO  manager.MyListener - 'Start find' element ---> By.cssSelector: [placeholder='email']
18:50:33.611 INFO  manager.MyListener - The element with locator ---> By.cssSelector: [placeholder='email'] <--- was found
18:50:33.748 INFO  manager.MyListener - 'Start find' element ---> By.cssSelector: [placeholder='Address']
18:50:33.762 INFO  manager.MyListener - The element with locator ---> By.cssSelector: [placeholder='Address'] <--- was found
18:50:33.878 INFO  manager.MyListener - 'Start find' element ---> By.cssSelector: [placeholder='description']
18:50:33.902 INFO  manager.MyListener - The element with locator ---> By.cssSelector: [placeholder='description'] <--- was found
18:50:34.032 INFO  manager.MyListener - 'Start find' element ---> By.cssSelector: .add_form__2rsm2 button
18:50:34.046 INFO  manager.MyListener - The element with locator ---> By.cssSelector: .add_form__2rsm2 button <--- was found
18:50:39.146 INFO  manager.MyListener - We have a 'throwable' -- >element not interactable
  (Session info: chrome=100.0.4896.127)
Build info: version: '3.141.59', revision: 'e82be7d358', time: '2018-11-14T08:17:03'
System info: host: 'LAPTOP-VKFDTO5N', ip: '192.168.178.45', os.name: 'Windows 10', os.arch: 'amd64', os.version: '10.0', java.version: '11.0.14'
Driver info: org.openqa.selenium.chrome.ChromeDriver
Capabilities {acceptInsecureCerts: false, browserName: chrome, browserVersion: 100.0.4896.127, chrome: {chromedriverVersion: 100.0.4896.60 (6a5d10861ce8..., userDataDir: C:\Users\RODGER~1\AppData\L...}, goog:chromeOptions: {debuggerAddress: localhost:52163}, javascriptEnabled: true, networkConnectionEnabled: false, pageLoadStrategy: normal, platform: WINDOWS, platformName: WINDOWS, proxy: Proxy(), setWindowRect: true, strictFileInteractability: false, timeouts: {implicit: 0, pageLoad: 300000, script: 30000}, unhandledPromptBehavior: dismiss and notify, webauthn:extension:credBlob: true, webauthn:extension:largeBlob: true, webauthn:virtualAuthenticators: true}
Session ID: 846a73b16e8d8778adac283e79f6489f
18:50:39.147 INFO  manager.MyListener - We have a 'fill In StackTrace' -- >org.openqa.selenium.ElementNotInteractableException: element not interactable
  (Session info: chrome=100.0.4896.127)
Build info: version: '3.141.59', revision: 'e82be7d358', time: '2018-11-14T08:17:03'
System info: host: 'LAPTOP-VKFDTO5N', ip: '192.168.178.45', os.name: 'Windows 10', os.arch: 'amd64', os.version: '10.0', java.version: '11.0.14'
Driver info: org.openqa.selenium.chrome.ChromeDriver
Capabilities {acceptInsecureCerts: false, browserName: chrome, browserVersion: 100.0.4896.127, chrome: {chromedriverVersion: 100.0.4896.60 (6a5d10861ce8..., userDataDir: C:\Users\RODGER~1\AppData\L...}, goog:chromeOptions: {debuggerAddress: localhost:52163}, javascriptEnabled: true, networkConnectionEnabled: false, pageLoadStrategy: normal, platform: WINDOWS, platformName: WINDOWS, proxy: Proxy(), setWindowRect: true, strictFileInteractability: false, timeouts: {implicit: 0, pageLoad: 300000, script: 30000}, unhandledPromptBehavior: dismiss and notify, webauthn:extension:credBlob: true, webauthn:extension:largeBlob: true, webauthn:virtualAuthenticators: true}
Session ID: 846a73b16e8d8778adac283e79f6489f
18:50:40.447 INFO  manager.MyListener - This is the link to screen with problem -->src/test/screenshots/screen-3039.png
