23:56:21.629 INFO  manager.ApplicationManager - The link is-->https://contacts-app.tobbymarshall815.vercel.app/home
23:56:22.451 INFO  tests.TestBase - Start test --->addNewContactSuccessDataProviderCSV
23:56:22.455 INFO  manager.MyListener - 'Start find' element ---> By.xpath: //*[text()='Sign Out']
23:56:27.554 INFO  manager.MyListener - The element with locator ---> By.xpath: //*[text()='Sign Out'] <--- was found
23:56:27.588 INFO  manager.MyListener - 'Start find' element ---> By.cssSelector: [href='/login']
23:56:27.631 INFO  manager.MyListener - The element with locator ---> By.cssSelector: [href='/login'] <--- was found
23:56:28.002 INFO  manager.MyListener - 'Start find' element ---> By.xpath: //input[1]
23:56:28.022 INFO  manager.MyListener - The element with locator ---> By.xpath: //input[1] <--- was found
23:56:42.942 INFO  manager.MyListener - 'Start find' element ---> By.xpath: //input[2]
23:56:42.970 INFO  manager.MyListener - The element with locator ---> By.xpath: //input[2] <--- was found
23:56:43.119 INFO  manager.MyListener - 'Start find' element ---> By.xpath: //*[text()=' Login']
23:56:43.141 INFO  manager.MyListener - The element with locator ---> By.xpath: //*[text()=' Login'] <--- was found
23:56:43.197 INFO  manager.MyListener - 'Start find' element ---> By.cssSelector: [href='/add']
23:56:45.810 INFO  manager.MyListener - The element with locator ---> By.cssSelector: [href='/add'] <--- was found
23:56:45.866 INFO  manager.MyListener - 'Start find' element ---> By.cssSelector: [placeholder='Name']
23:56:45.888 INFO  manager.MyListener - The element with locator ---> By.cssSelector: [placeholder='Name'] <--- was found
23:56:46.009 INFO  manager.MyListener - 'Start find' element ---> By.cssSelector: [placeholder='Last Name']
23:56:46.022 INFO  manager.MyListener - The element with locator ---> By.cssSelector: [placeholder='Last Name'] <--- was found
23:56:46.151 INFO  manager.MyListener - 'Start find' element ---> By.cssSelector: [placeholder='Phone']
23:56:46.165 INFO  manager.MyListener - The element with locator ---> By.cssSelector: [placeholder='Phone'] <--- was found
23:56:46.291 INFO  manager.MyListener - 'Start find' element ---> By.cssSelector: [placeholder='email']
23:56:46.305 INFO  manager.MyListener - The element with locator ---> By.cssSelector: [placeholder='email'] <--- was found
23:56:46.434 INFO  manager.MyListener - 'Start find' element ---> By.cssSelector: [placeholder='Address']
23:56:46.463 INFO  manager.MyListener - The element with locator ---> By.cssSelector: [placeholder='Address'] <--- was found
23:56:46.572 INFO  manager.MyListener - 'Start find' element ---> By.cssSelector: [placeholder='description']
23:56:46.585 INFO  manager.MyListener - The element with locator ---> By.cssSelector: [placeholder='description'] <--- was found
23:56:48.268 INFO  manager.MyListener - 'Start find' element ---> By.cssSelector: b
23:56:48.283 INFO  manager.MyListener - The element with locator ---> By.cssSelector: b <--- was found
23:56:54.422 INFO  manager.MyListener - We have a 'throwable' -- >element not interactable
  (Session info: chrome=100.0.4896.127)
Build info: version: '3.141.59', revision: 'e82be7d358', time: '2018-11-14T08:17:03'
System info: host: 'LAPTOP-VKFDTO5N', ip: '192.168.178.45', os.name: 'Windows 10', os.arch: 'amd64', os.version: '10.0', java.version: '11.0.14'
Driver info: org.openqa.selenium.chrome.ChromeDriver
Capabilities {acceptInsecureCerts: false, browserName: chrome, browserVersion: 100.0.4896.127, chrome: {chromedriverVersion: 100.0.4896.60 (6a5d10861ce8..., userDataDir: C:\Users\RODGER~1\AppData\L...}, goog:chromeOptions: {debuggerAddress: localhost:58309}, javascriptEnabled: true, networkConnectionEnabled: false, pageLoadStrategy: normal, platform: WINDOWS, platformName: WINDOWS, proxy: Proxy(), setWindowRect: true, strictFileInteractability: false, timeouts: {implicit: 0, pageLoad: 300000, script: 30000}, unhandledPromptBehavior: dismiss and notify, webauthn:extension:credBlob: true, webauthn:extension:largeBlob: true, webauthn:virtualAuthenticators: true}
Session ID: 046b85744c025fb99be39886df986dcb
23:56:54.423 INFO  manager.MyListener - We have a 'fill In StackTrace' -- >org.openqa.selenium.ElementNotInteractableException: element not interactable
  (Session info: chrome=100.0.4896.127)
Build info: version: '3.141.59', revision: 'e82be7d358', time: '2018-11-14T08:17:03'
System info: host: 'LAPTOP-VKFDTO5N', ip: '192.168.178.45', os.name: 'Windows 10', os.arch: 'amd64', os.version: '10.0', java.version: '11.0.14'
Driver info: org.openqa.selenium.chrome.ChromeDriver
Capabilities {acceptInsecureCerts: false, browserName: chrome, browserVersion: 100.0.4896.127, chrome: {chromedriverVersion: 100.0.4896.60 (6a5d10861ce8..., userDataDir: C:\Users\RODGER~1\AppData\L...}, goog:chromeOptions: {debuggerAddress: localhost:58309}, javascriptEnabled: true, networkConnectionEnabled: false, pageLoadStrategy: normal, platform: WINDOWS, platformName: WINDOWS, proxy: Proxy(), setWindowRect: true, strictFileInteractability: false, timeouts: {implicit: 0, pageLoad: 300000, script: 30000}, unhandledPromptBehavior: dismiss and notify, webauthn:extension:credBlob: true, webauthn:extension:largeBlob: true, webauthn:virtualAuthenticators: true}
Session ID: 046b85744c025fb99be39886df986dcb
23:57:14.536 INFO  manager.MyListener - This is the link to screen with problem -->src/test/screenshots/screen-3414.png
23:57:14.540 INFO  tests.TestBase - Start test --->addNewContactSuccessDataProviderCSV
23:57:14.541 INFO  manager.MyListener - 'Start find' element ---> By.xpath: //*[text()='Sign Out']
23:57:14.560 INFO  manager.MyListener - The element with locator ---> By.xpath: //*[text()='Sign Out'] <--- was found
23:57:14.561 INFO  manager.MyListener - 'Start find' element ---> By.cssSelector: [href='/add']
23:57:14.584 INFO  manager.MyListener - The element with locator ---> By.cssSelector: [href='/add'] <--- was found
23:57:14.631 INFO  manager.MyListener - 'Start find' element ---> By.cssSelector: [placeholder='Name']
23:57:14.651 INFO  manager.MyListener - The element with locator ---> By.cssSelector: [placeholder='Name'] <--- was found
23:57:14.838 INFO  manager.MyListener - 'Start find' element ---> By.cssSelector: [placeholder='Last Name']
23:57:14.849 INFO  manager.MyListener - The element with locator ---> By.cssSelector: [placeholder='Last Name'] <--- was found
23:57:14.978 INFO  manager.MyListener - 'Start find' element ---> By.cssSelector: [placeholder='Phone']
23:57:14.990 INFO  manager.MyListener - The element with locator ---> By.cssSelector: [placeholder='Phone'] <--- was found
23:57:15.131 INFO  manager.MyListener - 'Start find' element ---> By.cssSelector: [placeholder='email']
23:57:15.146 INFO  manager.MyListener - The element with locator ---> By.cssSelector: [placeholder='email'] <--- was found
23:57:15.271 INFO  manager.MyListener - 'Start find' element ---> By.cssSelector: [placeholder='Address']
23:57:15.293 INFO  manager.MyListener - The element with locator ---> By.cssSelector: [placeholder='Address'] <--- was found
23:57:15.417 INFO  manager.MyListener - 'Start find' element ---> By.cssSelector: [placeholder='description']
23:57:15.426 INFO  manager.MyListener - The element with locator ---> By.cssSelector: [placeholder='description'] <--- was found
23:57:15.540 INFO  manager.MyListener - 'Start find' element ---> By.cssSelector: b
23:57:15.550 INFO  manager.MyListener - The element with locator ---> By.cssSelector: b <--- was found
23:57:17.105 INFO  manager.MyListener - 'Start find' element ---> By.cssSelector: h2
23:57:17.497 INFO  manager.MyListener - The element with locator ---> By.cssSelector: h2 <--- was found
