23:18:28.286 INFO  manager.ApplicationManager - The link is-->https://contacts-app.tobbymarshall815.vercel.app/home
23:18:28.325 INFO  tests.TestBase - Start test --->addNewContactSuccess
23:18:28.328 INFO  manager.MyListener - 'Start find' element ---> By.xpath: //*[text()='Sign Out']
23:18:33.367 INFO  manager.MyListener - The element with locator ---> By.xpath: //*[text()='Sign Out'] <--- was found
23:18:33.369 INFO  manager.MyListener - 'Start find' element ---> By.cssSelector: [href='/login']
23:18:33.398 INFO  manager.MyListener - The element with locator ---> By.cssSelector: [href='/login'] <--- was found
23:18:33.481 INFO  manager.MyListener - 'Start find' element ---> By.xpath: //input[1]
23:18:33.507 INFO  manager.MyListener - The element with locator ---> By.xpath: //input[1] <--- was found
23:18:33.640 INFO  manager.MyListener - 'Start find' element ---> By.xpath: //input[2]
23:18:33.670 INFO  manager.MyListener - The element with locator ---> By.xpath: //input[2] <--- was found
23:18:33.794 INFO  manager.MyListener - 'Start find' element ---> By.xpath: //*[text()=' Login']
23:18:33.821 INFO  manager.MyListener - The element with locator ---> By.xpath: //*[text()=' Login'] <--- was found
23:18:33.863 INFO  manager.MyListener - 'Start find' element ---> By.cssSelector: [href='/add']
23:18:34.255 INFO  manager.MyListener - The element with locator ---> By.cssSelector: [href='/add'] <--- was found
23:18:34.311 INFO  manager.MyListener - 'Start find' element ---> By.cssSelector: [placeholder='Name']
23:18:34.337 INFO  manager.MyListener - The element with locator ---> By.cssSelector: [placeholder='Name'] <--- was found
23:18:34.450 INFO  manager.MyListener - 'Start find' element ---> By.cssSelector: [placeholder='Last Name']
23:18:34.477 INFO  manager.MyListener - The element with locator ---> By.cssSelector: [placeholder='Last Name'] <--- was found
23:18:34.585 INFO  manager.MyListener - 'Start find' element ---> By.cssSelector: [placeholder='Phone']
23:18:34.604 INFO  manager.MyListener - The element with locator ---> By.cssSelector: [placeholder='Phone'] <--- was found
23:18:34.722 INFO  manager.MyListener - 'Start find' element ---> By.cssSelector: [placeholder='email']
23:18:34.743 INFO  manager.MyListener - The element with locator ---> By.cssSelector: [placeholder='email'] <--- was found
23:18:34.871 INFO  manager.MyListener - 'Start find' element ---> By.cssSelector: [placeholder='Address']
23:18:34.887 INFO  manager.MyListener - The element with locator ---> By.cssSelector: [placeholder='Address'] <--- was found
23:18:34.998 INFO  manager.MyListener - 'Start find' element ---> By.cssSelector: [placeholder='description']
23:18:35.014 INFO  manager.MyListener - The element with locator ---> By.cssSelector: [placeholder='description'] <--- was found
23:18:35.136 INFO  manager.MyListener - 'Start find' element ---> By.cssSelector: .add_form__2rsm2 button
23:18:35.154 INFO  manager.MyListener - The element with locator ---> By.cssSelector: .add_form__2rsm2 button <--- was found
23:18:40.241 INFO  manager.MyListener - We have a 'throwable' -- >element not interactable
  (Session info: chrome=100.0.4896.127)
Build info: version: '3.141.59', revision: 'e82be7d358', time: '2018-11-14T08:17:03'
System info: host: 'LAPTOP-VKFDTO5N', ip: '192.168.178.45', os.name: 'Windows 10', os.arch: 'amd64', os.version: '10.0', java.version: '11.0.14'
Driver info: org.openqa.selenium.chrome.ChromeDriver
Capabilities {acceptInsecureCerts: false, browserName: chrome, browserVersion: 100.0.4896.127, chrome: {chromedriverVersion: 100.0.4896.60 (6a5d10861ce8..., userDataDir: C:\Users\RODGER~1\AppData\L...}, goog:chromeOptions: {debuggerAddress: localhost:64888}, javascriptEnabled: true, networkConnectionEnabled: false, pageLoadStrategy: normal, platform: WINDOWS, platformName: WINDOWS, proxy: Proxy(), setWindowRect: true, strictFileInteractability: false, timeouts: {implicit: 0, pageLoad: 300000, script: 30000}, unhandledPromptBehavior: dismiss and notify, webauthn:extension:credBlob: true, webauthn:extension:largeBlob: true, webauthn:virtualAuthenticators: true}
Session ID: 42e3ad19abebbc0878f9b252b4b2ca3e
23:18:40.243 INFO  manager.MyListener - We have a 'fill In StackTrace' -- >org.openqa.selenium.ElementNotInteractableException: element not interactable
  (Session info: chrome=100.0.4896.127)
Build info: version: '3.141.59', revision: 'e82be7d358', time: '2018-11-14T08:17:03'
System info: host: 'LAPTOP-VKFDTO5N', ip: '192.168.178.45', os.name: 'Windows 10', os.arch: 'amd64', os.version: '10.0', java.version: '11.0.14'
Driver info: org.openqa.selenium.chrome.ChromeDriver
Capabilities {acceptInsecureCerts: false, browserName: chrome, browserVersion: 100.0.4896.127, chrome: {chromedriverVersion: 100.0.4896.60 (6a5d10861ce8..., userDataDir: C:\Users\RODGER~1\AppData\L...}, goog:chromeOptions: {debuggerAddress: localhost:64888}, javascriptEnabled: true, networkConnectionEnabled: false, pageLoadStrategy: normal, platform: WINDOWS, platformName: WINDOWS, proxy: Proxy(), setWindowRect: true, strictFileInteractability: false, timeouts: {implicit: 0, pageLoad: 300000, script: 30000}, unhandledPromptBehavior: dismiss and notify, webauthn:extension:credBlob: true, webauthn:extension:largeBlob: true, webauthn:virtualAuthenticators: true}
Session ID: 42e3ad19abebbc0878f9b252b4b2ca3e
23:18:40.667 INFO  manager.MyListener - This is the link to screen with problem -->src/test/screenshots/screen-1120.png
