23:41:06.498 INFO  manager.ApplicationManager - The link is-->https://contacts-app.tobbymarshall815.vercel.app/home
23:41:06.583 INFO  tests.TestBase - Start test --->removeOneContact
23:41:06.587 INFO  manager.MyListener - 'Start find' element ---> By.xpath: //*[text()='Sign Out']
23:41:11.671 INFO  manager.MyListener - The element with locator ---> By.xpath: //*[text()='Sign Out'] <--- was found
23:41:11.682 INFO  manager.MyListener - 'Start find' element ---> By.cssSelector: [href='/login']
23:41:11.754 INFO  manager.MyListener - The element with locator ---> By.cssSelector: [href='/login'] <--- was found
23:41:11.924 INFO  manager.MyListener - 'Start find' element ---> By.xpath: //input[1]
23:41:11.967 INFO  manager.MyListener - The element with locator ---> By.xpath: //input[1] <--- was found
23:41:12.180 INFO  manager.MyListener - 'Start find' element ---> By.xpath: //input[2]
23:41:12.208 INFO  manager.MyListener - The element with locator ---> By.xpath: //input[2] <--- was found
23:41:12.434 INFO  manager.MyListener - 'Start find' element ---> By.xpath: //*[text()=' Login']
23:41:12.474 INFO  manager.MyListener - The element with locator ---> By.xpath: //*[text()=' Login'] <--- was found
23:41:12.579 INFO  manager.MyListener - 'Start find' element ---> By.cssSelector: .contact-item_card__2SOIM
23:41:17.647 INFO  manager.MyListener - The element with locator ---> By.cssSelector: .contact-item_card__2SOIM <--- was found
23:41:17.647 INFO  manager.MyListener - 'Start find' element ---> By.cssSelector: .contact-item_card__2SOIM
23:41:22.679 INFO  manager.MyListener - The element with locator ---> By.cssSelector: .contact-item_card__2SOIM <--- was found
23:41:22.680 INFO  manager.MyListener - 'Start find' element ---> By.cssSelector: .contact-item_card__2SOIM
23:41:27.708 INFO  manager.MyListener - The element with locator ---> By.cssSelector: .contact-item_card__2SOIM <--- was found
23:41:27.708 INFO  manager.MyListener - 'Start find' element ---> By.cssSelector: .contact-item_card__2SOIM
23:41:32.762 INFO  manager.MyListener - The element with locator ---> By.cssSelector: .contact-item_card__2SOIM <--- was found
23:41:32.763 INFO  manager.MyListener - 'Start find' element ---> By.cssSelector: .contact-item_card__2SOIM
23:41:37.844 INFO  manager.MyListener - The element with locator ---> By.cssSelector: .contact-item_card__2SOIM <--- was found
23:41:37.845 INFO  manager.MyListener - 'Start find' element ---> By.cssSelector: .contact-item_card__2SOIM
23:41:42.916 INFO  manager.MyListener - The element with locator ---> By.cssSelector: .contact-item_card__2SOIM <--- was found
23:41:42.917 INFO  manager.MyListener - 'Start find' element ---> By.cssSelector: .contact-item_card__2SOIM
23:41:47.961 INFO  manager.MyListener - The element with locator ---> By.cssSelector: .contact-item_card__2SOIM <--- was found
23:41:47.963 INFO  manager.MyListener - 'Start find' element ---> By.cssSelector: .contact-item_card__2SOIM
23:41:53.004 INFO  manager.MyListener - The element with locator ---> By.cssSelector: .contact-item_card__2SOIM <--- was found
23:41:53.005 INFO  manager.MyListener - 'Start find' element ---> By.cssSelector: .contact-item_card__2SOIM
23:41:58.070 INFO  manager.MyListener - The element with locator ---> By.cssSelector: .contact-item_card__2SOIM <--- was found
23:41:58.071 INFO  manager.MyListener - 'Start find' element ---> By.cssSelector: .contact-item_card__2SOIM
23:42:03.105 INFO  manager.MyListener - The element with locator ---> By.cssSelector: .contact-item_card__2SOIM <--- was found
23:42:03.108 INFO  manager.MyListener - 'Start find' element ---> By.cssSelector: .contact-item_card__2SOIM
23:42:08.141 INFO  manager.MyListener - The element with locator ---> By.cssSelector: .contact-item_card__2SOIM <--- was found
23:42:08.143 INFO  manager.MyListener - 'Start find' element ---> By.cssSelector: .contact-item_card__2SOIM
23:42:13.187 INFO  manager.MyListener - The element with locator ---> By.cssSelector: .contact-item_card__2SOIM <--- was found
23:42:13.188 INFO  manager.MyListener - 'Start find' element ---> By.cssSelector: .contact-item_card__2SOIM
23:42:18.244 INFO  manager.MyListener - The element with locator ---> By.cssSelector: .contact-item_card__2SOIM <--- was found
23:42:18.245 INFO  manager.MyListener - 'Start find' element ---> By.cssSelector: .contact-item_card__2SOIM
23:42:23.284 INFO  manager.MyListener - The element with locator ---> By.cssSelector: .contact-item_card__2SOIM <--- was found
23:42:23.285 INFO  manager.MyListener - 'Start find' element ---> By.cssSelector: .contact-item_card__2SOIM
23:42:24.145 INFO  manager.MyListener - The element with locator ---> By.cssSelector: .contact-item_card__2SOIM <--- was found
23:42:24.147 INFO  manager.MyListener - 'Start find' element ---> By.cssSelector: .contact-item_card__2SOIM
23:42:24.179 INFO  manager.MyListener - The element with locator ---> By.cssSelector: .contact-item_card__2SOIM <--- was found
23:42:24.180 INFO  manager.MyListener - 'Start find' element ---> By.cssSelector: .contact-item_card__2SOIM
23:42:24.226 INFO  manager.MyListener - The element with locator ---> By.cssSelector: .contact-item_card__2SOIM <--- was found
23:42:24.367 INFO  manager.MyListener - 'Start find' element ---> By.xpath: //button[text()='Remove']
23:42:24.417 INFO  manager.MyListener - The element with locator ---> By.xpath: //button[text()='Remove'] <--- was found
23:42:25.051 INFO  manager.MyListener - 'Start find' element ---> By.cssSelector: .contact-item_card__2SOIM
23:42:30.136 INFO  manager.MyListener - The element with locator ---> By.cssSelector: .contact-item_card__2SOIM <--- was found
23:42:30.137 INFO  manager.MyListener - 'Start find' element ---> By.cssSelector: .contact-item_card__2SOIM
23:42:32.513 INFO  manager.MyListener - The element with locator ---> By.cssSelector: .contact-item_card__2SOIM <--- was found
23:42:32.514 INFO  manager.MyListener - 'Start find' element ---> By.cssSelector: .contact-item_card__2SOIM
23:42:32.661 INFO  manager.MyListener - We have a 'throwable' -- >no such window: target window already closed
from unknown error: web view not found
  (Session info: chrome=100.0.4896.127)
Build info: version: '3.141.59', revision: 'e82be7d358', time: '2018-11-14T08:17:03'
System info: host: 'LAPTOP-VKFDTO5N', ip: '192.168.178.45', os.name: 'Windows 10', os.arch: 'amd64', os.version: '10.0', java.version: '11.0.14'
Driver info: org.openqa.selenium.chrome.ChromeDriver
Capabilities {acceptInsecureCerts: false, browserName: chrome, browserVersion: 100.0.4896.127, chrome: {chromedriverVersion: 100.0.4896.60 (6a5d10861ce8..., userDataDir: C:\Users\RODGER~1\AppData\L...}, goog:chromeOptions: {debuggerAddress: localhost:63410}, javascriptEnabled: true, networkConnectionEnabled: false, pageLoadStrategy: normal, platform: WINDOWS, platformName: WINDOWS, proxy: Proxy(), setWindowRect: true, strictFileInteractability: false, timeouts: {implicit: 0, pageLoad: 300000, script: 30000}, unhandledPromptBehavior: dismiss and notify, webauthn:extension:credBlob: true, webauthn:extension:largeBlob: true, webauthn:virtualAuthenticators: true}
Session ID: 20336ce7002713cf2d8262b4c82cf89b
*** Element info: {Using=css selector, value=.contact-item_card__2SOIM}
23:42:32.663 INFO  manager.MyListener - We have a 'fill In StackTrace' -- >org.openqa.selenium.NoSuchWindowException: no such window: target window already closed
from unknown error: web view not found
  (Session info: chrome=100.0.4896.127)
Build info: version: '3.141.59', revision: 'e82be7d358', time: '2018-11-14T08:17:03'
System info: host: 'LAPTOP-VKFDTO5N', ip: '192.168.178.45', os.name: 'Windows 10', os.arch: 'amd64', os.version: '10.0', java.version: '11.0.14'
Driver info: org.openqa.selenium.chrome.ChromeDriver
Capabilities {acceptInsecureCerts: false, browserName: chrome, browserVersion: 100.0.4896.127, chrome: {chromedriverVersion: 100.0.4896.60 (6a5d10861ce8..., userDataDir: C:\Users\RODGER~1\AppData\L...}, goog:chromeOptions: {debuggerAddress: localhost:63410}, javascriptEnabled: true, networkConnectionEnabled: false, pageLoadStrategy: normal, platform: WINDOWS, platformName: WINDOWS, proxy: Proxy(), setWindowRect: true, strictFileInteractability: false, timeouts: {implicit: 0, pageLoad: 300000, script: 30000}, unhandledPromptBehavior: dismiss and notify, webauthn:extension:credBlob: true, webauthn:extension:largeBlob: true, webauthn:virtualAuthenticators: true}
Session ID: 20336ce7002713cf2d8262b4c82cf89b
*** Element info: {Using=css selector, value=.contact-item_card__2SOIM}
